<?xml version="1.0" encoding="UTF-8"?>
<testng-results skipped="0" failed="0" total="255" passed="255">
  <reporter-output>
  </reporter-output>
  <suite name="Command line suite" duration-ms="170" started-at="2013-12-23T11:46:10Z" finished-at="2013-12-23T11:46:10Z">
    <groups>
      <group name="unit">
        <method signature="Color4bTest.testBasicConstruction()[pri:0, instance:org.j3d.color.Color4bTest@16503677]" name="testBasicConstruction" class="org.j3d.color.Color4bTest"/>
        <method signature="Color4bTest.testEquals([Ljava.lang.Byte;, [Ljava.lang.Byte;, boolean)[pri:0, instance:org.j3d.color.Color4bTest@16503677]" name="testEquals" class="org.j3d.color.Color4bTest"/>
        <method signature="Color4bTest.testHashCode()[pri:0, instance:org.j3d.color.Color4bTest@16503677]" name="testHashCode" class="org.j3d.color.Color4bTest"/>
        <method signature="Color4bTest.testNotEqualsToOther()[pri:0, instance:org.j3d.color.Color4bTest@16503677]" name="testNotEqualsToOther" class="org.j3d.color.Color4bTest"/>
        <method signature="Color4bTest.testSet()[pri:0, instance:org.j3d.color.Color4bTest@16503677]" name="testSet" class="org.j3d.color.Color4bTest"/>
        <method signature="Color4fTest.testBasicConstruction()[pri:0, instance:org.j3d.color.Color4fTest@5a472c8d]" name="testBasicConstruction" class="org.j3d.color.Color4fTest"/>
        <method signature="Color4fTest.testEquals([Ljava.lang.Float;, [Ljava.lang.Float;, boolean)[pri:0, instance:org.j3d.color.Color4fTest@5a472c8d]" name="testEquals" class="org.j3d.color.Color4fTest"/>
        <method signature="Color4fTest.testHashCode()[pri:0, instance:org.j3d.color.Color4fTest@5a472c8d]" name="testHashCode" class="org.j3d.color.Color4fTest"/>
        <method signature="Color4fTest.testNotEqualsToOther()[pri:0, instance:org.j3d.color.Color4fTest@5a472c8d]" name="testNotEqualsToOther" class="org.j3d.color.Color4fTest"/>
        <method signature="Color4fTest.testSet()[pri:0, instance:org.j3d.color.Color4fTest@5a472c8d]" name="testSet" class="org.j3d.color.Color4fTest"/>
        <method signature="Coordinate2DInterpolatorTest.testClamping()[pri:0, instance:org.j3d.util.interpolator.Coordinate2DInterpolatorTest@78189538]" name="testClamping" class="org.j3d.util.interpolator.Coordinate2DInterpolatorTest"/>
        <method signature="Coordinate2DInterpolatorTest.testCreateFloat()[pri:0, instance:org.j3d.util.interpolator.Coordinate2DInterpolatorTest@78189538]" name="testCreateFloat" class="org.j3d.util.interpolator.Coordinate2DInterpolatorTest"/>
        <method signature="Coordinate2DInterpolatorTest.testInvalidInsertLessThan2Values()[pri:0, instance:org.j3d.util.interpolator.Coordinate2DInterpolatorTest@78189538]" name="testInvalidInsertLessThan2Values" class="org.j3d.util.interpolator.Coordinate2DInterpolatorTest"/>
        <method signature="Coordinate2DInterpolatorTest.testInvalidInsertNotMult2()[pri:0, instance:org.j3d.util.interpolator.Coordinate2DInterpolatorTest@78189538]" name="testInvalidInsertNotMult2" class="org.j3d.util.interpolator.Coordinate2DInterpolatorTest"/>
        <method signature="Coordinate2DInterpolatorTest.testInvalidInsertNullValues()[pri:0, instance:org.j3d.util.interpolator.Coordinate2DInterpolatorTest@78189538]" name="testInvalidInsertNullValues" class="org.j3d.util.interpolator.Coordinate2DInterpolatorTest"/>
        <method signature="Coordinate2DInterpolatorTest.testInvalidInsertZeroLengthValues()[pri:0, instance:org.j3d.util.interpolator.Coordinate2DInterpolatorTest@78189538]" name="testInvalidInsertZeroLengthValues" class="org.j3d.util.interpolator.Coordinate2DInterpolatorTest"/>
        <method signature="Coordinate2DInterpolatorTest.testKeyGenFloat()[pri:0, instance:org.j3d.util.interpolator.Coordinate2DInterpolatorTest@78189538]" name="testKeyGenFloat" class="org.j3d.util.interpolator.Coordinate2DInterpolatorTest"/>
        <method signature="Coordinate2DInterpolatorTest.testValueInsertFloat()[pri:0, instance:org.j3d.util.interpolator.Coordinate2DInterpolatorTest@78189538]" name="testValueInsertFloat" class="org.j3d.util.interpolator.Coordinate2DInterpolatorTest"/>
        <method signature="CoordinateInterpolatorTest.testClamping()[pri:0, instance:org.j3d.util.interpolator.CoordinateInterpolatorTest@76be0b48]" name="testClamping" class="org.j3d.util.interpolator.CoordinateInterpolatorTest"/>
        <method signature="CoordinateInterpolatorTest.testCreateFloat()[pri:0, instance:org.j3d.util.interpolator.CoordinateInterpolatorTest@76be0b48]" name="testCreateFloat" class="org.j3d.util.interpolator.CoordinateInterpolatorTest"/>
        <method signature="CoordinateInterpolatorTest.testInvalidInsertLessThan3Values()[pri:0, instance:org.j3d.util.interpolator.CoordinateInterpolatorTest@76be0b48]" name="testInvalidInsertLessThan3Values" class="org.j3d.util.interpolator.CoordinateInterpolatorTest"/>
        <method signature="CoordinateInterpolatorTest.testInvalidInsertNotMutl3()[pri:0, instance:org.j3d.util.interpolator.CoordinateInterpolatorTest@76be0b48]" name="testInvalidInsertNotMutl3" class="org.j3d.util.interpolator.CoordinateInterpolatorTest"/>
        <method signature="CoordinateInterpolatorTest.testInvalidInsertNullValues()[pri:0, instance:org.j3d.util.interpolator.CoordinateInterpolatorTest@76be0b48]" name="testInvalidInsertNullValues" class="org.j3d.util.interpolator.CoordinateInterpolatorTest"/>
        <method signature="CoordinateInterpolatorTest.testInvalidInsertZeroLengthValues()[pri:0, instance:org.j3d.util.interpolator.CoordinateInterpolatorTest@76be0b48]" name="testInvalidInsertZeroLengthValues" class="org.j3d.util.interpolator.CoordinateInterpolatorTest"/>
        <method signature="CoordinateInterpolatorTest.testKeyGenFloat()[pri:0, instance:org.j3d.util.interpolator.CoordinateInterpolatorTest@76be0b48]" name="testKeyGenFloat" class="org.j3d.util.interpolator.CoordinateInterpolatorTest"/>
        <method signature="CoordinateInterpolatorTest.testValueInsertFloat()[pri:0, instance:org.j3d.util.interpolator.CoordinateInterpolatorTest@76be0b48]" name="testValueInsertFloat" class="org.j3d.util.interpolator.CoordinateInterpolatorTest"/>
        <method signature="I18nManagerTest.testAddResourceNoAppSet()[pri:0, instance:org.j3d.util.I18nManagerTest@4d1b6341]" name="testAddResourceNoAppSet" class="org.j3d.util.I18nManagerTest"/>
        <method signature="I18nManagerTest.testBasicSetup()[pri:0, instance:org.j3d.util.I18nManagerTest@4d1b6341]" name="testBasicSetup" class="org.j3d.util.I18nManagerTest"/>
        <method signature="I18nManagerTest.testClearSettings()[pri:0, instance:org.j3d.util.I18nManagerTest@4d1b6341]" name="testClearSettings" class="org.j3d.util.I18nManagerTest"/>
        <method signature="I18nManagerTest.testChangeLocale()[pri:0, instance:org.j3d.util.I18nManagerTest@4d1b6341]" name="testChangeLocale" class="org.j3d.util.I18nManagerTest"/>
        <method signature="I18nManagerTest.testInvalidCountryLength()[pri:0, instance:org.j3d.util.I18nManagerTest@4d1b6341]" name="testInvalidCountryLength" class="org.j3d.util.I18nManagerTest"/>
        <method signature="I18nManagerTest.testInvalidLanguage()[pri:0, instance:org.j3d.util.I18nManagerTest@4d1b6341]" name="testInvalidLanguage" class="org.j3d.util.I18nManagerTest"/>
        <method signature="I18nManagerTest.testMultiFileResourceHandling()[pri:0, instance:org.j3d.util.I18nManagerTest@4d1b6341]" name="testMultiFileResourceHandling" class="org.j3d.util.I18nManagerTest"/>
        <method signature="I18nManagerTest.testSetLanguage()[pri:0, instance:org.j3d.util.I18nManagerTest@4d1b6341]" name="testSetLanguage" class="org.j3d.util.I18nManagerTest"/>
        <method signature="I18nManagerTest.testSetCountry()[pri:0, instance:org.j3d.util.I18nManagerTest@4d1b6341]" name="testSetCountry" class="org.j3d.util.I18nManagerTest"/>
        <method signature="Matrix4dTest.testBasicConstruction()[pri:0, instance:org.j3d.maths.vector.Matrix4dTest@5ab6e2e3]" name="testBasicConstruction" class="org.j3d.maths.vector.Matrix4dTest"/>
        <method signature="Matrix4dTest.testClear()[pri:0, instance:org.j3d.maths.vector.Matrix4dTest@5ab6e2e3]" name="testClear" class="org.j3d.maths.vector.Matrix4dTest"/>
        <method signature="Matrix4dTest.testEmptyMatrixDeterminant()[pri:0, instance:org.j3d.maths.vector.Matrix4dTest@5ab6e2e3]" name="testEmptyMatrixDeterminant" class="org.j3d.maths.vector.Matrix4dTest"/>
        <method signature="Matrix4dTest.testEquals([Ljava.lang.Double;, [Ljava.lang.Double;, boolean)[pri:0, instance:org.j3d.maths.vector.Matrix4dTest@5ab6e2e3]" name="testEquals" class="org.j3d.maths.vector.Matrix4dTest"/>
        <method signature="Matrix4dTest.testHashCode()[pri:0, instance:org.j3d.maths.vector.Matrix4dTest@5ab6e2e3]" name="testHashCode" class="org.j3d.maths.vector.Matrix4dTest"/>
        <method signature="Matrix4dTest.testIdentityMatrixDeterminant()[pri:0, instance:org.j3d.maths.vector.Matrix4dTest@5ab6e2e3]" name="testIdentityMatrixDeterminant" class="org.j3d.maths.vector.Matrix4dTest"/>
        <method signature="Matrix4dTest.testMatrixDeterminant()[pri:0, instance:org.j3d.maths.vector.Matrix4dTest@5ab6e2e3]" name="testMatrixDeterminant" class="org.j3d.maths.vector.Matrix4dTest"/>
        <method signature="Matrix4dTest.testMulMatrix1Null()[pri:0, instance:org.j3d.maths.vector.Matrix4dTest@5ab6e2e3]" name="testMulMatrix1Null" class="org.j3d.maths.vector.Matrix4dTest"/>
        <method signature="Matrix4dTest.testMulMatrix2Null()[pri:0, instance:org.j3d.maths.vector.Matrix4dTest@5ab6e2e3]" name="testMulMatrix2Null" class="org.j3d.maths.vector.Matrix4dTest"/>
        <method signature="Matrix4dTest.testNotEqualsToOther()[pri:0, instance:org.j3d.maths.vector.Matrix4dTest@5ab6e2e3]" name="testNotEqualsToOther" class="org.j3d.maths.vector.Matrix4dTest"/>
        <method signature="Matrix4dTest.testSet()[pri:0, instance:org.j3d.maths.vector.Matrix4dTest@5ab6e2e3]" name="testSet" class="org.j3d.maths.vector.Matrix4dTest"/>
        <method signature="Matrix4dTest.testSetAxisAngleWithNull()[pri:0, instance:org.j3d.maths.vector.Matrix4dTest@5ab6e2e3]" name="testSetAxisAngleWithNull" class="org.j3d.maths.vector.Matrix4dTest"/>
        <method signature="Matrix4dTest.testSetAxisAngleZeroLength()[pri:0, instance:org.j3d.maths.vector.Matrix4dTest@5ab6e2e3]" name="testSetAxisAngleZeroLength" class="org.j3d.maths.vector.Matrix4dTest"/>
        <method signature="Matrix4dTest.testSetIdentity()[pri:0, instance:org.j3d.maths.vector.Matrix4dTest@5ab6e2e3]" name="testSetIdentity" class="org.j3d.maths.vector.Matrix4dTest"/>
        <method signature="Matrix4dTest.testMul()[pri:0, instance:org.j3d.maths.vector.Matrix4dTest@5ab6e2e3]" name="testMul" class="org.j3d.maths.vector.Matrix4dTest"/>
        <method signature="Matrix4dTest.testMulIdentity()[pri:0, instance:org.j3d.maths.vector.Matrix4dTest@5ab6e2e3]" name="testMulIdentity" class="org.j3d.maths.vector.Matrix4dTest"/>
        <method signature="Matrix4dTest.testMulWithSelf()[pri:0, instance:org.j3d.maths.vector.Matrix4dTest@5ab6e2e3]" name="testMulWithSelf" class="org.j3d.maths.vector.Matrix4dTest"/>
        <method signature="Matrix4dTest.testSetMatrixWithNull()[pri:0, instance:org.j3d.maths.vector.Matrix4dTest@5ab6e2e3]" name="testSetMatrixWithNull" class="org.j3d.maths.vector.Matrix4dTest"/>
        <method signature="Matrix4dTest.testSetScale()[pri:0, instance:org.j3d.maths.vector.Matrix4dTest@5ab6e2e3]" name="testSetScale" class="org.j3d.maths.vector.Matrix4dTest"/>
        <method signature="Matrix4dTest.testSetVector3()[pri:0, instance:org.j3d.maths.vector.Matrix4dTest@5ab6e2e3]" name="testSetVector3" class="org.j3d.maths.vector.Matrix4dTest"/>
        <method signature="Matrix4dTest.testSetVector3WithNull()[pri:0, instance:org.j3d.maths.vector.Matrix4dTest@5ab6e2e3]" name="testSetVector3WithNull" class="org.j3d.maths.vector.Matrix4dTest"/>
        <method signature="Matrix4dTest.testSetVector4()[pri:0, instance:org.j3d.maths.vector.Matrix4dTest@5ab6e2e3]" name="testSetVector4" class="org.j3d.maths.vector.Matrix4dTest"/>
        <method signature="Matrix4dTest.testSetVector4WithNull()[pri:0, instance:org.j3d.maths.vector.Matrix4dTest@5ab6e2e3]" name="testSetVector4WithNull" class="org.j3d.maths.vector.Matrix4dTest"/>
        <method signature="Matrix4dTest.testTransformPoint3IdentityMatrix()[pri:0, instance:org.j3d.maths.vector.Matrix4dTest@5ab6e2e3]" name="testTransformPoint3IdentityMatrix" class="org.j3d.maths.vector.Matrix4dTest"/>
        <method signature="Matrix4dTest.testTransformPoint3V1Null()[pri:0, instance:org.j3d.maths.vector.Matrix4dTest@5ab6e2e3]" name="testTransformPoint3V1Null" class="org.j3d.maths.vector.Matrix4dTest"/>
        <method signature="Matrix4dTest.testTransformPoint4IdentityMatrix()[pri:0, instance:org.j3d.maths.vector.Matrix4dTest@5ab6e2e3]" name="testTransformPoint4IdentityMatrix" class="org.j3d.maths.vector.Matrix4dTest"/>
        <method signature="Matrix4dTest.testTransformPoint4V2Null()[pri:0, instance:org.j3d.maths.vector.Matrix4dTest@5ab6e2e3]" name="testTransformPoint4V2Null" class="org.j3d.maths.vector.Matrix4dTest"/>
        <method signature="Matrix4dTest.testTransformVector3IdentityMatrix()[pri:0, instance:org.j3d.maths.vector.Matrix4dTest@5ab6e2e3]" name="testTransformVector3IdentityMatrix" class="org.j3d.maths.vector.Matrix4dTest"/>
        <method signature="Matrix4dTest.testTransformVectorDirection()[pri:0, instance:org.j3d.maths.vector.Matrix4dTest@5ab6e2e3]" name="testTransformVectorDirection" class="org.j3d.maths.vector.Matrix4dTest"/>
        <method signature="Matrix4dTest.testTransformVectorIdentityMatrix()[pri:0, instance:org.j3d.maths.vector.Matrix4dTest@5ab6e2e3]" name="testTransformVectorIdentityMatrix" class="org.j3d.maths.vector.Matrix4dTest"/>
        <method signature="Matrix4dTest.testTransformVectorNormal()[pri:0, instance:org.j3d.maths.vector.Matrix4dTest@5ab6e2e3]" name="testTransformVectorNormal" class="org.j3d.maths.vector.Matrix4dTest"/>
        <method signature="Matrix4dTest.testTransformVectorV1Null()[pri:0, instance:org.j3d.maths.vector.Matrix4dTest@5ab6e2e3]" name="testTransformVectorV1Null" class="org.j3d.maths.vector.Matrix4dTest"/>
        <method signature="Matrix4dTest.testTransformVectorV2Null()[pri:0, instance:org.j3d.maths.vector.Matrix4dTest@5ab6e2e3]" name="testTransformVectorV2Null" class="org.j3d.maths.vector.Matrix4dTest"/>
        <method signature="Matrix4dTest.testTranspose()[pri:0, instance:org.j3d.maths.vector.Matrix4dTest@5ab6e2e3]" name="testTranspose" class="org.j3d.maths.vector.Matrix4dTest"/>
        <method signature="Matrix4dTest.testTransposeNull()[pri:0, instance:org.j3d.maths.vector.Matrix4dTest@5ab6e2e3]" name="testTransposeNull" class="org.j3d.maths.vector.Matrix4dTest"/>
        <method signature="Matrix4dTest.testTransposeSelf()[pri:0, instance:org.j3d.maths.vector.Matrix4dTest@5ab6e2e3]" name="testTransposeSelf" class="org.j3d.maths.vector.Matrix4dTest"/>
        <method signature="Point2dTest.testBasicConstruction()[pri:0, instance:org.j3d.maths.vector.Point2dTest@47d1ab77]" name="testBasicConstruction" class="org.j3d.maths.vector.Point2dTest"/>
        <method signature="Point2dTest.testDistance()[pri:0, instance:org.j3d.maths.vector.Point2dTest@47d1ab77]" name="testDistance" class="org.j3d.maths.vector.Point2dTest"/>
        <method signature="Point2dTest.testEquals([Ljava.lang.Double;, [Ljava.lang.Double;, boolean)[pri:0, instance:org.j3d.maths.vector.Point2dTest@47d1ab77]" name="testEquals" class="org.j3d.maths.vector.Point2dTest"/>
        <method signature="Point2dTest.testHashCode()[pri:0, instance:org.j3d.maths.vector.Point2dTest@47d1ab77]" name="testHashCode" class="org.j3d.maths.vector.Point2dTest"/>
        <method signature="Point2dTest.testNotEqualsToOther()[pri:0, instance:org.j3d.maths.vector.Point2dTest@47d1ab77]" name="testNotEqualsToOther" class="org.j3d.maths.vector.Point2dTest"/>
        <method signature="Point2dTest.testSet()[pri:0, instance:org.j3d.maths.vector.Point2dTest@47d1ab77]" name="testSet" class="org.j3d.maths.vector.Point2dTest"/>
        <method signature="Point3dTest.testBasicConstruction()[pri:0, instance:org.j3d.maths.vector.Point3dTest@6e834c87]" name="testBasicConstruction" class="org.j3d.maths.vector.Point3dTest"/>
        <method signature="Point3dTest.testDistance()[pri:0, instance:org.j3d.maths.vector.Point3dTest@6e834c87]" name="testDistance" class="org.j3d.maths.vector.Point3dTest"/>
        <method signature="Point3dTest.testEquals([Ljava.lang.Double;, [Ljava.lang.Double;, boolean)[pri:0, instance:org.j3d.maths.vector.Point3dTest@6e834c87]" name="testEquals" class="org.j3d.maths.vector.Point3dTest"/>
        <method signature="Point3dTest.testHashCode()[pri:0, instance:org.j3d.maths.vector.Point3dTest@6e834c87]" name="testHashCode" class="org.j3d.maths.vector.Point3dTest"/>
        <method signature="Point3dTest.testNotEqualsToOther()[pri:0, instance:org.j3d.maths.vector.Point3dTest@6e834c87]" name="testNotEqualsToOther" class="org.j3d.maths.vector.Point3dTest"/>
        <method signature="Point3dTest.testSet()[pri:0, instance:org.j3d.maths.vector.Point3dTest@6e834c87]" name="testSet" class="org.j3d.maths.vector.Point3dTest"/>
        <method signature="PositionInterpolatorTest.testClamping()[pri:0, instance:org.j3d.util.interpolator.PositionInterpolatorTest@6c27ca12]" name="testClamping" class="org.j3d.util.interpolator.PositionInterpolatorTest"/>
        <method signature="PositionInterpolatorTest.testCreateFloat()[pri:0, instance:org.j3d.util.interpolator.PositionInterpolatorTest@6c27ca12]" name="testCreateFloat" class="org.j3d.util.interpolator.PositionInterpolatorTest"/>
        <method signature="PositionInterpolatorTest.testCreatePoint()[pri:0, instance:org.j3d.util.interpolator.PositionInterpolatorTest@6c27ca12]" name="testCreatePoint" class="org.j3d.util.interpolator.PositionInterpolatorTest"/>
        <method signature="PositionInterpolatorTest.testKeyGenFloat()[pri:0, instance:org.j3d.util.interpolator.PositionInterpolatorTest@6c27ca12]" name="testKeyGenFloat" class="org.j3d.util.interpolator.PositionInterpolatorTest"/>
        <method signature="PositionInterpolatorTest.testKeyGenPoint()[pri:0, instance:org.j3d.util.interpolator.PositionInterpolatorTest@6c27ca12]" name="testKeyGenPoint" class="org.j3d.util.interpolator.PositionInterpolatorTest"/>
        <method signature="PositionInterpolatorTest.testValueInsertFloat()[pri:0, instance:org.j3d.util.interpolator.PositionInterpolatorTest@6c27ca12]" name="testValueInsertFloat" class="org.j3d.util.interpolator.PositionInterpolatorTest"/>
        <method signature="PositionInterpolatorTest.testValueInsertPoint()[pri:0, instance:org.j3d.util.interpolator.PositionInterpolatorTest@6c27ca12]" name="testValueInsertPoint" class="org.j3d.util.interpolator.PositionInterpolatorTest"/>
        <method signature="Quat4dTest.testBasicConstruction()[pri:0, instance:org.j3d.maths.vector.Quat4dTest@1ce9d39c]" name="testBasicConstruction" class="org.j3d.maths.vector.Quat4dTest"/>
        <method signature="Quat4dTest.testEquals([Ljava.lang.Double;, [Ljava.lang.Double;, boolean)[pri:0, instance:org.j3d.maths.vector.Quat4dTest@1ce9d39c]" name="testEquals" class="org.j3d.maths.vector.Quat4dTest"/>
        <method signature="Quat4dTest.testHashCode()[pri:0, instance:org.j3d.maths.vector.Quat4dTest@1ce9d39c]" name="testHashCode" class="org.j3d.maths.vector.Quat4dTest"/>
        <method signature="Quat4dTest.testInterpolate()[pri:0, instance:org.j3d.maths.vector.Quat4dTest@1ce9d39c]" name="testInterpolate" class="org.j3d.maths.vector.Quat4dTest"/>
        <method signature="Quat4dTest.testInterpolateQ1Null()[pri:0, instance:org.j3d.maths.vector.Quat4dTest@1ce9d39c]" name="testInterpolateQ1Null" class="org.j3d.maths.vector.Quat4dTest"/>
        <method signature="Quat4dTest.testInterpolateQ2Null()[pri:0, instance:org.j3d.maths.vector.Quat4dTest@1ce9d39c]" name="testInterpolateQ2Null" class="org.j3d.maths.vector.Quat4dTest"/>
        <method signature="Quat4dTest.testNegate()[pri:0, instance:org.j3d.maths.vector.Quat4dTest@1ce9d39c]" name="testNegate" class="org.j3d.maths.vector.Quat4dTest"/>
        <method signature="Quat4dTest.testNormalise()[pri:0, instance:org.j3d.maths.vector.Quat4dTest@1ce9d39c]" name="testNormalise" class="org.j3d.maths.vector.Quat4dTest"/>
        <method signature="Quat4dTest.testNormaliseZeroLength()[pri:0, instance:org.j3d.maths.vector.Quat4dTest@1ce9d39c]" name="testNormaliseZeroLength" class="org.j3d.maths.vector.Quat4dTest"/>
        <method signature="Quat4dTest.testNotEqualsToOther()[pri:0, instance:org.j3d.maths.vector.Quat4dTest@1ce9d39c]" name="testNotEqualsToOther" class="org.j3d.maths.vector.Quat4dTest"/>
        <method signature="Quat4dTest.testSet()[pri:0, instance:org.j3d.maths.vector.Quat4dTest@1ce9d39c]" name="testSet" class="org.j3d.maths.vector.Quat4dTest"/>
        <method signature="ScalarInterpolatorTest.testClamping()[pri:0, instance:org.j3d.util.interpolator.ScalarInterpolatorTest@28439b37]" name="testClamping" class="org.j3d.util.interpolator.ScalarInterpolatorTest"/>
        <method signature="ScalarInterpolatorTest.testCreate()[pri:0, instance:org.j3d.util.interpolator.ScalarInterpolatorTest@28439b37]" name="testCreate" class="org.j3d.util.interpolator.ScalarInterpolatorTest"/>
        <method signature="ScalarInterpolatorTest.testKeyGenLinear()[pri:0, instance:org.j3d.util.interpolator.ScalarInterpolatorTest@28439b37]" name="testKeyGenLinear" class="org.j3d.util.interpolator.ScalarInterpolatorTest"/>
        <method signature="ScalarInterpolatorTest.testKeyGenStep()[pri:0, instance:org.j3d.util.interpolator.ScalarInterpolatorTest@28439b37]" name="testKeyGenStep" class="org.j3d.util.interpolator.ScalarInterpolatorTest"/>
        <method signature="ScalarInterpolatorTest.testValueInsert()[pri:0, instance:org.j3d.util.interpolator.ScalarInterpolatorTest@28439b37]" name="testValueInsert" class="org.j3d.util.interpolator.ScalarInterpolatorTest"/>
        <method signature="SingularValueDecompositionTest.testBasicConstruction()[pri:0, instance:org.j3d.maths.vector.SingularValueDecompositionTest@3b43b598]" name="testBasicConstruction" class="org.j3d.maths.vector.SingularValueDecompositionTest"/>
        <method signature="SingularValueDecompositionTest.testIdentityDecomposition()[pri:0, instance:org.j3d.maths.vector.SingularValueDecompositionTest@3b43b598]" name="testIdentityDecomposition" class="org.j3d.maths.vector.SingularValueDecompositionTest"/>
        <method signature="SingularValueDecompositionTest.testRotationOnlyDecomposition()[pri:0, instance:org.j3d.maths.vector.SingularValueDecompositionTest@3b43b598]" name="testRotationOnlyDecomposition" class="org.j3d.maths.vector.SingularValueDecompositionTest"/>
        <method signature="SingularValueDecompositionTest.testScaleOnlyDecomposition()[pri:0, instance:org.j3d.maths.vector.SingularValueDecompositionTest@3b43b598]" name="testScaleOnlyDecomposition" class="org.j3d.maths.vector.SingularValueDecompositionTest"/>
        <method signature="SingularValueDecompositionTest.testGenerateFlags()[pri:0, instance:org.j3d.maths.vector.SingularValueDecompositionTest@3b43b598]" name="testGenerateFlags" class="org.j3d.maths.vector.SingularValueDecompositionTest"/>
        <method signature="SingularValueDecompositionTest.testScaleRotateDecomposition()[pri:0, instance:org.j3d.maths.vector.SingularValueDecompositionTest@3b43b598]" name="testScaleRotateDecomposition" class="org.j3d.maths.vector.SingularValueDecompositionTest"/>
        <method signature="Vector3dTest.testAddVectorV1Null()[pri:0, instance:org.j3d.maths.vector.Vector3dTest@29557211]" name="testAddVectorV1Null" class="org.j3d.maths.vector.Vector3dTest"/>
        <method signature="Vector3dTest.testAddVectorWithSelf([Ljava.lang.Double;, [Ljava.lang.Double;, [Ljava.lang.Double;)[pri:0, instance:org.j3d.maths.vector.Vector3dTest@29557211]" name="testAddVectorWithSelf" class="org.j3d.maths.vector.Vector3dTest"/>
        <method signature="Vector4dTest.testDot([Ljava.lang.Double;, [Ljava.lang.Double;, double)[pri:0, instance:org.j3d.maths.vector.Vector4dTest@789caeb2]" name="testDot" class="org.j3d.maths.vector.Vector4dTest"/>
        <method signature="MatrixUtilsTest.testSVDDecomposition()[pri:0, instance:org.j3d.util.MatrixUtilsTest@68b88d29]" name="testSVDDecomposition" class="org.j3d.util.MatrixUtilsTest"/>
        <method signature="MatrixUtilsTest.testInverse()[pri:0, instance:org.j3d.util.MatrixUtilsTest@68b88d29]" name="testInverse" class="org.j3d.util.MatrixUtilsTest"/>
        <method signature="Vector3dTest.testDotNull()[pri:0, instance:org.j3d.maths.vector.Vector3dTest@29557211]" name="testDotNull" class="org.j3d.maths.vector.Vector3dTest"/>
        <method signature="Point4dTest.testSet()[pri:0, instance:org.j3d.maths.vector.Point4dTest@3842cbda]" name="testSet" class="org.j3d.maths.vector.Point4dTest"/>
        <method signature="Vector4dTest.testDotNull()[pri:0, instance:org.j3d.maths.vector.Vector4dTest@789caeb2]" name="testDotNull" class="org.j3d.maths.vector.Vector4dTest"/>
        <method signature="Vector3dTest.testSubPointV1Null()[pri:0, instance:org.j3d.maths.vector.Vector3dTest@29557211]" name="testSubPointV1Null" class="org.j3d.maths.vector.Vector3dTest"/>
        <method signature="Vector3dTest.testSubVector([Ljava.lang.Double;, [Ljava.lang.Double;, [Ljava.lang.Double;)[pri:0, instance:org.j3d.maths.vector.Vector3dTest@29557211]" name="testSubVector" class="org.j3d.maths.vector.Vector3dTest"/>
        <method signature="Vector4dTest.testNormalise()[pri:0, instance:org.j3d.maths.vector.Vector4dTest@789caeb2]" name="testNormalise" class="org.j3d.maths.vector.Vector4dTest"/>
        <method signature="Vector4dTest.testHashCode()[pri:0, instance:org.j3d.maths.vector.Vector4dTest@789caeb2]" name="testHashCode" class="org.j3d.maths.vector.Vector4dTest"/>
        <method signature="Vector3dTest.testAddVector([Ljava.lang.Double;, [Ljava.lang.Double;, [Ljava.lang.Double;)[pri:0, instance:org.j3d.maths.vector.Vector3dTest@29557211]" name="testAddVector" class="org.j3d.maths.vector.Vector3dTest"/>
        <method signature="Vector3dTest.testSubPoint([Ljava.lang.Double;, [Ljava.lang.Double;, [Ljava.lang.Double;)[pri:0, instance:org.j3d.maths.vector.Vector3dTest@29557211]" name="testSubPoint" class="org.j3d.maths.vector.Vector3dTest"/>
        <method signature="Vector3dTest.testSet()[pri:0, instance:org.j3d.maths.vector.Vector3dTest@29557211]" name="testSet" class="org.j3d.maths.vector.Vector3dTest"/>
        <method signature="Vector3dTest.testNormaliseZeroLength()[pri:0, instance:org.j3d.maths.vector.Vector3dTest@29557211]" name="testNormaliseZeroLength" class="org.j3d.maths.vector.Vector3dTest"/>
        <method signature="Vector3dTest.testAddPointV2Null()[pri:0, instance:org.j3d.maths.vector.Vector3dTest@29557211]" name="testAddPointV2Null" class="org.j3d.maths.vector.Vector3dTest"/>
        <method signature="Point4dTest.testEquals([Ljava.lang.Double;, [Ljava.lang.Double;, boolean)[pri:0, instance:org.j3d.maths.vector.Point4dTest@3842cbda]" name="testEquals" class="org.j3d.maths.vector.Point4dTest"/>
        <method signature="Vector3dTest.testCrossV1Null()[pri:0, instance:org.j3d.maths.vector.Vector3dTest@29557211]" name="testCrossV1Null" class="org.j3d.maths.vector.Vector3dTest"/>
        <method signature="Vector4dTest.testSet()[pri:0, instance:org.j3d.maths.vector.Vector4dTest@789caeb2]" name="testSet" class="org.j3d.maths.vector.Vector4dTest"/>
        <method signature="Vector4dTest.testBasicConstruction()[pri:0, instance:org.j3d.maths.vector.Vector4dTest@789caeb2]" name="testBasicConstruction" class="org.j3d.maths.vector.Vector4dTest"/>
        <method signature="Vector3dTest.testBasicConstruction()[pri:0, instance:org.j3d.maths.vector.Vector3dTest@29557211]" name="testBasicConstruction" class="org.j3d.maths.vector.Vector3dTest"/>
        <method signature="Vector3dTest.testAddPoint([Ljava.lang.Double;, [Ljava.lang.Double;, [Ljava.lang.Double;)[pri:0, instance:org.j3d.maths.vector.Vector3dTest@29557211]" name="testAddPoint" class="org.j3d.maths.vector.Vector3dTest"/>
        <method signature="Vector3dTest.testNormalise()[pri:0, instance:org.j3d.maths.vector.Vector3dTest@29557211]" name="testNormalise" class="org.j3d.maths.vector.Vector3dTest"/>
        <method signature="Vector3dTest.testDot([Ljava.lang.Double;, [Ljava.lang.Double;, double)[pri:0, instance:org.j3d.maths.vector.Vector3dTest@29557211]" name="testDot" class="org.j3d.maths.vector.Vector3dTest"/>
        <method signature="Vector4dTest.testNormaliseZeroLength()[pri:0, instance:org.j3d.maths.vector.Vector4dTest@789caeb2]" name="testNormaliseZeroLength" class="org.j3d.maths.vector.Vector4dTest"/>
        <method signature="Vector3dTest.testNotEqualsToOther()[pri:0, instance:org.j3d.maths.vector.Vector3dTest@29557211]" name="testNotEqualsToOther" class="org.j3d.maths.vector.Vector3dTest"/>
        <method signature="Point4dTest.testNotEqualsToOther()[pri:0, instance:org.j3d.maths.vector.Point4dTest@3842cbda]" name="testNotEqualsToOther" class="org.j3d.maths.vector.Point4dTest"/>
        <method signature="Vector3dTest.testScale()[pri:0, instance:org.j3d.maths.vector.Vector3dTest@29557211]" name="testScale" class="org.j3d.maths.vector.Vector3dTest"/>
        <method signature="AxisAngle4dTest.testNotEqualsToOther()[pri:0, instance:org.j3d.maths.vector.AxisAngle4dTest@2c3bb475]" name="testNotEqualsToOther" class="org.j3d.maths.vector.AxisAngle4dTest"/>
        <method signature="Vector3dTest.testSubVectorV2Null()[pri:0, instance:org.j3d.maths.vector.Vector3dTest@29557211]" name="testSubVectorV2Null" class="org.j3d.maths.vector.Vector3dTest"/>
        <method signature="Point4dTest.testHashCode()[pri:0, instance:org.j3d.maths.vector.Point4dTest@3842cbda]" name="testHashCode" class="org.j3d.maths.vector.Point4dTest"/>
        <method signature="AxisAngle4dTest.testNormalise()[pri:0, instance:org.j3d.maths.vector.AxisAngle4dTest@2c3bb475]" name="testNormalise" class="org.j3d.maths.vector.AxisAngle4dTest"/>
        <method signature="Vector3dTest.testLength()[pri:0, instance:org.j3d.maths.vector.Vector3dTest@29557211]" name="testLength" class="org.j3d.maths.vector.Vector3dTest"/>
        <method signature="Point4dTest.testBasicConstruction()[pri:0, instance:org.j3d.maths.vector.Point4dTest@3842cbda]" name="testBasicConstruction" class="org.j3d.maths.vector.Point4dTest"/>
        <method signature="AxisAngle4dTest.testNormaliseZeroLength()[pri:0, instance:org.j3d.maths.vector.AxisAngle4dTest@2c3bb475]" name="testNormaliseZeroLength" class="org.j3d.maths.vector.AxisAngle4dTest"/>
        <method signature="AxisAngle4dTest.testEquals([Ljava.lang.Double;, [Ljava.lang.Double;, boolean)[pri:0, instance:org.j3d.maths.vector.AxisAngle4dTest@2c3bb475]" name="testEquals" class="org.j3d.maths.vector.AxisAngle4dTest"/>
        <method signature="AxisAngle4dTest.testHashCode()[pri:0, instance:org.j3d.maths.vector.AxisAngle4dTest@2c3bb475]" name="testHashCode" class="org.j3d.maths.vector.AxisAngle4dTest"/>
        <method signature="Matrix4dTest.testTransformPoint4V1Null()[pri:0, instance:org.j3d.maths.vector.Matrix4dTest@5ab6e2e3]" name="testTransformPoint4V1Null" class="org.j3d.maths.vector.Matrix4dTest"/>
        <method signature="Vector3dTest.testHashCode()[pri:0, instance:org.j3d.maths.vector.Vector3dTest@29557211]" name="testHashCode" class="org.j3d.maths.vector.Vector3dTest"/>
        <method signature="MatrixUtilsTest.testGetUniformScale()[pri:0, instance:org.j3d.util.MatrixUtilsTest@68b88d29]" name="testGetUniformScale" class="org.j3d.util.MatrixUtilsTest"/>
        <method signature="Vector3dTest.testEquals([Ljava.lang.Double;, [Ljava.lang.Double;, boolean)[pri:0, instance:org.j3d.maths.vector.Vector3dTest@29557211]" name="testEquals" class="org.j3d.maths.vector.Vector3dTest"/>
        <method signature="AxisAngle4dTest.testBasicConstruction()[pri:0, instance:org.j3d.maths.vector.AxisAngle4dTest@2c3bb475]" name="testBasicConstruction" class="org.j3d.maths.vector.AxisAngle4dTest"/>
        <method signature="Vector3dTest.testAddVectorV2Null()[pri:0, instance:org.j3d.maths.vector.Vector3dTest@29557211]" name="testAddVectorV2Null" class="org.j3d.maths.vector.Vector3dTest"/>
        <method signature="Vector4dTest.testNotEqualsToOther()[pri:0, instance:org.j3d.maths.vector.Vector4dTest@789caeb2]" name="testNotEqualsToOther" class="org.j3d.maths.vector.Vector4dTest"/>
        <method signature="Vector3dTest.testCrossV2Null()[pri:0, instance:org.j3d.maths.vector.Vector3dTest@29557211]" name="testCrossV2Null" class="org.j3d.maths.vector.Vector3dTest"/>
        <method signature="Vector4dTest.testEquals([Ljava.lang.Double;, [Ljava.lang.Double;, boolean)[pri:0, instance:org.j3d.maths.vector.Vector4dTest@789caeb2]" name="testEquals" class="org.j3d.maths.vector.Vector4dTest"/>
        <method signature="Vector3dTest.testSubPointV2Null()[pri:0, instance:org.j3d.maths.vector.Vector3dTest@29557211]" name="testSubPointV2Null" class="org.j3d.maths.vector.Vector3dTest"/>
        <method signature="AxisAngle4dTest.testSet()[pri:0, instance:org.j3d.maths.vector.AxisAngle4dTest@2c3bb475]" name="testSet" class="org.j3d.maths.vector.AxisAngle4dTest"/>
        <method signature="Vector3dTest.testSubVectorV1Null()[pri:0, instance:org.j3d.maths.vector.Vector3dTest@29557211]" name="testSubVectorV1Null" class="org.j3d.maths.vector.Vector3dTest"/>
        <method signature="Matrix4dTest.testTransformPoint3V2Null()[pri:0, instance:org.j3d.maths.vector.Matrix4dTest@5ab6e2e3]" name="testTransformPoint3V2Null" class="org.j3d.maths.vector.Matrix4dTest"/>
        <method signature="Vector3dTest.testAddPointV1Null()[pri:0, instance:org.j3d.maths.vector.Vector3dTest@29557211]" name="testAddPointV1Null" class="org.j3d.maths.vector.Vector3dTest"/>
        <method signature="MatrixUtilsTest.testUniformScaleIdentityMatrix()[pri:0, instance:org.j3d.util.MatrixUtilsTest@68b88d29]" name="testUniformScaleIdentityMatrix" class="org.j3d.util.MatrixUtilsTest"/>
        <method signature="Vector3dTest.testCrossProduct([Ljava.lang.Double;, [Ljava.lang.Double;, [Ljava.lang.Double;)[pri:0, instance:org.j3d.maths.vector.Vector3dTest@29557211]" name="testCrossProduct" class="org.j3d.maths.vector.Vector3dTest"/>
      </group> <!-- unit -->
    </groups>
    <test name="Command line test" duration-ms="170" started-at="2013-12-23T11:46:10Z" finished-at="2013-12-23T11:46:10Z">
      <class name="org.j3d.maths.vector.AxisAngle4dTest">
        <test-method status="PASS" signature="testNormalise()[pri:0, instance:org.j3d.maths.vector.AxisAngle4dTest@2c3bb475]" name="testNormalise" duration-ms="0" started-at="2013-12-23T22:46:10Z" finished-at="2013-12-23T22:46:10Z">
          <reporter-output>
          </reporter-output>
        </test-method> <!-- testNormalise -->
        <test-method status="PASS" signature="testNotEqualsToOther()[pri:0, instance:org.j3d.maths.vector.AxisAngle4dTest@2c3bb475]" name="testNotEqualsToOther" duration-ms="0" started-at="2013-12-23T22:46:10Z" finished-at="2013-12-23T22:46:10Z">
          <reporter-output>
          </reporter-output>
        </test-method> <!-- testNotEqualsToOther -->
        <test-method status="PASS" signature="testNormaliseZeroLength()[pri:0, instance:org.j3d.maths.vector.AxisAngle4dTest@2c3bb475]" name="testNormaliseZeroLength" duration-ms="1" started-at="2013-12-23T22:46:10Z" finished-at="2013-12-23T22:46:10Z">
          <reporter-output>
          </reporter-output>
        </test-method> <!-- testNormaliseZeroLength -->
        <test-method status="PASS" signature="testEquals([Ljava.lang.Double;, [Ljava.lang.Double;, boolean)[pri:0, instance:org.j3d.maths.vector.AxisAngle4dTest@2c3bb475]" name="testEquals" duration-ms="0" started-at="2013-12-23T22:46:10Z" data-provider="equals" finished-at="2013-12-23T22:46:10Z">
          <params>
            <param index="0">
              <value>
                <![CDATA[[Ljava.lang.Double;@4279495b]]>
              </value>
            </param>
            <param index="1">
              <value>
                <![CDATA[[Ljava.lang.Double;@28bf1775]]>
              </value>
            </param>
            <param index="2">
              <value>
                <![CDATA[false]]>
              </value>
            </param>
          </params>
          <reporter-output>
          </reporter-output>
        </test-method> <!-- testEquals -->
        <test-method status="PASS" signature="testEquals([Ljava.lang.Double;, [Ljava.lang.Double;, boolean)[pri:0, instance:org.j3d.maths.vector.AxisAngle4dTest@2c3bb475]" name="testEquals" duration-ms="0" started-at="2013-12-23T22:46:10Z" data-provider="equals" finished-at="2013-12-23T22:46:10Z">
          <params>
            <param index="0">
              <value>
                <![CDATA[[Ljava.lang.Double;@6e705b40]]>
              </value>
            </param>
            <param index="1">
              <value>
                <![CDATA[[Ljava.lang.Double;@1276ff65]]>
              </value>
            </param>
            <param index="2">
              <value>
                <![CDATA[true]]>
              </value>
            </param>
          </params>
          <reporter-output>
          </reporter-output>
        </test-method> <!-- testEquals -->
        <test-method status="PASS" signature="testEquals([Ljava.lang.Double;, [Ljava.lang.Double;, boolean)[pri:0, instance:org.j3d.maths.vector.AxisAngle4dTest@2c3bb475]" name="testEquals" duration-ms="0" started-at="2013-12-23T22:46:10Z" data-provider="equals" finished-at="2013-12-23T22:46:10Z">
          <params>
            <param index="0">
              <value>
                <![CDATA[[Ljava.lang.Double;@312a47fe]]>
              </value>
            </param>
            <param index="1">
              <value>
                <![CDATA[[Ljava.lang.Double;@4edc8de9]]>
              </value>
            </param>
            <param index="2">
              <value>
                <![CDATA[true]]>
              </value>
            </param>
          </params>
          <reporter-output>
          </reporter-output>
        </test-method> <!-- testEquals -->
        <test-method status="PASS" signature="testHashCode()[pri:0, instance:org.j3d.maths.vector.AxisAngle4dTest@2c3bb475]" name="testHashCode" duration-ms="0" started-at="2013-12-23T22:46:10Z" finished-at="2013-12-23T22:46:10Z">
          <reporter-output>
          </reporter-output>
        </test-method> <!-- testHashCode -->
        <test-method status="PASS" signature="testEquals([Ljava.lang.Double;, [Ljava.lang.Double;, boolean)[pri:0, instance:org.j3d.maths.vector.AxisAngle4dTest@2c3bb475]" name="testEquals" duration-ms="0" started-at="2013-12-23T22:46:10Z" data-provider="equals" finished-at="2013-12-23T22:46:10Z">
          <params>
            <param index="0">
              <value>
                <![CDATA[[Ljava.lang.Double;@199d1739]]>
              </value>
            </param>
            <param index="1">
              <value>
                <![CDATA[[Ljava.lang.Double;@185fac52]]>
              </value>
            </param>
            <param index="2">
              <value>
                <![CDATA[true]]>
              </value>
            </param>
          </params>
          <reporter-output>
          </reporter-output>
        </test-method> <!-- testEquals -->
        <test-method status="PASS" signature="testBasicConstruction()[pri:0, instance:org.j3d.maths.vector.AxisAngle4dTest@2c3bb475]" name="testBasicConstruction" duration-ms="1" started-at="2013-12-23T22:46:10Z" finished-at="2013-12-23T22:46:10Z">
          <reporter-output>
          </reporter-output>
        </test-method> <!-- testBasicConstruction -->
        <test-method status="PASS" signature="testEquals([Ljava.lang.Double;, [Ljava.lang.Double;, boolean)[pri:0, instance:org.j3d.maths.vector.AxisAngle4dTest@2c3bb475]" name="testEquals" duration-ms="0" started-at="2013-12-23T22:46:10Z" data-provider="equals" finished-at="2013-12-23T22:46:10Z">
          <params>
            <param index="0">
              <value>
                <![CDATA[[Ljava.lang.Double;@71e8e471]]>
              </value>
            </param>
            <param index="1">
              <value>
                <![CDATA[[Ljava.lang.Double;@70edf123]]>
              </value>
            </param>
            <param index="2">
              <value>
                <![CDATA[true]]>
              </value>
            </param>
          </params>
          <reporter-output>
          </reporter-output>
        </test-method> <!-- testEquals -->
        <test-method status="PASS" signature="testSet()[pri:0, instance:org.j3d.maths.vector.AxisAngle4dTest@2c3bb475]" name="testSet" duration-ms="0" started-at="2013-12-23T22:46:10Z" finished-at="2013-12-23T22:46:10Z">
          <reporter-output>
          </reporter-output>
        </test-method> <!-- testSet -->
      </class> <!-- org.j3d.maths.vector.AxisAngle4dTest -->
      <class name="org.j3d.util.interpolator.CoordinateInterpolatorTest">
        <test-method status="PASS" signature="testClamping()[pri:0, instance:org.j3d.util.interpolator.CoordinateInterpolatorTest@76be0b48]" name="testClamping" duration-ms="1" started-at="2013-12-23T22:46:10Z" finished-at="2013-12-23T22:46:10Z">
          <reporter-output>
          </reporter-output>
        </test-method> <!-- testClamping -->
        <test-method status="PASS" signature="testCreateFloat()[pri:0, instance:org.j3d.util.interpolator.CoordinateInterpolatorTest@76be0b48]" name="testCreateFloat" duration-ms="0" started-at="2013-12-23T22:46:10Z" finished-at="2013-12-23T22:46:10Z">
          <reporter-output>
          </reporter-output>
        </test-method> <!-- testCreateFloat -->
        <test-method status="PASS" signature="testInvalidInsertNotMutl3()[pri:0, instance:org.j3d.util.interpolator.CoordinateInterpolatorTest@76be0b48]" name="testInvalidInsertNotMutl3" duration-ms="0" started-at="2013-12-23T22:46:10Z" finished-at="2013-12-23T22:46:10Z">
          <exception class="java.lang.IllegalArgumentException">
            <message>
              <![CDATA[Coordinates length not x 3]]>
            </message>
            <full-stacktrace>
              <![CDATA[java.lang.IllegalArgumentException: Coordinates length not x 3
	at org.j3d.util.interpolator.CoordinateInterpolator.addKeyFrame(CoordinateInterpolator.java:104)
	at org.j3d.util.interpolator.CoordinateInterpolatorTest.testInvalidInsertNotMutl3(CoordinateInterpolatorTest.java:84)
	at sun.reflect.NativeMethodAccessorImpl.invoke0(Native Method)
	at sun.reflect.NativeMethodAccessorImpl.invoke(NativeMethodAccessorImpl.java:57)
	at sun.reflect.DelegatingMethodAccessorImpl.invoke(DelegatingMethodAccessorImpl.java:43)
	at java.lang.reflect.Method.invoke(Method.java:601)
	at org.testng.internal.MethodInvocationHelper.invokeMethod(MethodInvocationHelper.java:84)
	at org.testng.internal.Invoker.invokeMethod(Invoker.java:714)
	at org.testng.internal.Invoker.invokeTestMethod(Invoker.java:901)
	at org.testng.internal.Invoker.invokeTestMethods(Invoker.java:1231)
	at org.testng.internal.TestMethodWorker.invokeTestMethods(TestMethodWorker.java:127)
	at org.testng.internal.TestMethodWorker.run(TestMethodWorker.java:111)
	at org.testng.TestRunner.privateRun(TestRunner.java:767)
	at org.testng.TestRunner.run(TestRunner.java:617)
	at org.testng.SuiteRunner.runTest(SuiteRunner.java:334)
	at org.testng.SuiteRunner.runSequentially(SuiteRunner.java:329)
	at org.testng.SuiteRunner.privateRun(SuiteRunner.java:291)
	at org.testng.SuiteRunner.run(SuiteRunner.java:240)
	at org.testng.SuiteRunnerWorker.runSuite(SuiteRunnerWorker.java:52)
	at org.testng.SuiteRunnerWorker.run(SuiteRunnerWorker.java:86)
	at org.testng.TestNG.runSuitesSequentially(TestNG.java:1224)
	at org.testng.TestNG.runSuitesLocally(TestNG.java:1149)
	at org.testng.TestNG.run(TestNG.java:1057)
	at org.apache.maven.surefire.testng.TestNGExecutor.run(TestNGExecutor.java:69)
	at org.apache.maven.surefire.testng.TestNGDirectoryTestSuite.executeMulti(TestNGDirectoryTestSuite.java:181)
	at org.apache.maven.surefire.testng.TestNGDirectoryTestSuite.execute(TestNGDirectoryTestSuite.java:99)
	at org.apache.maven.surefire.testng.TestNGProvider.invoke(TestNGProvider.java:113)
	at org.apache.maven.surefire.booter.ForkedBooter.invokeProviderInSameClassLoader(ForkedBooter.java:200)
	at org.apache.maven.surefire.booter.ForkedBooter.runSuitesInProcess(ForkedBooter.java:153)
	at org.apache.maven.surefire.booter.ForkedBooter.main(ForkedBooter.java:103)
]]>
            </full-stacktrace>
          </exception> <!-- java.lang.IllegalArgumentException -->
          <reporter-output>
          </reporter-output>
        </test-method> <!-- testInvalidInsertNotMutl3 -->
        <test-method status="PASS" signature="testInvalidInsertNullValues()[pri:0, instance:org.j3d.util.interpolator.CoordinateInterpolatorTest@76be0b48]" name="testInvalidInsertNullValues" duration-ms="1" started-at="2013-12-23T22:46:10Z" finished-at="2013-12-23T22:46:10Z">
          <exception class="java.lang.IllegalArgumentException">
            <message>
              <![CDATA[Coord array is null]]>
            </message>
            <full-stacktrace>
              <![CDATA[java.lang.IllegalArgumentException: Coord array is null
	at org.j3d.util.interpolator.CoordinateInterpolator.addKeyFrame(CoordinateInterpolator.java:99)
	at org.j3d.util.interpolator.CoordinateInterpolatorTest.testInvalidInsertNullValues(CoordinateInterpolatorTest.java:57)
	at sun.reflect.NativeMethodAccessorImpl.invoke0(Native Method)
	at sun.reflect.NativeMethodAccessorImpl.invoke(NativeMethodAccessorImpl.java:57)
	at sun.reflect.DelegatingMethodAccessorImpl.invoke(DelegatingMethodAccessorImpl.java:43)
	at java.lang.reflect.Method.invoke(Method.java:601)
	at org.testng.internal.MethodInvocationHelper.invokeMethod(MethodInvocationHelper.java:84)
	at org.testng.internal.Invoker.invokeMethod(Invoker.java:714)
	at org.testng.internal.Invoker.invokeTestMethod(Invoker.java:901)
	at org.testng.internal.Invoker.invokeTestMethods(Invoker.java:1231)
	at org.testng.internal.TestMethodWorker.invokeTestMethods(TestMethodWorker.java:127)
	at org.testng.internal.TestMethodWorker.run(TestMethodWorker.java:111)
	at org.testng.TestRunner.privateRun(TestRunner.java:767)
	at org.testng.TestRunner.run(TestRunner.java:617)
	at org.testng.SuiteRunner.runTest(SuiteRunner.java:334)
	at org.testng.SuiteRunner.runSequentially(SuiteRunner.java:329)
	at org.testng.SuiteRunner.privateRun(SuiteRunner.java:291)
	at org.testng.SuiteRunner.run(SuiteRunner.java:240)
	at org.testng.SuiteRunnerWorker.runSuite(SuiteRunnerWorker.java:52)
	at org.testng.SuiteRunnerWorker.run(SuiteRunnerWorker.java:86)
	at org.testng.TestNG.runSuitesSequentially(TestNG.java:1224)
	at org.testng.TestNG.runSuitesLocally(TestNG.java:1149)
	at org.testng.TestNG.run(TestNG.java:1057)
	at org.apache.maven.surefire.testng.TestNGExecutor.run(TestNGExecutor.java:69)
	at org.apache.maven.surefire.testng.TestNGDirectoryTestSuite.executeMulti(TestNGDirectoryTestSuite.java:181)
	at org.apache.maven.surefire.testng.TestNGDirectoryTestSuite.execute(TestNGDirectoryTestSuite.java:99)
	at org.apache.maven.surefire.testng.TestNGProvider.invoke(TestNGProvider.java:113)
	at org.apache.maven.surefire.booter.ForkedBooter.invokeProviderInSameClassLoader(ForkedBooter.java:200)
	at org.apache.maven.surefire.booter.ForkedBooter.runSuitesInProcess(ForkedBooter.java:153)
	at org.apache.maven.surefire.booter.ForkedBooter.main(ForkedBooter.java:103)
]]>
            </full-stacktrace>
          </exception> <!-- java.lang.IllegalArgumentException -->
          <reporter-output>
          </reporter-output>
        </test-method> <!-- testInvalidInsertNullValues -->
        <test-method status="PASS" signature="testInvalidInsertLessThan3Values()[pri:0, instance:org.j3d.util.interpolator.CoordinateInterpolatorTest@76be0b48]" name="testInvalidInsertLessThan3Values" duration-ms="0" started-at="2013-12-23T22:46:10Z" finished-at="2013-12-23T22:46:10Z">
          <exception class="java.lang.IllegalArgumentException">
            <message>
              <![CDATA[Coordinates length not x 3]]>
            </message>
            <full-stacktrace>
              <![CDATA[java.lang.IllegalArgumentException: Coordinates length not x 3
	at org.j3d.util.interpolator.CoordinateInterpolator.addKeyFrame(CoordinateInterpolator.java:104)
	at org.j3d.util.interpolator.CoordinateInterpolatorTest.testInvalidInsertLessThan3Values(CoordinateInterpolatorTest.java:75)
	at sun.reflect.NativeMethodAccessorImpl.invoke0(Native Method)
	at sun.reflect.NativeMethodAccessorImpl.invoke(NativeMethodAccessorImpl.java:57)
	at sun.reflect.DelegatingMethodAccessorImpl.invoke(DelegatingMethodAccessorImpl.java:43)
	at java.lang.reflect.Method.invoke(Method.java:601)
	at org.testng.internal.MethodInvocationHelper.invokeMethod(MethodInvocationHelper.java:84)
	at org.testng.internal.Invoker.invokeMethod(Invoker.java:714)
	at org.testng.internal.Invoker.invokeTestMethod(Invoker.java:901)
	at org.testng.internal.Invoker.invokeTestMethods(Invoker.java:1231)
	at org.testng.internal.TestMethodWorker.invokeTestMethods(TestMethodWorker.java:127)
	at org.testng.internal.TestMethodWorker.run(TestMethodWorker.java:111)
	at org.testng.TestRunner.privateRun(TestRunner.java:767)
	at org.testng.TestRunner.run(TestRunner.java:617)
	at org.testng.SuiteRunner.runTest(SuiteRunner.java:334)
	at org.testng.SuiteRunner.runSequentially(SuiteRunner.java:329)
	at org.testng.SuiteRunner.privateRun(SuiteRunner.java:291)
	at org.testng.SuiteRunner.run(SuiteRunner.java:240)
	at org.testng.SuiteRunnerWorker.runSuite(SuiteRunnerWorker.java:52)
	at org.testng.SuiteRunnerWorker.run(SuiteRunnerWorker.java:86)
	at org.testng.TestNG.runSuitesSequentially(TestNG.java:1224)
	at org.testng.TestNG.runSuitesLocally(TestNG.java:1149)
	at org.testng.TestNG.run(TestNG.java:1057)
	at org.apache.maven.surefire.testng.TestNGExecutor.run(TestNGExecutor.java:69)
	at org.apache.maven.surefire.testng.TestNGDirectoryTestSuite.executeMulti(TestNGDirectoryTestSuite.java:181)
	at org.apache.maven.surefire.testng.TestNGDirectoryTestSuite.execute(TestNGDirectoryTestSuite.java:99)
	at org.apache.maven.surefire.testng.TestNGProvider.invoke(TestNGProvider.java:113)
	at org.apache.maven.surefire.booter.ForkedBooter.invokeProviderInSameClassLoader(ForkedBooter.java:200)
	at org.apache.maven.surefire.booter.ForkedBooter.runSuitesInProcess(ForkedBooter.java:153)
	at org.apache.maven.surefire.booter.ForkedBooter.main(ForkedBooter.java:103)
]]>
            </full-stacktrace>
          </exception> <!-- java.lang.IllegalArgumentException -->
          <reporter-output>
          </reporter-output>
        </test-method> <!-- testInvalidInsertLessThan3Values -->
        <test-method status="PASS" signature="testInvalidInsertZeroLengthValues()[pri:0, instance:org.j3d.util.interpolator.CoordinateInterpolatorTest@76be0b48]" name="testInvalidInsertZeroLengthValues" duration-ms="0" started-at="2013-12-23T22:46:10Z" finished-at="2013-12-23T22:46:10Z">
          <exception class="java.lang.IllegalArgumentException">
            <message>
              <![CDATA[Coordinates length not x 3]]>
            </message>
            <full-stacktrace>
              <![CDATA[java.lang.IllegalArgumentException: Coordinates length not x 3
	at org.j3d.util.interpolator.CoordinateInterpolator.addKeyFrame(CoordinateInterpolator.java:104)
	at org.j3d.util.interpolator.CoordinateInterpolatorTest.testInvalidInsertZeroLengthValues(CoordinateInterpolatorTest.java:66)
	at sun.reflect.NativeMethodAccessorImpl.invoke0(Native Method)
	at sun.reflect.NativeMethodAccessorImpl.invoke(NativeMethodAccessorImpl.java:57)
	at sun.reflect.DelegatingMethodAccessorImpl.invoke(DelegatingMethodAccessorImpl.java:43)
	at java.lang.reflect.Method.invoke(Method.java:601)
	at org.testng.internal.MethodInvocationHelper.invokeMethod(MethodInvocationHelper.java:84)
	at org.testng.internal.Invoker.invokeMethod(Invoker.java:714)
	at org.testng.internal.Invoker.invokeTestMethod(Invoker.java:901)
	at org.testng.internal.Invoker.invokeTestMethods(Invoker.java:1231)
	at org.testng.internal.TestMethodWorker.invokeTestMethods(TestMethodWorker.java:127)
	at org.testng.internal.TestMethodWorker.run(TestMethodWorker.java:111)
	at org.testng.TestRunner.privateRun(TestRunner.java:767)
	at org.testng.TestRunner.run(TestRunner.java:617)
	at org.testng.SuiteRunner.runTest(SuiteRunner.java:334)
	at org.testng.SuiteRunner.runSequentially(SuiteRunner.java:329)
	at org.testng.SuiteRunner.privateRun(SuiteRunner.java:291)
	at org.testng.SuiteRunner.run(SuiteRunner.java:240)
	at org.testng.SuiteRunnerWorker.runSuite(SuiteRunnerWorker.java:52)
	at org.testng.SuiteRunnerWorker.run(SuiteRunnerWorker.java:86)
	at org.testng.TestNG.runSuitesSequentially(TestNG.java:1224)
	at org.testng.TestNG.runSuitesLocally(TestNG.java:1149)
	at org.testng.TestNG.run(TestNG.java:1057)
	at org.apache.maven.surefire.testng.TestNGExecutor.run(TestNGExecutor.java:69)
	at org.apache.maven.surefire.testng.TestNGDirectoryTestSuite.executeMulti(TestNGDirectoryTestSuite.java:181)
	at org.apache.maven.surefire.testng.TestNGDirectoryTestSuite.execute(TestNGDirectoryTestSuite.java:99)
	at org.apache.maven.surefire.testng.TestNGProvider.invoke(TestNGProvider.java:113)
	at org.apache.maven.surefire.booter.ForkedBooter.invokeProviderInSameClassLoader(ForkedBooter.java:200)
	at org.apache.maven.surefire.booter.ForkedBooter.runSuitesInProcess(ForkedBooter.java:153)
	at org.apache.maven.surefire.booter.ForkedBooter.main(ForkedBooter.java:103)
]]>
            </full-stacktrace>
          </exception> <!-- java.lang.IllegalArgumentException -->
          <reporter-output>
          </reporter-output>
        </test-method> <!-- testInvalidInsertZeroLengthValues -->
        <test-method status="PASS" signature="testKeyGenFloat()[pri:0, instance:org.j3d.util.interpolator.CoordinateInterpolatorTest@76be0b48]" name="testKeyGenFloat" duration-ms="1" started-at="2013-12-23T22:46:10Z" finished-at="2013-12-23T22:46:10Z">
          <reporter-output>
          </reporter-output>
        </test-method> <!-- testKeyGenFloat -->
        <test-method status="PASS" signature="testValueInsertFloat()[pri:0, instance:org.j3d.util.interpolator.CoordinateInterpolatorTest@76be0b48]" name="testValueInsertFloat" duration-ms="0" started-at="2013-12-23T22:46:10Z" finished-at="2013-12-23T22:46:10Z">
          <reporter-output>
          </reporter-output>
        </test-method> <!-- testValueInsertFloat -->
      </class> <!-- org.j3d.util.interpolator.CoordinateInterpolatorTest -->
      <class name="org.j3d.maths.vector.Point3dTest">
        <test-method status="PASS" signature="testBasicConstruction()[pri:0, instance:org.j3d.maths.vector.Point3dTest@6e834c87]" name="testBasicConstruction" duration-ms="0" started-at="2013-12-23T22:46:10Z" finished-at="2013-12-23T22:46:10Z">
          <reporter-output>
          </reporter-output>
        </test-method> <!-- testBasicConstruction -->
        <test-method status="PASS" signature="testDistance()[pri:0, instance:org.j3d.maths.vector.Point3dTest@6e834c87]" name="testDistance" duration-ms="0" started-at="2013-12-23T22:46:10Z" finished-at="2013-12-23T22:46:10Z">
          <reporter-output>
          </reporter-output>
        </test-method> <!-- testDistance -->
        <test-method status="PASS" signature="testEquals([Ljava.lang.Double;, [Ljava.lang.Double;, boolean)[pri:0, instance:org.j3d.maths.vector.Point3dTest@6e834c87]" name="testEquals" duration-ms="0" started-at="2013-12-23T22:46:10Z" data-provider="equals" finished-at="2013-12-23T22:46:10Z">
          <params>
            <param index="0">
              <value>
                <![CDATA[[Ljava.lang.Double;@23aa0933]]>
              </value>
            </param>
            <param index="1">
              <value>
                <![CDATA[[Ljava.lang.Double;@7042058f]]>
              </value>
            </param>
            <param index="2">
              <value>
                <![CDATA[true]]>
              </value>
            </param>
          </params>
          <reporter-output>
          </reporter-output>
        </test-method> <!-- testEquals -->
        <test-method status="PASS" signature="testEquals([Ljava.lang.Double;, [Ljava.lang.Double;, boolean)[pri:0, instance:org.j3d.maths.vector.Point3dTest@6e834c87]" name="testEquals" duration-ms="0" started-at="2013-12-23T22:46:10Z" data-provider="equals" finished-at="2013-12-23T22:46:10Z">
          <params>
            <param index="0">
              <value>
                <![CDATA[[Ljava.lang.Double;@5c1becb3]]>
              </value>
            </param>
            <param index="1">
              <value>
                <![CDATA[[Ljava.lang.Double;@2d510b03]]>
              </value>
            </param>
            <param index="2">
              <value>
                <![CDATA[false]]>
              </value>
            </param>
          </params>
          <reporter-output>
          </reporter-output>
        </test-method> <!-- testEquals -->
        <test-method status="PASS" signature="testEquals([Ljava.lang.Double;, [Ljava.lang.Double;, boolean)[pri:0, instance:org.j3d.maths.vector.Point3dTest@6e834c87]" name="testEquals" duration-ms="0" started-at="2013-12-23T22:46:10Z" data-provider="equals" finished-at="2013-12-23T22:46:10Z">
          <params>
            <param index="0">
              <value>
                <![CDATA[[Ljava.lang.Double;@71be645d]]>
              </value>
            </param>
            <param index="1">
              <value>
                <![CDATA[[Ljava.lang.Double;@aaf5002]]>
              </value>
            </param>
            <param index="2">
              <value>
                <![CDATA[true]]>
              </value>
            </param>
          </params>
          <reporter-output>
          </reporter-output>
        </test-method> <!-- testEquals -->
        <test-method status="PASS" signature="testEquals([Ljava.lang.Double;, [Ljava.lang.Double;, boolean)[pri:0, instance:org.j3d.maths.vector.Point3dTest@6e834c87]" name="testEquals" duration-ms="0" started-at="2013-12-23T22:46:10Z" data-provider="equals" finished-at="2013-12-23T22:46:10Z">
          <params>
            <param index="0">
              <value>
                <![CDATA[[Ljava.lang.Double;@41aac3f8]]>
              </value>
            </param>
            <param index="1">
              <value>
                <![CDATA[[Ljava.lang.Double;@3227f076]]>
              </value>
            </param>
            <param index="2">
              <value>
                <![CDATA[true]]>
              </value>
            </param>
          </params>
          <reporter-output>
          </reporter-output>
        </test-method> <!-- testEquals -->
        <test-method status="PASS" signature="testEquals([Ljava.lang.Double;, [Ljava.lang.Double;, boolean)[pri:0, instance:org.j3d.maths.vector.Point3dTest@6e834c87]" name="testEquals" duration-ms="0" started-at="2013-12-23T22:46:10Z" data-provider="equals" finished-at="2013-12-23T22:46:10Z">
          <params>
            <param index="0">
              <value>
                <![CDATA[[Ljava.lang.Double;@7e7b28dc]]>
              </value>
            </param>
            <param index="1">
              <value>
                <![CDATA[[Ljava.lang.Double;@47b7c463]]>
              </value>
            </param>
            <param index="2">
              <value>
                <![CDATA[true]]>
              </value>
            </param>
          </params>
          <reporter-output>
          </reporter-output>
        </test-method> <!-- testEquals -->
        <test-method status="PASS" signature="testHashCode()[pri:0, instance:org.j3d.maths.vector.Point3dTest@6e834c87]" name="testHashCode" duration-ms="0" started-at="2013-12-23T22:46:10Z" finished-at="2013-12-23T22:46:10Z">
          <reporter-output>
          </reporter-output>
        </test-method> <!-- testHashCode -->
        <test-method status="PASS" signature="testSet()[pri:0, instance:org.j3d.maths.vector.Point3dTest@6e834c87]" name="testSet" duration-ms="0" started-at="2013-12-23T22:46:10Z" finished-at="2013-12-23T22:46:10Z">
          <reporter-output>
          </reporter-output>
        </test-method> <!-- testSet -->
        <test-method status="PASS" signature="testNotEqualsToOther()[pri:0, instance:org.j3d.maths.vector.Point3dTest@6e834c87]" name="testNotEqualsToOther" duration-ms="0" started-at="2013-12-23T22:46:10Z" finished-at="2013-12-23T22:46:10Z">
          <reporter-output>
          </reporter-output>
        </test-method> <!-- testNotEqualsToOther -->
      </class> <!-- org.j3d.maths.vector.Point3dTest -->
      <class name="org.j3d.maths.vector.Point4dTest">
        <test-method status="PASS" signature="testSet()[pri:0, instance:org.j3d.maths.vector.Point4dTest@3842cbda]" name="testSet" duration-ms="0" started-at="2013-12-23T22:46:10Z" finished-at="2013-12-23T22:46:10Z">
          <reporter-output>
          </reporter-output>
        </test-method> <!-- testSet -->
        <test-method status="PASS" signature="testEquals([Ljava.lang.Double;, [Ljava.lang.Double;, boolean)[pri:0, instance:org.j3d.maths.vector.Point4dTest@3842cbda]" name="testEquals" duration-ms="0" started-at="2013-12-23T22:46:10Z" data-provider="equals" finished-at="2013-12-23T22:46:10Z">
          <params>
            <param index="0">
              <value>
                <![CDATA[[Ljava.lang.Double;@60cb9c42]]>
              </value>
            </param>
            <param index="1">
              <value>
                <![CDATA[[Ljava.lang.Double;@577fe2b3]]>
              </value>
            </param>
            <param index="2">
              <value>
                <![CDATA[true]]>
              </value>
            </param>
          </params>
          <reporter-output>
          </reporter-output>
        </test-method> <!-- testEquals -->
        <test-method status="PASS" signature="testEquals([Ljava.lang.Double;, [Ljava.lang.Double;, boolean)[pri:0, instance:org.j3d.maths.vector.Point4dTest@3842cbda]" name="testEquals" duration-ms="0" started-at="2013-12-23T22:46:10Z" data-provider="equals" finished-at="2013-12-23T22:46:10Z">
          <params>
            <param index="0">
              <value>
                <![CDATA[[Ljava.lang.Double;@7c9e6c0]]>
              </value>
            </param>
            <param index="1">
              <value>
                <![CDATA[[Ljava.lang.Double;@584c4b3e]]>
              </value>
            </param>
            <param index="2">
              <value>
                <![CDATA[true]]>
              </value>
            </param>
          </params>
          <reporter-output>
          </reporter-output>
        </test-method> <!-- testEquals -->
        <test-method status="PASS" signature="testEquals([Ljava.lang.Double;, [Ljava.lang.Double;, boolean)[pri:0, instance:org.j3d.maths.vector.Point4dTest@3842cbda]" name="testEquals" duration-ms="0" started-at="2013-12-23T22:46:10Z" data-provider="equals" finished-at="2013-12-23T22:46:10Z">
          <params>
            <param index="0">
              <value>
                <![CDATA[[Ljava.lang.Double;@cfc82a6]]>
              </value>
            </param>
            <param index="1">
              <value>
                <![CDATA[[Ljava.lang.Double;@15e566f3]]>
              </value>
            </param>
            <param index="2">
              <value>
                <![CDATA[false]]>
              </value>
            </param>
          </params>
          <reporter-output>
          </reporter-output>
        </test-method> <!-- testEquals -->
        <test-method status="PASS" signature="testEquals([Ljava.lang.Double;, [Ljava.lang.Double;, boolean)[pri:0, instance:org.j3d.maths.vector.Point4dTest@3842cbda]" name="testEquals" duration-ms="0" started-at="2013-12-23T22:46:10Z" data-provider="equals" finished-at="2013-12-23T22:46:10Z">
          <params>
            <param index="0">
              <value>
                <![CDATA[[Ljava.lang.Double;@78e000bb]]>
              </value>
            </param>
            <param index="1">
              <value>
                <![CDATA[[Ljava.lang.Double;@3a5032fc]]>
              </value>
            </param>
            <param index="2">
              <value>
                <![CDATA[true]]>
              </value>
            </param>
          </params>
          <reporter-output>
          </reporter-output>
        </test-method> <!-- testEquals -->
        <test-method status="PASS" signature="testNotEqualsToOther()[pri:0, instance:org.j3d.maths.vector.Point4dTest@3842cbda]" name="testNotEqualsToOther" duration-ms="0" started-at="2013-12-23T22:46:10Z" finished-at="2013-12-23T22:46:10Z">
          <reporter-output>
          </reporter-output>
        </test-method> <!-- testNotEqualsToOther -->
        <test-method status="PASS" signature="testHashCode()[pri:0, instance:org.j3d.maths.vector.Point4dTest@3842cbda]" name="testHashCode" duration-ms="0" started-at="2013-12-23T22:46:10Z" finished-at="2013-12-23T22:46:10Z">
          <reporter-output>
          </reporter-output>
        </test-method> <!-- testHashCode -->
        <test-method status="PASS" signature="testEquals([Ljava.lang.Double;, [Ljava.lang.Double;, boolean)[pri:0, instance:org.j3d.maths.vector.Point4dTest@3842cbda]" name="testEquals" duration-ms="0" started-at="2013-12-23T22:46:10Z" data-provider="equals" finished-at="2013-12-23T22:46:10Z">
          <params>
            <param index="0">
              <value>
                <![CDATA[[Ljava.lang.Double;@67435c4c]]>
              </value>
            </param>
            <param index="1">
              <value>
                <![CDATA[[Ljava.lang.Double;@7760b68a]]>
              </value>
            </param>
            <param index="2">
              <value>
                <![CDATA[true]]>
              </value>
            </param>
          </params>
          <reporter-output>
          </reporter-output>
        </test-method> <!-- testEquals -->
        <test-method status="PASS" signature="testBasicConstruction()[pri:0, instance:org.j3d.maths.vector.Point4dTest@3842cbda]" name="testBasicConstruction" duration-ms="0" started-at="2013-12-23T22:46:10Z" finished-at="2013-12-23T22:46:10Z">
          <reporter-output>
          </reporter-output>
        </test-method> <!-- testBasicConstruction -->
      </class> <!-- org.j3d.maths.vector.Point4dTest -->
      <class name="org.j3d.util.interpolator.Coordinate2DInterpolatorTest">
        <test-method status="PASS" signature="setUp()[pri:0, instance:org.j3d.util.interpolator.Coordinate2DInterpolatorTest@78189538]" name="setUp" is-config="true" duration-ms="12" started-at="2013-12-23T22:46:10Z" finished-at="2013-12-23T22:46:10Z">
          <reporter-output>
          </reporter-output>
        </test-method> <!-- setUp -->
        <test-method status="PASS" signature="setUp()[pri:0, instance:org.j3d.util.interpolator.CoordinateInterpolatorTest@76be0b48]" name="setUp" is-config="true" duration-ms="0" started-at="2013-12-23T22:46:10Z" finished-at="2013-12-23T22:46:10Z">
          <reporter-output>
          </reporter-output>
        </test-method> <!-- setUp -->
        <test-method status="PASS" signature="setUp()[pri:0, instance:org.j3d.util.interpolator.PositionInterpolatorTest@6c27ca12]" name="setUp" is-config="true" duration-ms="0" started-at="2013-12-23T22:46:10Z" finished-at="2013-12-23T22:46:10Z">
          <reporter-output>
          </reporter-output>
        </test-method> <!-- setUp -->
        <test-method status="PASS" signature="setUp()[pri:0, instance:org.j3d.util.interpolator.ScalarInterpolatorTest@28439b37]" name="setUp" is-config="true" duration-ms="0" started-at="2013-12-23T22:46:10Z" finished-at="2013-12-23T22:46:10Z">
          <reporter-output>
          </reporter-output>
        </test-method> <!-- setUp -->
        <test-method status="PASS" signature="testClamping()[pri:0, instance:org.j3d.util.interpolator.Coordinate2DInterpolatorTest@78189538]" name="testClamping" duration-ms="1" started-at="2013-12-23T22:46:10Z" finished-at="2013-12-23T22:46:10Z">
          <reporter-output>
          </reporter-output>
        </test-method> <!-- testClamping -->
        <test-method status="PASS" signature="testCreateFloat()[pri:0, instance:org.j3d.util.interpolator.Coordinate2DInterpolatorTest@78189538]" name="testCreateFloat" duration-ms="0" started-at="2013-12-23T22:46:10Z" finished-at="2013-12-23T22:46:10Z">
          <reporter-output>
          </reporter-output>
        </test-method> <!-- testCreateFloat -->
        <test-method status="PASS" signature="testInvalidInsertNullValues()[pri:0, instance:org.j3d.util.interpolator.Coordinate2DInterpolatorTest@78189538]" name="testInvalidInsertNullValues" duration-ms="1" started-at="2013-12-23T22:46:10Z" finished-at="2013-12-23T22:46:10Z">
          <exception class="java.lang.IllegalArgumentException">
            <message>
              <![CDATA[Coord array is null]]>
            </message>
            <full-stacktrace>
              <![CDATA[java.lang.IllegalArgumentException: Coord array is null
	at org.j3d.util.interpolator.Coordinate2DInterpolator.addKeyFrame(Coordinate2DInterpolator.java:99)
	at org.j3d.util.interpolator.Coordinate2DInterpolatorTest.testInvalidInsertNullValues(Coordinate2DInterpolatorTest.java:57)
	at sun.reflect.NativeMethodAccessorImpl.invoke0(Native Method)
	at sun.reflect.NativeMethodAccessorImpl.invoke(NativeMethodAccessorImpl.java:57)
	at sun.reflect.DelegatingMethodAccessorImpl.invoke(DelegatingMethodAccessorImpl.java:43)
	at java.lang.reflect.Method.invoke(Method.java:601)
	at org.testng.internal.MethodInvocationHelper.invokeMethod(MethodInvocationHelper.java:84)
	at org.testng.internal.Invoker.invokeMethod(Invoker.java:714)
	at org.testng.internal.Invoker.invokeTestMethod(Invoker.java:901)
	at org.testng.internal.Invoker.invokeTestMethods(Invoker.java:1231)
	at org.testng.internal.TestMethodWorker.invokeTestMethods(TestMethodWorker.java:127)
	at org.testng.internal.TestMethodWorker.run(TestMethodWorker.java:111)
	at org.testng.TestRunner.privateRun(TestRunner.java:767)
	at org.testng.TestRunner.run(TestRunner.java:617)
	at org.testng.SuiteRunner.runTest(SuiteRunner.java:334)
	at org.testng.SuiteRunner.runSequentially(SuiteRunner.java:329)
	at org.testng.SuiteRunner.privateRun(SuiteRunner.java:291)
	at org.testng.SuiteRunner.run(SuiteRunner.java:240)
	at org.testng.SuiteRunnerWorker.runSuite(SuiteRunnerWorker.java:52)
	at org.testng.SuiteRunnerWorker.run(SuiteRunnerWorker.java:86)
	at org.testng.TestNG.runSuitesSequentially(TestNG.java:1224)
	at org.testng.TestNG.runSuitesLocally(TestNG.java:1149)
	at org.testng.TestNG.run(TestNG.java:1057)
	at org.apache.maven.surefire.testng.TestNGExecutor.run(TestNGExecutor.java:69)
	at org.apache.maven.surefire.testng.TestNGDirectoryTestSuite.executeMulti(TestNGDirectoryTestSuite.java:181)
	at org.apache.maven.surefire.testng.TestNGDirectoryTestSuite.execute(TestNGDirectoryTestSuite.java:99)
	at org.apache.maven.surefire.testng.TestNGProvider.invoke(TestNGProvider.java:113)
	at org.apache.maven.surefire.booter.ForkedBooter.invokeProviderInSameClassLoader(ForkedBooter.java:200)
	at org.apache.maven.surefire.booter.ForkedBooter.runSuitesInProcess(ForkedBooter.java:153)
	at org.apache.maven.surefire.booter.ForkedBooter.main(ForkedBooter.java:103)
]]>
            </full-stacktrace>
          </exception> <!-- java.lang.IllegalArgumentException -->
          <reporter-output>
          </reporter-output>
        </test-method> <!-- testInvalidInsertNullValues -->
        <test-method status="PASS" signature="testInvalidInsertLessThan2Values()[pri:0, instance:org.j3d.util.interpolator.Coordinate2DInterpolatorTest@78189538]" name="testInvalidInsertLessThan2Values" duration-ms="0" started-at="2013-12-23T22:46:10Z" finished-at="2013-12-23T22:46:10Z">
          <exception class="java.lang.IllegalArgumentException">
            <message>
              <![CDATA[Coordinates length not x 2]]>
            </message>
            <full-stacktrace>
              <![CDATA[java.lang.IllegalArgumentException: Coordinates length not x 2
	at org.j3d.util.interpolator.Coordinate2DInterpolator.addKeyFrame(Coordinate2DInterpolator.java:104)
	at org.j3d.util.interpolator.Coordinate2DInterpolatorTest.testInvalidInsertLessThan2Values(Coordinate2DInterpolatorTest.java:75)
	at sun.reflect.NativeMethodAccessorImpl.invoke0(Native Method)
	at sun.reflect.NativeMethodAccessorImpl.invoke(NativeMethodAccessorImpl.java:57)
	at sun.reflect.DelegatingMethodAccessorImpl.invoke(DelegatingMethodAccessorImpl.java:43)
	at java.lang.reflect.Method.invoke(Method.java:601)
	at org.testng.internal.MethodInvocationHelper.invokeMethod(MethodInvocationHelper.java:84)
	at org.testng.internal.Invoker.invokeMethod(Invoker.java:714)
	at org.testng.internal.Invoker.invokeTestMethod(Invoker.java:901)
	at org.testng.internal.Invoker.invokeTestMethods(Invoker.java:1231)
	at org.testng.internal.TestMethodWorker.invokeTestMethods(TestMethodWorker.java:127)
	at org.testng.internal.TestMethodWorker.run(TestMethodWorker.java:111)
	at org.testng.TestRunner.privateRun(TestRunner.java:767)
	at org.testng.TestRunner.run(TestRunner.java:617)
	at org.testng.SuiteRunner.runTest(SuiteRunner.java:334)
	at org.testng.SuiteRunner.runSequentially(SuiteRunner.java:329)
	at org.testng.SuiteRunner.privateRun(SuiteRunner.java:291)
	at org.testng.SuiteRunner.run(SuiteRunner.java:240)
	at org.testng.SuiteRunnerWorker.runSuite(SuiteRunnerWorker.java:52)
	at org.testng.SuiteRunnerWorker.run(SuiteRunnerWorker.java:86)
	at org.testng.TestNG.runSuitesSequentially(TestNG.java:1224)
	at org.testng.TestNG.runSuitesLocally(TestNG.java:1149)
	at org.testng.TestNG.run(TestNG.java:1057)
	at org.apache.maven.surefire.testng.TestNGExecutor.run(TestNGExecutor.java:69)
	at org.apache.maven.surefire.testng.TestNGDirectoryTestSuite.executeMulti(TestNGDirectoryTestSuite.java:181)
	at org.apache.maven.surefire.testng.TestNGDirectoryTestSuite.execute(TestNGDirectoryTestSuite.java:99)
	at org.apache.maven.surefire.testng.TestNGProvider.invoke(TestNGProvider.java:113)
	at org.apache.maven.surefire.booter.ForkedBooter.invokeProviderInSameClassLoader(ForkedBooter.java:200)
	at org.apache.maven.surefire.booter.ForkedBooter.runSuitesInProcess(ForkedBooter.java:153)
	at org.apache.maven.surefire.booter.ForkedBooter.main(ForkedBooter.java:103)
]]>
            </full-stacktrace>
          </exception> <!-- java.lang.IllegalArgumentException -->
          <reporter-output>
          </reporter-output>
        </test-method> <!-- testInvalidInsertLessThan2Values -->
        <test-method status="PASS" signature="testInvalidInsertNotMult2()[pri:0, instance:org.j3d.util.interpolator.Coordinate2DInterpolatorTest@78189538]" name="testInvalidInsertNotMult2" duration-ms="0" started-at="2013-12-23T22:46:10Z" finished-at="2013-12-23T22:46:10Z">
          <exception class="java.lang.IllegalArgumentException">
            <message>
              <![CDATA[Coordinates length not x 2]]>
            </message>
            <full-stacktrace>
              <![CDATA[java.lang.IllegalArgumentException: Coordinates length not x 2
	at org.j3d.util.interpolator.Coordinate2DInterpolator.addKeyFrame(Coordinate2DInterpolator.java:104)
	at org.j3d.util.interpolator.Coordinate2DInterpolatorTest.testInvalidInsertNotMult2(Coordinate2DInterpolatorTest.java:84)
	at sun.reflect.NativeMethodAccessorImpl.invoke0(Native Method)
	at sun.reflect.NativeMethodAccessorImpl.invoke(NativeMethodAccessorImpl.java:57)
	at sun.reflect.DelegatingMethodAccessorImpl.invoke(DelegatingMethodAccessorImpl.java:43)
	at java.lang.reflect.Method.invoke(Method.java:601)
	at org.testng.internal.MethodInvocationHelper.invokeMethod(MethodInvocationHelper.java:84)
	at org.testng.internal.Invoker.invokeMethod(Invoker.java:714)
	at org.testng.internal.Invoker.invokeTestMethod(Invoker.java:901)
	at org.testng.internal.Invoker.invokeTestMethods(Invoker.java:1231)
	at org.testng.internal.TestMethodWorker.invokeTestMethods(TestMethodWorker.java:127)
	at org.testng.internal.TestMethodWorker.run(TestMethodWorker.java:111)
	at org.testng.TestRunner.privateRun(TestRunner.java:767)
	at org.testng.TestRunner.run(TestRunner.java:617)
	at org.testng.SuiteRunner.runTest(SuiteRunner.java:334)
	at org.testng.SuiteRunner.runSequentially(SuiteRunner.java:329)
	at org.testng.SuiteRunner.privateRun(SuiteRunner.java:291)
	at org.testng.SuiteRunner.run(SuiteRunner.java:240)
	at org.testng.SuiteRunnerWorker.runSuite(SuiteRunnerWorker.java:52)
	at org.testng.SuiteRunnerWorker.run(SuiteRunnerWorker.java:86)
	at org.testng.TestNG.runSuitesSequentially(TestNG.java:1224)
	at org.testng.TestNG.runSuitesLocally(TestNG.java:1149)
	at org.testng.TestNG.run(TestNG.java:1057)
	at org.apache.maven.surefire.testng.TestNGExecutor.run(TestNGExecutor.java:69)
	at org.apache.maven.surefire.testng.TestNGDirectoryTestSuite.executeMulti(TestNGDirectoryTestSuite.java:181)
	at org.apache.maven.surefire.testng.TestNGDirectoryTestSuite.execute(TestNGDirectoryTestSuite.java:99)
	at org.apache.maven.surefire.testng.TestNGProvider.invoke(TestNGProvider.java:113)
	at org.apache.maven.surefire.booter.ForkedBooter.invokeProviderInSameClassLoader(ForkedBooter.java:200)
	at org.apache.maven.surefire.booter.ForkedBooter.runSuitesInProcess(ForkedBooter.java:153)
	at org.apache.maven.surefire.booter.ForkedBooter.main(ForkedBooter.java:103)
]]>
            </full-stacktrace>
          </exception> <!-- java.lang.IllegalArgumentException -->
          <reporter-output>
          </reporter-output>
        </test-method> <!-- testInvalidInsertNotMult2 -->
        <test-method status="PASS" signature="testKeyGenFloat()[pri:0, instance:org.j3d.util.interpolator.Coordinate2DInterpolatorTest@78189538]" name="testKeyGenFloat" duration-ms="0" started-at="2013-12-23T22:46:10Z" finished-at="2013-12-23T22:46:10Z">
          <reporter-output>
          </reporter-output>
        </test-method> <!-- testKeyGenFloat -->
        <test-method status="PASS" signature="testInvalidInsertZeroLengthValues()[pri:0, instance:org.j3d.util.interpolator.Coordinate2DInterpolatorTest@78189538]" name="testInvalidInsertZeroLengthValues" duration-ms="0" started-at="2013-12-23T22:46:10Z" finished-at="2013-12-23T22:46:10Z">
          <exception class="java.lang.IllegalArgumentException">
            <message>
              <![CDATA[Coordinates length not x 2]]>
            </message>
            <full-stacktrace>
              <![CDATA[java.lang.IllegalArgumentException: Coordinates length not x 2
	at org.j3d.util.interpolator.Coordinate2DInterpolator.addKeyFrame(Coordinate2DInterpolator.java:104)
	at org.j3d.util.interpolator.Coordinate2DInterpolatorTest.testInvalidInsertZeroLengthValues(Coordinate2DInterpolatorTest.java:66)
	at sun.reflect.NativeMethodAccessorImpl.invoke0(Native Method)
	at sun.reflect.NativeMethodAccessorImpl.invoke(NativeMethodAccessorImpl.java:57)
	at sun.reflect.DelegatingMethodAccessorImpl.invoke(DelegatingMethodAccessorImpl.java:43)
	at java.lang.reflect.Method.invoke(Method.java:601)
	at org.testng.internal.MethodInvocationHelper.invokeMethod(MethodInvocationHelper.java:84)
	at org.testng.internal.Invoker.invokeMethod(Invoker.java:714)
	at org.testng.internal.Invoker.invokeTestMethod(Invoker.java:901)
	at org.testng.internal.Invoker.invokeTestMethods(Invoker.java:1231)
	at org.testng.internal.TestMethodWorker.invokeTestMethods(TestMethodWorker.java:127)
	at org.testng.internal.TestMethodWorker.run(TestMethodWorker.java:111)
	at org.testng.TestRunner.privateRun(TestRunner.java:767)
[...]
	at org.testng.SuiteRunner.runTest(SuiteRunner.java:334)
	at org.testng.SuiteRunner.runSequentially(SuiteRunner.java:329)
	at org.testng.SuiteRunner.privateRun(SuiteRunner.java:291)
	at org.testng.SuiteRunner.run(SuiteRunner.java:240)
	at org.testng.SuiteRunnerWorker.runSuite(SuiteRunnerWorker.java:52)
	at org.testng.SuiteRunnerWorker.run(SuiteRunnerWorker.java:86)
	at org.testng.TestNG.runSuitesSequentially(TestNG.java:1224)
	at org.testng.TestNG.runSuitesLocally(TestNG.java:1149)
	at org.testng.TestNG.run(TestNG.java:1057)
	at org.apache.maven.surefire.testng.TestNGExecutor.run(TestNGExecutor.java:69)
	at org.apache.maven.surefire.testng.TestNGDirectoryTestSuite.executeMulti(TestNGDirectoryTestSuite.java:181)
	at org.apache.maven.surefire.testng.TestNGDirectoryTestSuite.execute(TestNGDirectoryTestSuite.java:99)
	at org.apache.maven.surefire.testng.TestNGProvider.invoke(TestNGProvider.java:113)
	at org.apache.maven.surefire.booter.ForkedBooter.invokeProviderInSameClassLoader(ForkedBooter.java:200)
	at org.apache.maven.surefire.booter.ForkedBooter.runSuitesInProcess(ForkedBooter.java:153)
	at org.apache.maven.surefire.booter.ForkedBooter.main(ForkedBooter.java:103)
]]>
            </full-stacktrace>
          </exception> <!-- java.lang.IllegalArgumentException -->
          <reporter-output>
          </reporter-output>
        </test-method> <!-- testAddPointV1Null -->
        <test-method status="PASS" signature="testCrossProduct([Ljava.lang.Double;, [Ljava.lang.Double;, [Ljava.lang.Double;)[pri:0, instance:org.j3d.maths.vector.Vector3dTest@29557211]" name="testCrossProduct" duration-ms="0" started-at="2013-12-23T22:46:10Z" data-provider="cross product" finished-at="2013-12-23T22:46:10Z">
          <params>
            <param index="0">
              <value>
                <![CDATA[[Ljava.lang.Double;@6a3d899a]]>
              </value>
            </param>
            <param index="1">
              <value>
                <![CDATA[[Ljava.lang.Double;@6e1513f3]]>
              </value>
            </param>
            <param index="2">
              <value>
                <![CDATA[[Ljava.lang.Double;@29d0eefb]]>
              </value>
            </param>
          </params>
          <reporter-output>
          </reporter-output>
        </test-method> <!-- testCrossProduct -->
        <test-method status="PASS" signature="testCrossProduct([Ljava.lang.Double;, [Ljava.lang.Double;, [Ljava.lang.Double;)[pri:0, instance:org.j3d.maths.vector.Vector3dTest@29557211]" name="testCrossProduct" duration-ms="0" started-at="2013-12-23T22:46:10Z" data-provider="cross product" finished-at="2013-12-23T22:46:10Z">
          <params>
            <param index="0">
              <value>
                <![CDATA[[Ljava.lang.Double;@5c2453bb]]>
              </value>
            </param>
            <param index="1">
              <value>
                <![CDATA[[Ljava.lang.Double;@54f5493f]]>
              </value>
            </param>
            <param index="2">
              <value>
                <![CDATA[[Ljava.lang.Double;@339bf2ac]]>
              </value>
            </param>
          </params>
          <reporter-output>
          </reporter-output>
        </test-method> <!-- testCrossProduct -->
        <test-method status="PASS" signature="testCrossProduct([Ljava.lang.Double;, [Ljava.lang.Double;, [Ljava.lang.Double;)[pri:0, instance:org.j3d.maths.vector.Vector3dTest@29557211]" name="testCrossProduct" duration-ms="1" started-at="2013-12-23T22:46:10Z" data-provider="cross product" finished-at="2013-12-23T22:46:10Z">
          <params>
            <param index="0">
              <value>
                <![CDATA[[Ljava.lang.Double;@53f9b62f]]>
              </value>
            </param>
            <param index="1">
              <value>
                <![CDATA[[Ljava.lang.Double;@2f27f2bb]]>
              </value>
            </param>
            <param index="2">
              <value>
                <![CDATA[[Ljava.lang.Double;@67b0eb2c]]>
              </value>
            </param>
          </params>
          <reporter-output>
          </reporter-output>
        </test-method> <!-- testCrossProduct -->
        <test-method status="PASS" signature="testCrossProduct([Ljava.lang.Double;, [Ljava.lang.Double;, [Ljava.lang.Double;)[pri:0, instance:org.j3d.maths.vector.Vector3dTest@29557211]" name="testCrossProduct" duration-ms="0" started-at="2013-12-23T22:46:10Z" data-provider="cross product" finished-at="2013-12-23T22:46:10Z">
          <params>
            <param index="0">
              <value>
                <![CDATA[[Ljava.lang.Double;@435914ac]]>
              </value>
            </param>
            <param index="1">
              <value>
                <![CDATA[[Ljava.lang.Double;@d5c4abf]]>
              </value>
            </param>
            <param index="2">
              <value>
                <![CDATA[[Ljava.lang.Double;@262f4873]]>
              </value>
            </param>
          </params>
          <reporter-output>
          </reporter-output>
        </test-method> <!-- testCrossProduct -->
        <test-method status="PASS" signature="testCrossProduct([Ljava.lang.Double;, [Ljava.lang.Double;, [Ljava.lang.Double;)[pri:0, instance:org.j3d.maths.vector.Vector3dTest@29557211]" name="testCrossProduct" duration-ms="0" started-at="2013-12-23T22:46:10Z" data-provider="cross product" finished-at="2013-12-23T22:46:10Z">
          <params>
            <param index="0">
              <value>
                <![CDATA[[Ljava.lang.Double;@3bb779cf]]>
              </value>
            </param>
            <param index="1">
              <value>
                <![CDATA[[Ljava.lang.Double;@a9e23aa]]>
              </value>
            </param>
            <param index="2">
              <value>
                <![CDATA[[Ljava.lang.Double;@14377358]]>
              </value>
            </param>
          </params>
          <reporter-output>
          </reporter-output>
        </test-method> <!-- testCrossProduct -->
        <test-method status="PASS" signature="testCrossProduct([Ljava.lang.Double;, [Ljava.lang.Double;, [Ljava.lang.Double;)[pri:0, instance:org.j3d.maths.vector.Vector3dTest@29557211]" name="testCrossProduct" duration-ms="0" started-at="2013-12-23T22:46:10Z" data-provider="cross product" finished-at="2013-12-23T22:46:10Z">
          <params>
            <param index="0">
              <value>
                <![CDATA[[Ljava.lang.Double;@101fcae3]]>
              </value>
            </param>
            <param index="1">
              <value>
                <![CDATA[[Ljava.lang.Double;@1741055a]]>
              </value>
            </param>
            <param index="2">
              <value>
                <![CDATA[[Ljava.lang.Double;@2dc663a3]]>
              </value>
            </param>
          </params>
          <reporter-output>
          </reporter-output>
        </test-method> <!-- testCrossProduct -->
      </class> <!-- org.j3d.maths.vector.Vector3dTest -->
      <class name="org.j3d.color.Color4fTest">
        <test-method status="PASS" signature="testBasicConstruction()[pri:0, instance:org.j3d.color.Color4fTest@5a472c8d]" name="testBasicConstruction" duration-ms="0" started-at="2013-12-23T22:46:10Z" finished-at="2013-12-23T22:46:10Z">
          <reporter-output>
          </reporter-output>
        </test-method> <!-- testBasicConstruction -->
        <test-method status="PASS" signature="testEquals([Ljava.lang.Float;, [Ljava.lang.Float;, boolean)[pri:0, instance:org.j3d.color.Color4fTest@5a472c8d]" name="testEquals" duration-ms="0" started-at="2013-12-23T22:46:10Z" data-provider="equals" finished-at="2013-12-23T22:46:10Z">
          <params>
            <param index="0">
              <value>
                <![CDATA[[Ljava.lang.Float;@27242aae]]>
              </value>
            </param>
            <param index="1">
              <value>
                <![CDATA[[Ljava.lang.Float;@376e1995]]>
              </value>
            </param>
            <param index="2">
              <value>
                <![CDATA[false]]>
              </value>
            </param>
          </params>
          <reporter-output>
          </reporter-output>
        </test-method> <!-- testEquals -->
        <test-method status="PASS" signature="testEquals([Ljava.lang.Float;, [Ljava.lang.Float;, boolean)[pri:0, instance:org.j3d.color.Color4fTest@5a472c8d]" name="testEquals" duration-ms="0" started-at="2013-12-23T22:46:10Z" data-provider="equals" finished-at="2013-12-23T22:46:10Z">
          <params>
            <param index="0">
              <value>
                <![CDATA[[Ljava.lang.Float;@70e08379]]>
              </value>
            </param>
            <param index="1">
              <value>
                <![CDATA[[Ljava.lang.Float;@23d7b6d4]]>
              </value>
            </param>
            <param index="2">
              <value>
                <![CDATA[true]]>
              </value>
            </param>
          </params>
          <reporter-output>
          </reporter-output>
        </test-method> <!-- testEquals -->
        <test-method status="PASS" signature="testEquals([Ljava.lang.Float;, [Ljava.lang.Float;, boolean)[pri:0, instance:org.j3d.color.Color4fTest@5a472c8d]" name="testEquals" duration-ms="0" started-at="2013-12-23T22:46:10Z" data-provider="equals" finished-at="2013-12-23T22:46:10Z">
          <params>
            <param index="0">
              <value>
                <![CDATA[[Ljava.lang.Float;@48e8e8bf]]>
              </value>
            </param>
            <param index="1">
              <value>
                <![CDATA[[Ljava.lang.Float;@330878fe]]>
              </value>
            </param>
            <param index="2">
              <value>
                <![CDATA[true]]>
              </value>
            </param>
          </params>
          <reporter-output>
          </reporter-output>
        </test-method> <!-- testEquals -->
        <test-method status="PASS" signature="testHashCode()[pri:0, instance:org.j3d.color.Color4fTest@5a472c8d]" name="testHashCode" duration-ms="0" started-at="2013-12-23T22:46:10Z" finished-at="2013-12-23T22:46:10Z">
          <reporter-output>
          </reporter-output>
        </test-method> <!-- testHashCode -->
        <test-method status="PASS" signature="testEquals([Ljava.lang.Float;, [Ljava.lang.Float;, boolean)[pri:0, instance:org.j3d.color.Color4fTest@5a472c8d]" name="testEquals" duration-ms="0" started-at="2013-12-23T22:46:10Z" data-provider="equals" finished-at="2013-12-23T22:46:10Z">
          <params>
            <param index="0">
              <value>
                <![CDATA[[Ljava.lang.Float;@1d51a1a1]]>
              </value>
            </param>
            <param index="1">
              <value>
                <![CDATA[[Ljava.lang.Float;@5a4a6010]]>
              </value>
            </param>
            <param index="2">
              <value>
                <![CDATA[true]]>
              </value>
            </param>
          </params>
          <reporter-output>
          </reporter-output>
        </test-method> <!-- testEquals -->
        <test-method status="PASS" signature="testEquals([Ljava.lang.Float;, [Ljava.lang.Float;, boolean)[pri:0, instance:org.j3d.color.Color4fTest@5a472c8d]" name="testEquals" duration-ms="0" started-at="2013-12-23T22:46:10Z" data-provider="equals" finished-at="2013-12-23T22:46:10Z">
          <params>
            <param index="0">
              <value>
                <![CDATA[[Ljava.lang.Float;@713f85de]]>
              </value>
            </param>
            <param index="1">
              <value>
                <![CDATA[[Ljava.lang.Float;@16debe8]]>
              </value>
            </param>
            <param index="2">
              <value>
                <![CDATA[true]]>
              </value>
            </param>
          </params>
          <reporter-output>
          </reporter-output>
        </test-method> <!-- testEquals -->
        <test-method status="PASS" signature="testSet()[pri:0, instance:org.j3d.color.Color4fTest@5a472c8d]" name="testSet" duration-ms="0" started-at="2013-12-23T22:46:10Z" finished-at="2013-12-23T22:46:10Z">
          <reporter-output>
          </reporter-output>
        </test-method> <!-- testSet -->
        <test-method status="PASS" signature="testNotEqualsToOther()[pri:0, instance:org.j3d.color.Color4fTest@5a472c8d]" name="testNotEqualsToOther" duration-ms="0" started-at="2013-12-23T22:46:10Z" finished-at="2013-12-23T22:46:10Z">
          <reporter-output>
          </reporter-output>
        </test-method> <!-- testNotEqualsToOther -->
      </class> <!-- org.j3d.color.Color4fTest -->
      <class name="org.j3d.util.interpolator.ScalarInterpolatorTest">
        <test-method status="PASS" signature="testClamping()[pri:0, instance:org.j3d.util.interpolator.ScalarInterpolatorTest@28439b37]" name="testClamping" duration-ms="0" started-at="2013-12-23T22:46:10Z" finished-at="2013-12-23T22:46:10Z">
          <reporter-output>
          </reporter-output>
        </test-method> <!-- testClamping -->
        <test-method status="PASS" signature="testCreate()[pri:0, instance:org.j3d.util.interpolator.ScalarInterpolatorTest@28439b37]" name="testCreate" duration-ms="1" started-at="2013-12-23T22:46:10Z" finished-at="2013-12-23T22:46:10Z">
          <reporter-output>
          </reporter-output>
        </test-method> <!-- testCreate -->
        <test-method status="PASS" signature="testValueInsert()[pri:0, instance:org.j3d.util.interpolator.ScalarInterpolatorTest@28439b37]" name="testValueInsert" duration-ms="0" started-at="2013-12-23T22:46:10Z" finished-at="2013-12-23T22:46:10Z">
          <reporter-output>
          </reporter-output>
        </test-method> <!-- testValueInsert -->
        <test-method status="PASS" signature="testKeyGenStep()[pri:0, instance:org.j3d.util.interpolator.ScalarInterpolatorTest@28439b37]" name="testKeyGenStep" duration-ms="0" started-at="2013-12-23T22:46:10Z" finished-at="2013-12-23T22:46:10Z">
          <reporter-output>
          </reporter-output>
        </test-method> <!-- testKeyGenStep -->
        <test-method status="PASS" signature="testKeyGenLinear()[pri:0, instance:org.j3d.util.interpolator.ScalarInterpolatorTest@28439b37]" name="testKeyGenLinear" duration-ms="0" started-at="2013-12-23T22:46:10Z" finished-at="2013-12-23T22:46:10Z">
          <reporter-output>
          </reporter-output>
        </test-method> <!-- testKeyGenLinear -->
      </class> <!-- org.j3d.util.interpolator.ScalarInterpolatorTest -->
      <class name="org.j3d.util.interpolator.PositionInterpolatorTest">
        <test-method status="PASS" signature="testClamping()[pri:0, instance:org.j3d.util.interpolator.PositionInterpolatorTest@6c27ca12]" name="testClamping" duration-ms="1" started-at="2013-12-23T22:46:10Z" finished-at="2013-12-23T22:46:10Z">
          <reporter-output>
          </reporter-output>
        </test-method> <!-- testClamping -->
        <test-method status="PASS" signature="testCreateFloat()[pri:0, instance:org.j3d.util.interpolator.PositionInterpolatorTest@6c27ca12]" name="testCreateFloat" duration-ms="0" started-at="2013-12-23T22:46:10Z" finished-at="2013-12-23T22:46:10Z">
          <reporter-output>
          </reporter-output>
        </test-method> <!-- testCreateFloat -->
        <test-method status="PASS" signature="testCreatePoint()[pri:0, instance:org.j3d.util.interpolator.PositionInterpolatorTest@6c27ca12]" name="testCreatePoint" duration-ms="1" started-at="2013-12-23T22:46:10Z" finished-at="2013-12-23T22:46:10Z">
          <reporter-output>
          </reporter-output>
        </test-method> <!-- testCreatePoint -->
        <test-method status="PASS" signature="testValueInsertFloat()[pri:0, instance:org.j3d.util.interpolator.PositionInterpolatorTest@6c27ca12]" name="testValueInsertFloat" duration-ms="0" started-at="2013-12-23T22:46:10Z" finished-at="2013-12-23T22:46:10Z">
          <reporter-output>
          </reporter-output>
        </test-method> <!-- testValueInsertFloat -->
        <test-method status="PASS" signature="testKeyGenFloat()[pri:0, instance:org.j3d.util.interpolator.PositionInterpolatorTest@6c27ca12]" name="testKeyGenFloat" duration-ms="0" started-at="2013-12-23T22:46:10Z" finished-at="2013-12-23T22:46:10Z">
          <reporter-output>
          </reporter-output>
        </test-method> <!-- testKeyGenFloat -->
        <test-method status="PASS" signature="testKeyGenPoint()[pri:0, instance:org.j3d.util.interpolator.PositionInterpolatorTest@6c27ca12]" name="testKeyGenPoint" duration-ms="0" started-at="2013-12-23T22:46:10Z" finished-at="2013-12-23T22:46:10Z">
          <reporter-output>
          </reporter-output>
        </test-method> <!-- testKeyGenPoint -->
        <test-method status="PASS" signature="testValueInsertPoint()[pri:0, instance:org.j3d.util.interpolator.PositionInterpolatorTest@6c27ca12]" name="testValueInsertPoint" duration-ms="0" started-at="2013-12-23T22:46:10Z" finished-at="2013-12-23T22:46:10Z">
          <reporter-output>
          </reporter-output>
        </test-method> <!-- testValueInsertPoint -->
      </class> <!-- org.j3d.util.interpolator.PositionInterpolatorTest -->
      <class name="org.j3d.maths.vector.SingularValueDecompositionTest">
        <test-method status="PASS" signature="testBasicConstruction()[pri:0, instance:org.j3d.maths.vector.SingularValueDecompositionTest@3b43b598]" name="testBasicConstruction" duration-ms="1" started-at="2013-12-23T22:46:10Z" finished-at="2013-12-23T22:46:10Z">
          <reporter-output>
          </reporter-output>
        </test-method> <!-- testBasicConstruction -->
        <test-method status="PASS" signature="testScaleRotateDecomposition()[pri:0, instance:org.j3d.maths.vector.SingularValueDecompositionTest@3b43b598]" name="testScaleRotateDecomposition" duration-ms="1" started-at="2013-12-23T22:46:10Z" finished-at="2013-12-23T22:46:10Z">
          <reporter-output>
          </reporter-output>
        </test-method> <!-- testScaleRotateDecomposition -->
        <test-method status="PASS" signature="testScaleOnlyDecomposition()[pri:0, instance:org.j3d.maths.vector.SingularValueDecompositionTest@3b43b598]" name="testScaleOnlyDecomposition" duration-ms="0" started-at="2013-12-23T22:46:10Z" finished-at="2013-12-23T22:46:10Z">
          <reporter-output>
          </reporter-output>
        </test-method> <!-- testScaleOnlyDecomposition -->
        <test-method status="PASS" signature="testIdentityDecomposition()[pri:0, instance:org.j3d.maths.vector.SingularValueDecompositionTest@3b43b598]" name="testIdentityDecomposition" duration-ms="0" started-at="2013-12-23T22:46:10Z" finished-at="2013-12-23T22:46:10Z">
          <reporter-output>
          </reporter-output>
        </test-method> <!-- testIdentityDecomposition -->
        <test-method status="PASS" signature="testRotationOnlyDecomposition()[pri:0, instance:org.j3d.maths.vector.SingularValueDecompositionTest@3b43b598]" name="testRotationOnlyDecomposition" duration-ms="0" started-at="2013-12-23T22:46:10Z" finished-at="2013-12-23T22:46:10Z">
          <reporter-output>
          </reporter-output>
        </test-method> <!-- testRotationOnlyDecomposition -->
        <test-method status="PASS" signature="testGenerateFlags()[pri:0, instance:org.j3d.maths.vector.SingularValueDecompositionTest@3b43b598]" name="testGenerateFlags" duration-ms="1" started-at="2013-12-23T22:46:10Z" depends-on-methods="org.j3d.maths.vector.SingularValueDecompositionTest.testScaleOnlyDecomposition" finished-at="2013-12-23T22:46:10Z">
          <reporter-output>
          </reporter-output>
        </test-method> <!-- testGenerateFlags -->
      </class> <!-- org.j3d.maths.vector.SingularValueDecompositionTest -->
    </test> <!-- Command line test -->
  </suite> <!-- Command line suite -->
</testng-results>
