<?xml version="1.0" encoding="UTF-8"?>
<testng-results skipped="0" failed="0" total="71" passed="71">
  <reporter-output>
  </reporter-output>
  <suite name="Command line suite" duration-ms="95" started-at="2013-12-23T11:46:11Z" finished-at="2013-12-23T11:46:11Z">
    <groups>
      <group name="unit">
        <method signature="BoxGeneratorTest.testCoordinateArray()[pri:0, instance:org.j3d.geom.BoxGeneratorTest@55d69fa3]" name="testCoordinateArray" class="org.j3d.geom.BoxGeneratorTest"/>
        <method signature="BoxGeneratorTest.testCreate()[pri:0, instance:org.j3d.geom.BoxGeneratorTest@55d69fa3]" name="testCreate" class="org.j3d.geom.BoxGeneratorTest"/>
        <method signature="BoxGeneratorTest.testNormalArray()[pri:0, instance:org.j3d.geom.BoxGeneratorTest@55d69fa3]" name="testNormalArray" class="org.j3d.geom.BoxGeneratorTest"/>
        <method signature="ConeGeneratorTest.testCoordinateArray()[pri:0, instance:org.j3d.geom.ConeGeneratorTest@7d8ab25b]" name="testCoordinateArray" class="org.j3d.geom.ConeGeneratorTest"/>
        <method signature="ConeGeneratorTest.testCreate()[pri:0, instance:org.j3d.geom.ConeGeneratorTest@7d8ab25b]" name="testCreate" class="org.j3d.geom.ConeGeneratorTest"/>
        <method signature="ConeGeneratorTest.testInvalidFacetsConstructor(int)[pri:0, instance:org.j3d.geom.ConeGeneratorTest@7d8ab25b]" name="testInvalidFacetsConstructor" class="org.j3d.geom.ConeGeneratorTest"/>
        <method signature="ConeGeneratorTest.testInvalidFacetsSetter(int)[pri:0, instance:org.j3d.geom.ConeGeneratorTest@7d8ab25b]" name="testInvalidFacetsSetter" class="org.j3d.geom.ConeGeneratorTest"/>
        <method signature="ConeGeneratorTest.testNormalArray()[pri:0, instance:org.j3d.geom.ConeGeneratorTest@7d8ab25b]" name="testNormalArray" class="org.j3d.geom.ConeGeneratorTest"/>
        <method signature="ConeGeneratorTest.testValidFacets()[pri:0, instance:org.j3d.geom.ConeGeneratorTest@7d8ab25b]" name="testValidFacets" class="org.j3d.geom.ConeGeneratorTest"/>
        <method signature="CylinderGeneratorTest.testCoordinateArray()[pri:0, instance:org.j3d.geom.CylinderGeneratorTest@748ff9a7]" name="testCoordinateArray" class="org.j3d.geom.CylinderGeneratorTest"/>
        <method signature="CylinderGeneratorTest.testCreate()[pri:0, instance:org.j3d.geom.CylinderGeneratorTest@748ff9a7]" name="testCreate" class="org.j3d.geom.CylinderGeneratorTest"/>
        <method signature="CylinderGeneratorTest.testInvalidFacetsConstructor(int)[pri:0, instance:org.j3d.geom.CylinderGeneratorTest@748ff9a7]" name="testInvalidFacetsConstructor" class="org.j3d.geom.CylinderGeneratorTest"/>
        <method signature="CylinderGeneratorTest.testInvalidFacetsSetter(int)[pri:0, instance:org.j3d.geom.CylinderGeneratorTest@748ff9a7]" name="testInvalidFacetsSetter" class="org.j3d.geom.CylinderGeneratorTest"/>
        <method signature="CylinderGeneratorTest.testNormalArray()[pri:0, instance:org.j3d.geom.CylinderGeneratorTest@748ff9a7]" name="testNormalArray" class="org.j3d.geom.CylinderGeneratorTest"/>
        <method signature="CylinderGeneratorTest.testValidFacets()[pri:0, instance:org.j3d.geom.CylinderGeneratorTest@748ff9a7]" name="testValidFacets" class="org.j3d.geom.CylinderGeneratorTest"/>
        <method signature="SphereGeneratorTest.testCoordinateArray()[pri:0, instance:org.j3d.geom.SphereGeneratorTest@184f7eba]" name="testCoordinateArray" class="org.j3d.geom.SphereGeneratorTest"/>
        <method signature="SphereGeneratorTest.testCreate()[pri:0, instance:org.j3d.geom.SphereGeneratorTest@184f7eba]" name="testCreate" class="org.j3d.geom.SphereGeneratorTest"/>
        <method signature="SphereGeneratorTest.testInvalidFacetsConstructor(int)[pri:0, instance:org.j3d.geom.SphereGeneratorTest@184f7eba]" name="testInvalidFacetsConstructor" class="org.j3d.geom.SphereGeneratorTest"/>
        <method signature="SphereGeneratorTest.testInvalidFacetsSetter(int)[pri:0, instance:org.j3d.geom.SphereGeneratorTest@184f7eba]" name="testInvalidFacetsSetter" class="org.j3d.geom.SphereGeneratorTest"/>
        <method signature="SphereGeneratorTest.testNormalArray()[pri:0, instance:org.j3d.geom.SphereGeneratorTest@184f7eba]" name="testNormalArray" class="org.j3d.geom.SphereGeneratorTest"/>
        <method signature="SphereGeneratorTest.testValidFacets()[pri:0, instance:org.j3d.geom.SphereGeneratorTest@184f7eba]" name="testValidFacets" class="org.j3d.geom.SphereGeneratorTest"/>
        <method signature="SpringGeneratorTest.testCoordinateArray()[pri:0, instance:org.j3d.geom.SpringGeneratorTest@b08f1ce]" name="testCoordinateArray" class="org.j3d.geom.SpringGeneratorTest"/>
        <method signature="SpringGeneratorTest.testCreate()[pri:0, instance:org.j3d.geom.SpringGeneratorTest@b08f1ce]" name="testCreate" class="org.j3d.geom.SpringGeneratorTest"/>
        <method signature="SpringGeneratorTest.testInvalidInnerFacetsConstructor(int)[pri:0, instance:org.j3d.geom.SpringGeneratorTest@b08f1ce]" name="testInvalidInnerFacetsConstructor" class="org.j3d.geom.SpringGeneratorTest"/>
        <method signature="SpringGeneratorTest.testInvalidInnerFacetsSetter(int)[pri:0, instance:org.j3d.geom.SpringGeneratorTest@b08f1ce]" name="testInvalidInnerFacetsSetter" class="org.j3d.geom.SpringGeneratorTest"/>
        <method signature="SpringGeneratorTest.testInvalidOuterFacetsConstructor(int)[pri:0, instance:org.j3d.geom.SpringGeneratorTest@b08f1ce]" name="testInvalidOuterFacetsConstructor" class="org.j3d.geom.SpringGeneratorTest"/>
        <method signature="SpringGeneratorTest.testInvalidOuterFacetsSetter(int)[pri:0, instance:org.j3d.geom.SpringGeneratorTest@b08f1ce]" name="testInvalidOuterFacetsSetter" class="org.j3d.geom.SpringGeneratorTest"/>
        <method signature="SpringGeneratorTest.testNormalArray()[pri:0, instance:org.j3d.geom.SpringGeneratorTest@b08f1ce]" name="testNormalArray" class="org.j3d.geom.SpringGeneratorTest"/>
        <method signature="SpringGeneratorTest.testValidFacets()[pri:0, instance:org.j3d.geom.SpringGeneratorTest@b08f1ce]" name="testValidFacets" class="org.j3d.geom.SpringGeneratorTest"/>
        <method signature="TorusGeneratorTest.testCoordinateArray()[pri:0, instance:org.j3d.geom.TorusGeneratorTest@56f6fc62]" name="testCoordinateArray" class="org.j3d.geom.TorusGeneratorTest"/>
        <method signature="TorusGeneratorTest.testCreate()[pri:0, instance:org.j3d.geom.TorusGeneratorTest@56f6fc62]" name="testCreate" class="org.j3d.geom.TorusGeneratorTest"/>
        <method signature="TorusGeneratorTest.testInvalidInnerFacetsConstructor(int)[pri:0, instance:org.j3d.geom.TorusGeneratorTest@56f6fc62]" name="testInvalidInnerFacetsConstructor" class="org.j3d.geom.TorusGeneratorTest"/>
        <method signature="TorusGeneratorTest.testInvalidInnerFacetsSetter(int)[pri:0, instance:org.j3d.geom.TorusGeneratorTest@56f6fc62]" name="testInvalidInnerFacetsSetter" class="org.j3d.geom.TorusGeneratorTest"/>
        <method signature="TorusGeneratorTest.testInvalidOuterFacetsConstructor(int)[pri:0, instance:org.j3d.geom.TorusGeneratorTest@56f6fc62]" name="testInvalidOuterFacetsConstructor" class="org.j3d.geom.TorusGeneratorTest"/>
        <method signature="TorusGeneratorTest.testInvalidOuterFacetsSetter(int)[pri:0, instance:org.j3d.geom.TorusGeneratorTest@56f6fc62]" name="testInvalidOuterFacetsSetter" class="org.j3d.geom.TorusGeneratorTest"/>
        <method signature="TorusGeneratorTest.testNormalArray()[pri:0, instance:org.j3d.geom.TorusGeneratorTest@56f6fc62]" name="testNormalArray" class="org.j3d.geom.TorusGeneratorTest"/>
        <method signature="TorusGeneratorTest.testValidFacets()[pri:0, instance:org.j3d.geom.TorusGeneratorTest@56f6fc62]" name="testValidFacets" class="org.j3d.geom.TorusGeneratorTest"/>
      </group> <!-- unit -->
    </groups>
    <test name="Command line test" duration-ms="95" started-at="2013-12-23T11:46:11Z" finished-at="2013-12-23T11:46:11Z">
      <class name="org.j3d.geom.SpringGeneratorTest">
        <test-method status="PASS" signature="testCoordinateArray()[pri:0, instance:org.j3d.geom.SpringGeneratorTest@b08f1ce]" name="testCoordinateArray" duration-ms="3" started-at="2013-12-23T22:46:11Z" finished-at="2013-12-23T22:46:11Z">
          <reporter-output>
          </reporter-output>
        </test-method> <!-- testCoordinateArray -->
        <test-method status="PASS" signature="testCreate()[pri:0, instance:org.j3d.geom.SpringGeneratorTest@b08f1ce]" name="testCreate" duration-ms="2" started-at="2013-12-23T22:46:11Z" finished-at="2013-12-23T22:46:11Z">
          <reporter-output>
          </reporter-output>
        </test-method> <!-- testCreate -->
        <test-method status="PASS" signature="testInvalidInnerFacetsConstructor(int)[pri:0, instance:org.j3d.geom.SpringGeneratorTest@b08f1ce]" name="testInvalidInnerFacetsConstructor" duration-ms="1" started-at="2013-12-23T22:46:11Z" data-provider="invalid inner facets" finished-at="2013-12-23T22:46:11Z">
          <params>
            <param index="0">
              <value>
                <![CDATA[0]]>
              </value>
            </param>
          </params>
          <exception class="java.lang.IllegalArgumentException">
            <message>
              <![CDATA[Number of facets is < 4]]>
            </message>
            <full-stacktrace>
              <![CDATA[java.lang.IllegalArgumentException: Number of facets is < 4
	at org.j3d.geom.SpringGenerator.<init>(SpringGenerator.java:217)
	at org.j3d.geom.SpringGenerator.<init>(SpringGenerator.java:171)
	at org.j3d.geom.SpringGeneratorTest.testInvalidInnerFacetsConstructor(SpringGeneratorTest.java:217)
	at sun.reflect.NativeMethodAccessorImpl.invoke0(Native Method)
	at sun.reflect.NativeMethodAccessorImpl.invoke(NativeMethodAccessorImpl.java:57)
	at sun.reflect.DelegatingMethodAccessorImpl.invoke(DelegatingMethodAccessorImpl.java:43)
	at java.lang.reflect.Method.invoke(Method.java:601)
	at org.testng.internal.MethodInvocationHelper.invokeMethod(MethodInvocationHelper.java:84)
	at org.testng.internal.Invoker.invokeMethod(Invoker.java:714)
	at org.testng.internal.Invoker.invokeTestMethod(Invoker.java:901)
	at org.testng.internal.Invoker.invokeTestMethods(Invoker.java:1231)
	at org.testng.internal.TestMethodWorker.invokeTestMethods(TestMethodWorker.java:127)
	at org.testng.internal.TestMethodWorker.run(TestMethodWorker.java:111)
	at org.testng.TestRunner.privateRun(TestRunner.java:767)
	at org.testng.TestRunner.run(TestRunner.java:617)
	at org.testng.SuiteRunner.runTest(SuiteRunner.java:334)
	at org.testng.SuiteRunner.runSequentially(SuiteRunner.java:329)
	at org.testng.SuiteRunner.privateRun(SuiteRunner.java:291)
	at org.testng.SuiteRunner.run(SuiteRunner.java:240)
	at org.testng.SuiteRunnerWorker.runSuite(SuiteRunnerWorker.java:52)
	at org.testng.SuiteRunnerWorker.run(SuiteRunnerWorker.java:86)
	at org.testng.TestNG.runSuitesSequentially(TestNG.java:1224)
	at org.testng.TestNG.runSuitesLocally(TestNG.java:1149)
	at org.testng.TestNG.run(TestNG.java:1057)
	at org.apache.maven.surefire.testng.TestNGExecutor.run(TestNGExecutor.java:69)
	at org.apache.maven.surefire.testng.TestNGDirectoryTestSuite.executeMulti(TestNGDirectoryTestSuite.java:181)
	at org.apache.maven.surefire.testng.TestNGDirectoryTestSuite.execute(TestNGDirectoryTestSuite.java:99)
	at org.apache.maven.surefire.testng.TestNGProvider.invoke(TestNGProvider.java:113)
	at org.apache.maven.surefire.booter.ForkedBooter.invokeProviderInSameClassLoader(ForkedBooter.java:200)
	at org.apache.maven.surefire.booter.ForkedBooter.runSuitesInProcess(ForkedBooter.java:153)
	at org.apache.maven.surefire.booter.ForkedBooter.main(ForkedBooter.java:103)
]]>
            </full-stacktrace>
          </exception> <!-- java.lang.IllegalArgumentException -->
          <reporter-output>
          </reporter-output>
        </test-method> <!-- testInvalidInnerFacetsConstructor -->
        <test-method status="PASS" signature="testInvalidInnerFacetsConstructor(int)[pri:0, instance:org.j3d.geom.SpringGeneratorTest@b08f1ce]" name="testInvalidInnerFacetsConstructor" duration-ms="0" started-at="2013-12-23T22:46:11Z" data-provider="invalid inner facets" finished-at="2013-12-23T22:46:11Z">
          <params>
            <param index="0">
              <value>
                <![CDATA[-5]]>
              </value>
            </param>
          </params>
          <exception class="java.lang.IllegalArgumentException">
            <message>
              <![CDATA[Number of facets is < 4]]>
            </message>
            <full-stacktrace>
              <![CDATA[java.lang.IllegalArgumentException: Number of facets is < 4
	at org.j3d.geom.SpringGenerator.<init>(SpringGenerator.java:217)
	at org.j3d.geom.SpringGenerator.<init>(SpringGenerator.java:171)
	at org.j3d.geom.SpringGeneratorTest.testInvalidInnerFacetsConstructor(SpringGeneratorTest.java:217)
	at sun.reflect.NativeMethodAccessorImpl.invoke0(Native Method)
	at sun.reflect.NativeMethodAccessorImpl.invoke(NativeMethodAccessorImpl.java:57)
	at sun.reflect.DelegatingMethodAccessorImpl.invoke(DelegatingMethodAccessorImpl.java:43)
	at java.lang.reflect.Method.invoke(Method.java:601)
	at org.testng.internal.MethodInvocationHelper.invokeMethod(MethodInvocationHelper.java:84)
	at org.testng.internal.Invoker.invokeMethod(Invoker.java:714)
	at org.testng.internal.Invoker.invokeTestMethod(Invoker.java:901)
	at org.testng.internal.Invoker.invokeTestMethods(Invoker.java:1231)
	at org.testng.internal.TestMethodWorker.invokeTestMethods(TestMethodWorker.java:127)
	at org.testng.internal.TestMethodWorker.run(TestMethodWorker.java:111)
	at org.testng.TestRunner.privateRun(TestRunner.java:767)
	at org.testng.TestRunner.run(TestRunner.java:617)
	at org.testng.SuiteRunner.runTest(SuiteRunner.java:334)
	at org.testng.SuiteRunner.runSequentially(SuiteRunner.java:329)
	at org.testng.SuiteRunner.privateRun(SuiteRunner.java:291)
	at org.testng.SuiteRunner.run(SuiteRunner.java:240)
	at org.testng.SuiteRunnerWorker.runSuite(SuiteRunnerWorker.java:52)
	at org.testng.SuiteRunnerWorker.run(SuiteRunnerWorker.java:86)
	at org.testng.TestNG.runSuitesSequentially(TestNG.java:1224)
	at org.testng.TestNG.runSuitesLocally(TestNG.java:1149)
	at org.testng.TestNG.run(TestNG.java:1057)
	at org.apache.maven.surefire.testng.TestNGExecutor.run(TestNGExecutor.java:69)
	at org.apache.maven.surefire.testng.TestNGDirectoryTestSuite.executeMulti(TestNGDirectoryTestSuite.java:181)
	at org.apache.maven.surefire.testng.TestNGDirectoryTestSuite.execute(TestNGDirectoryTestSuite.java:99)
	at org.apache.maven.surefire.testng.TestNGProvider.invoke(TestNGProvider.java:113)
	at org.apache.maven.surefire.booter.ForkedBooter.invokeProviderInSameClassLoader(ForkedBooter.java:200)
	at org.apache.maven.surefire.booter.ForkedBooter.runSuitesInProcess(ForkedBooter.java:153)
	at org.apache.maven.surefire.booter.ForkedBooter.main(ForkedBooter.java:103)
]]>
            </full-stacktrace>
          </exception> <!-- java.lang.IllegalArgumentException -->
          <reporter-output>
          </reporter-output>
        </test-method> <!-- testInvalidInnerFacetsConstructor -->
        <test-method status="PASS" signature="testInvalidInnerFacetsConstructor(int)[pri:0, instance:org.j3d.geom.SpringGeneratorTest@b08f1ce]" name="testInvalidInnerFacetsConstructor" duration-ms="0" started-at="2013-12-23T22:46:11Z" data-provider="invalid inner facets" finished-at="2013-12-23T22:46:11Z">
          <params>
            <param index="0">
              <value>
                <![CDATA[2]]>
              </value>
            </param>
          </params>
          <exception class="java.lang.IllegalArgumentException">
            <message>
              <![CDATA[Number of facets is < 4]]>
            </message>
            <full-stacktrace>
              <![CDATA[java.lang.IllegalArgumentException: Number of facets is < 4
	at org.j3d.geom.SpringGenerator.<init>(SpringGenerator.java:217)
	at org.j3d.geom.SpringGenerator.<init>(SpringGenerator.java:171)
	at org.j3d.geom.SpringGeneratorTest.testInvalidInnerFacetsConstructor(SpringGeneratorTest.java:217)
	at sun.reflect.NativeMethodAccessorImpl.invoke0(Native Method)
	at sun.reflect.NativeMethodAccessorImpl.invoke(NativeMethodAccessorImpl.java:57)
	at sun.reflect.DelegatingMethodAccessorImpl.invoke(DelegatingMethodAccessorImpl.java:43)
	at java.lang.reflect.Method.invoke(Method.java:601)
	at org.testng.internal.MethodInvocationHelper.invokeMethod(MethodInvocationHelper.java:84)
	at org.testng.internal.Invoker.invokeMethod(Invoker.java:714)
	at org.testng.internal.Invoker.invokeTestMethod(Invoker.java:901)
	at org.testng.internal.Invoker.invokeTestMethods(Invoker.java:1231)
	at org.testng.internal.TestMethodWorker.invokeTestMethods(TestMethodWorker.java:127)
	at org.testng.internal.TestMethodWorker.run(TestMethodWorker.java:111)
	at org.testng.TestRunner.privateRun(TestRunner.java:767)
	at org.testng.TestRunner.run(TestRunner.java:617)
	at org.testng.SuiteRunner.runTest(SuiteRunner.java:334)
	at org.testng.SuiteRunner.runSequentially(SuiteRunner.java:329)
	at org.testng.SuiteRunner.privateRun(SuiteRunner.java:291)
	at org.testng.SuiteRunner.run(SuiteRunner.java:240)
	at org.testng.SuiteRunnerWorker.runSuite(SuiteRunnerWorker.java:52)
	at org.testng.SuiteRunnerWorker.run(SuiteRunnerWorker.java:86)
	at org.testng.TestNG.runSuitesSequentially(TestNG.java:1224)
	at org.testng.TestNG.runSuitesLocally(TestNG.java:1149)
	at org.testng.TestNG.run(TestNG.java:1057)
	at org.apache.maven.surefire.testng.TestNGExecutor.run(TestNGExecutor.java:69)
	at org.apache.maven.surefire.testng.TestNGDirectoryTestSuite.executeMulti(TestNGDirectoryTestSuite.java:181)
	at org.apache.maven.surefire.testng.TestNGDirectoryTestSuite.execute(TestNGDirectoryTestSuite.java:99)
	at org.apache.maven.surefire.testng.TestNGProvider.invoke(TestNGProvider.java:113)
	at org.apache.maven.surefire.booter.ForkedBooter.invokeProviderInSameClassLoader(ForkedBooter.java:200)
	at org.apache.maven.surefire.booter.ForkedBooter.runSuitesInProcess(ForkedBooter.java:153)
	at org.apache.maven.surefire.booter.ForkedBooter.main(ForkedBooter.java:103)
]]>
            </full-stacktrace>
          </exception> <!-- java.lang.IllegalArgumentException -->
          <reporter-output>
          </reporter-output>
        </test-method> <!-- testInvalidInnerFacetsConstructor -->
        <test-method status="PASS" signature="testInvalidInnerFacetsConstructor(int)[pri:0, instance:org.j3d.geom.SpringGeneratorTest@b08f1ce]" name="testInvalidInnerFacetsConstructor" duration-ms="0" started-at="2013-12-23T22:46:11Z" data-provider="invalid inner facets" finished-at="2013-12-23T22:46:11Z">
          <params>
            <param index="0">
              <value>
                <![CDATA[10]]>
              </value>
            </param>
          </params>
          <exception class="java.lang.IllegalArgumentException">
            <message>
              <![CDATA[Inner facets not / 4]]>
            </message>
            <full-stacktrace>
              <![CDATA[java.lang.IllegalArgumentException: Inner facets not / 4
	at org.j3d.geom.SpringGenerator.<init>(SpringGenerator.java:220)
	at org.j3d.geom.SpringGenerator.<init>(SpringGenerator.java:171)
	at org.j3d.geom.SpringGeneratorTest.testInvalidInnerFacetsConstructor(SpringGeneratorTest.java:217)
	at sun.reflect.NativeMethodAccessorImpl.invoke0(Native Method)
	at sun.reflect.NativeMethodAccessorImpl.invoke(NativeMethodAccessorImpl.java:57)
	at sun.reflect.DelegatingMethodAccessorImpl.invoke(DelegatingMethodAccessorImpl.java:43)
	at java.lang.reflect.Method.invoke(Method.java:601)
	at org.testng.internal.MethodInvocationHelper.invokeMethod(MethodInvocationHelper.java:84)
	at org.testng.internal.Invoker.invokeMethod(Invoker.java:714)
	at org.testng.internal.Invoker.invokeTestMethod(Invoker.java:901)
	at org.testng.internal.Invoker.invokeTestMethods(Invoker.java:1231)
	at org.testng.internal.TestMethodWorker.invokeTestMethods(TestMethodWorker.java:127)
	at org.testng.internal.TestMethodWorker.run(TestMethodWorker.java:111)
	at org.testng.TestRunner.privateRun(TestRunner.java:767)
	at org.testng.TestRunner.run(TestRunner.java:617)
	at org.testng.SuiteRunner.runTest(SuiteRunner.java:334)
	at org.testng.SuiteRunner.runSequentially(SuiteRunner.java:329)
	at org.testng.SuiteRunner.privateRun(SuiteRunner.java:291)
	at org.testng.SuiteRunner.run(SuiteRunner.java:240)
	at org.testng.SuiteRunnerWorker.runSuite(SuiteRunnerWorker.java:52)
	at org.testng.SuiteRunnerWorker.run(SuiteRunnerWorker.java:86)
	at org.testng.TestNG.runSuitesSequentially(TestNG.java:1224)
	at org.testng.TestNG.runSuitesLocally(TestNG.java:1149)
	at org.testng.TestNG.run(TestNG.java:1057)
	at org.apache.maven.surefire.testng.TestNGExecutor.run(TestNGExecutor.java:69)
	at org.apache.maven.surefire.testng.TestNGDirectoryTestSuite.executeMulti(TestNGDirectoryTestSuite.java:181)
	at org.apache.maven.surefire.testng.TestNGDirectoryTestSuite.execute(TestNGDirectoryTestSuite.java:99)
	at org.apache.maven.surefire.testng.TestNGProvider.invoke(TestNGProvider.java:113)
	at org.apache.maven.surefire.booter.ForkedBooter.invokeProviderInSameClassLoader(ForkedBooter.java:200)
	at org.apache.maven.surefire.booter.ForkedBooter.runSuitesInProcess(ForkedBooter.java:153)
	at org.apache.maven.surefire.booter.ForkedBooter.main(ForkedBooter.java:103)
]]>
            </full-stacktrace>
          </exception> <!-- java.lang.IllegalArgumentException -->
          <reporter-output>
          </reporter-output>
        </test-method> <!-- testInvalidInnerFacetsConstructor -->
        <test-method status="PASS" signature="testInvalidInnerFacetsSetter(int)[pri:0, instance:org.j3d.geom.SpringGeneratorTest@b08f1ce]" name="testInvalidInnerFacetsSetter" duration-ms="1" started-at="2013-12-23T22:46:11Z" data-provider="invalid inner facets" finished-at="2013-12-23T22:46:11Z">
          <params>
            <param index="0">
              <value>
                <![CDATA[2]]>
              </value>
            </param>
          </params>
          <exception class="java.lang.IllegalArgumentException">
            <message>
              <![CDATA[Number of facets is < 4]]>
            </message>
            <full-stacktrace>
              <![CDATA[java.lang.IllegalArgumentException: Number of facets is < 4
	at org.j3d.geom.SpringGenerator.setFacetCount(SpringGenerator.java:300)
	at org.j3d.geom.SpringGeneratorTest.testInvalidInnerFacetsSetter(SpringGeneratorTest.java:224)
	at sun.reflect.NativeMethodAccessorImpl.invoke0(Native Method)
	at sun.reflect.NativeMethodAccessorImpl.invoke(NativeMethodAccessorImpl.java:57)
	at sun.reflect.DelegatingMethodAccessorImpl.invoke(DelegatingMethodAccessorImpl.java:43)
	at java.lang.reflect.Method.invoke(Method.java:601)
	at org.testng.internal.MethodInvocationHelper.invokeMethod(MethodInvocationHelper.java:84)
	at org.testng.internal.Invoker.invokeMethod(Invoker.java:714)
	at org.testng.internal.Invoker.invokeTestMethod(Invoker.java:901)
	at org.testng.internal.Invoker.invokeTestMethods(Invoker.java:1231)
	at org.testng.internal.TestMethodWorker.invokeTestMethods(TestMethodWorker.java:127)
	at org.testng.internal.TestMethodWorker.run(TestMethodWorker.java:111)
	at org.testng.TestRunner.privateRun(TestRunner.java:767)
	at org.testng.TestRunner.run(TestRunner.java:617)
	at org.testng.SuiteRunner.runTest(SuiteRunner.java:334)
	at org.testng.SuiteRunner.runSequentially(SuiteRunner.java:329)
	at org.testng.SuiteRunner.privateRun(SuiteRunner.java:291)
	at org.testng.SuiteRunner.run(SuiteRunner.java:240)
	at org.testng.SuiteRunnerWorker.runSuite(SuiteRunnerWorker.java:52)
	at org.testng.SuiteRunnerWorker.run(SuiteRunnerWorker.java:86)
	at org.testng.TestNG.runSuitesSequentially(TestNG.java:1224)
	at org.testng.TestNG.runSuitesLocally(TestNG.java:1149)
	at org.testng.TestNG.run(TestNG.java:1057)
	at org.apache.maven.surefire.testng.TestNGExecutor.run(TestNGExecutor.java:69)
	at org.apache.maven.surefire.testng.TestNGDirectoryTestSuite.executeMulti(TestNGDirectoryTestSuite.java:181)
	at org.apache.maven.surefire.testng.TestNGDirectoryTestSuite.execute(TestNGDirectoryTestSuite.java:99)
	at org.apache.maven.surefire.testng.TestNGProvider.invoke(TestNGProvider.java:113)
	at org.apache.maven.surefire.booter.ForkedBooter.invokeProviderInSameClassLoader(ForkedBooter.java:200)
	at org.apache.maven.surefire.booter.ForkedBooter.runSuitesInProcess(ForkedBooter.java:153)
	at org.apache.maven.surefire.booter.ForkedBooter.main(ForkedBooter.java:103)
]]>
            </full-stacktrace>
          </exception> <!-- java.lang.IllegalArgumentException -->
          <reporter-output>
          </reporter-output>
        </test-method> <!-- testInvalidInnerFacetsSetter -->
        <test-method status="PASS" signature="testInvalidInnerFacetsSetter(int)[pri:0, instance:org.j3d.geom.SpringGeneratorTest@b08f1ce]" name="testInvalidInnerFacetsSetter" duration-ms="0" started-at="2013-12-23T22:46:11Z" data-provider="invalid inner facets" finished-at="2013-12-23T22:46:11Z">
          <params>
            <param index="0">
              <value>
                <![CDATA[-5]]>
              </value>
            </param>
          </params>
          <exception class="java.lang.IllegalArgumentException">
            <message>
              <![CDATA[Number of facets is < 4]]>
            </message>
            <full-stacktrace>
              <![CDATA[java.lang.IllegalArgumentException: Number of facets is < 4
	at org.j3d.geom.SpringGenerator.setFacetCount(SpringGenerator.java:300)
	at org.j3d.geom.SpringGeneratorTest.testInvalidInnerFacetsSetter(SpringGeneratorTest.java:224)
	at sun.reflect.NativeMethodAccessorImpl.invoke0(Native Method)
	at sun.reflect.NativeMethodAccessorImpl.invoke(NativeMethodAccessorImpl.java:57)
	at sun.reflect.DelegatingMethodAccessorImpl.invoke(DelegatingMethodAccessorImpl.java:43)
	at java.lang.reflect.Method.invoke(Method.java:601)
	at org.testng.internal.MethodInvocationHelper.invokeMethod(MethodInvocationHelper.java:84)
	at org.testng.internal.Invoker.invokeMethod(Invoker.java:714)
	at org.testng.internal.Invoker.invokeTestMethod(Invoker.java:901)
	at org.testng.internal.Invoker.invokeTestMethods(Invoker.java:1231)
	at org.testng.internal.TestMethodWorker.invokeTestMethods(TestMethodWorker.java:127)
	at org.testng.internal.TestMethodWorker.run(TestMethodWorker.java:111)
	at org.testng.TestRunner.privateRun(TestRunner.java:767)
	at org.testng.TestRunner.run(TestRunner.java:617)
	at org.testng.SuiteRunner.runTest(SuiteRunner.java:334)
	at org.testng.SuiteRunner.runSequentially(SuiteRunner.java:329)
	at org.testng.SuiteRunner.privateRun(SuiteRunner.java:291)
	at org.testng.SuiteRunner.run(SuiteRunner.java:240)
	at org.testng.SuiteRunnerWorker.runSuite(SuiteRunnerWorker.java:52)
	at org.testng.SuiteRunnerWorker.run(SuiteRunnerWorker.java:86)
	at org.testng.TestNG.runSuitesSequentially(TestNG.java:1224)
	at org.testng.TestNG.runSuitesLocally(TestNG.java:1149)
	at org.testng.TestNG.run(TestNG.java:1057)
	at org.apache.maven.surefire.testng.TestNGExecutor.run(TestNGExecutor.java:69)
	at org.apache.maven.surefire.testng.TestNGDirectoryTestSuite.executeMulti(TestNGDirectoryTestSuite.java:181)
	at org.apache.maven.surefire.testng.TestNGDirectoryTestSuite.execute(TestNGDirectoryTestSuite.java:99)
	at org.apache.maven.surefire.testng.TestNGProvider.invoke(TestNGProvider.java:113)
	at org.apache.maven.surefire.booter.ForkedBooter.invokeProviderInSameClassLoader(ForkedBooter.java:200)
	at org.apache.maven.surefire.booter.ForkedBooter.runSuitesInProcess(ForkedBooter.java:153)
	at org.apache.maven.surefire.booter.ForkedBooter.main(ForkedBooter.java:103)
]]>
            </full-stacktrace>
          </exception> <!-- java.lang.IllegalArgumentException -->
          <reporter-output>
          </reporter-output>
        </test-method> <!-- testInvalidInnerFacetsSetter -->
        <test-method status="PASS" signature="testInvalidInnerFacetsSetter(int)[pri:0, instance:org.j3d.geom.SpringGeneratorTest@b08f1ce]" name="testInvalidInnerFacetsSetter" duration-ms="0" started-at="2013-12-23T22:46:11Z" data-provider="invalid inner facets" finished-at="2013-12-23T22:46:11Z">
          <params>
            <param index="0">
              <value>
                <![CDATA[0]]>
              </value>
            </param>
          </params>
          <exception class="java.lang.IllegalArgumentException">
            <message>
              <![CDATA[Number of facets is < 4]]>
            </message>
            <full-stacktrace>
              <![CDATA[java.lang.IllegalArgumentException: Number of facets is < 4
	at org.j3d.geom.SpringGenerator.setFacetCount(SpringGenerator.java:300)
	at org.j3d.geom.SpringGeneratorTest.testInvalidInnerFacetsSetter(SpringGeneratorTest.java:224)
	at sun.reflect.NativeMethodAccessorImpl.invoke0(Native Method)
	at sun.reflect.NativeMethodAccessorImpl.invoke(NativeMethodAccessorImpl.java:57)
	at sun.reflect.DelegatingMethodAccessorImpl.invoke(DelegatingMethodAccessorImpl.java:43)
	at java.lang.reflect.Method.invoke(Method.java:601)
	at org.testng.internal.MethodInvocationHelper.invokeMethod(MethodInvocationHelper.java:84)
	at org.testng.internal.Invoker.invokeMethod(Invoker.java:714)
	at org.testng.internal.Invoker.invokeTestMethod(Invoker.java:901)
	at org.testng.internal.Invoker.invokeTestMethods(Invoker.java:1231)
	at org.testng.internal.TestMethodWorker.invokeTestMethods(TestMethodWorker.java:127)
	at org.testng.internal.TestMethodWorker.run(TestMethodWorker.java:111)
	at org.testng.TestRunner.privateRun(TestRunner.java:767)
	at org.testng.TestRunner.run(TestRunner.java:617)
	at org.testng.SuiteRunner.runTest(SuiteRunner.java:334)
	at org.testng.SuiteRunner.runSequentially(SuiteRunner.java:329)
	at org.testng.SuiteRunner.privateRun(SuiteRunner.java:291)
	at org.testng.SuiteRunner.run(SuiteRunner.java:240)
	at org.testng.SuiteRunnerWorker.runSuite(SuiteRunnerWorker.java:52)
	at org.testng.SuiteRunnerWorker.run(SuiteRunnerWorker.java:86)
	at org.testng.TestNG.runSuitesSequentially(TestNG.java:1224)
	at org.testng.TestNG.runSuitesLocally(TestNG.java:1149)
	at org.testng.TestNG.run(TestNG.java:1057)
	at org.apache.maven.surefire.testng.TestNGExecutor.run(TestNGExecutor.java:69)
	at org.apache.maven.surefire.testng.TestNGDirectoryTestSuite.executeMulti(TestNGDirectoryTestSuite.java:181)
	at org.apache.maven.surefire.testng.TestNGDirectoryTestSuite.execute(TestNGDirectoryTestSuite.java:99)
	at org.apache.maven.surefire.testng.TestNGProvider.invoke(TestNGProvider.java:113)
	at org.apache.maven.surefire.booter.ForkedBooter.invokeProviderInSameClassLoader(ForkedBooter.java:200)
	at org.apache.maven.surefire.booter.ForkedBooter.runSuitesInProcess(ForkedBooter.java:153)
	at org.apache.maven.surefire.booter.ForkedBooter.main(ForkedBooter.java:103)
]]>
            </full-stacktrace>
          </exception> <!-- java.lang.IllegalArgumentException -->
          <reporter-output>
          </reporter-output>
        </test-method> <!-- testInvalidInnerFacetsSetter -->
        <test-method status="PASS" signature="testInvalidInnerFacetsSetter(int)[pri:0, instance:org.j3d.geom.SpringGeneratorTest@b08f1ce]" name="testInvalidInnerFacetsSetter" duration-ms="0" started-at="2013-12-23T22:46:11Z" data-provider="invalid inner facets" finished-at="2013-12-23T22:46:11Z">
          <params>
            <param index="0">
              <value>
                <![CDATA[10]]>
              </value>
            </param>
          </params>
          <exception class="java.lang.IllegalArgumentException">
            <message>
              <![CDATA[Inner facets not / 4]]>
            </message>
            <full-stacktrace>
              <![CDATA[java.lang.IllegalArgumentException: Inner facets not / 4
	at org.j3d.geom.SpringGenerator.setFacetCount(SpringGenerator.java:303)
	at org.j3d.geom.SpringGeneratorTest.testInvalidInnerFacetsSetter(SpringGeneratorTest.java:224)
	at sun.reflect.NativeMethodAccessorImpl.invoke0(Native Method)
	at sun.reflect.NativeMethodAccessorImpl.invoke(NativeMethodAccessorImpl.java:57)
	at sun.reflect.DelegatingMethodAccessorImpl.invoke(DelegatingMethodAccessorImpl.java:43)
	at java.lang.reflect.Method.invoke(Method.java:601)
	at org.testng.internal.MethodInvocationHelper.invokeMethod(MethodInvocationHelper.java:84)
	at org.testng.internal.Invoker.invokeMethod(Invoker.java:714)
	at org.testng.internal.Invoker.invokeTestMethod(Invoker.java:901)
	at org.testng.internal.Invoker.invokeTestMethods(Invoker.java:1231)
	at org.testng.internal.TestMethodWorker.invokeTestMethods(TestMethodWorker.java:127)
	at org.testng.internal.TestMethodWorker.run(TestMethodWorker.java:111)
	at org.testng.TestRunner.privateRun(TestRunner.java:767)
	at org.testng.TestRunner.run(TestRunner.java:617)
	at org.testng.SuiteRunner.runTest(SuiteRunner.java:334)
	at org.testng.SuiteRunner.runSequentially(SuiteRunner.java:329)
	at org.testng.SuiteRunner.privateRun(SuiteRunner.java:291)
	at org.testng.SuiteRunner.run(SuiteRunner.java:240)
	at org.testng.SuiteRunnerWorker.runSuite(SuiteRunnerWorker.java:52)
	at org.testng.SuiteRunnerWorker.run(SuiteRunnerWorker.java:86)
	at org.testng.TestNG.runSuitesSequentially(TestNG.java:1224)
	at org.testng.TestNG.runSuitesLocally(TestNG.java:1149)
	at org.testng.TestNG.run(TestNG.java:1057)
	at org.apache.maven.surefire.testng.TestNGExecutor.run(TestNGExecutor.java:69)
	at org.apache.maven.surefire.testng.TestNGDirectoryTestSuite.executeMulti(TestNGDirectoryTestSuite.java:181)
	at org.apache.maven.surefire.testng.TestNGDirectoryTestSuite.execute(TestNGDirectoryTestSuite.java:99)
	at org.apache.maven.surefire.testng.TestNGProvider.invoke(TestNGProvider.java:113)
	at org.apache.maven.surefire.booter.ForkedBooter.invokeProviderInSameClassLoader(ForkedBooter.java:200)
	at org.apache.maven.surefire.booter.ForkedBooter.runSuitesInProcess(ForkedBooter.java:153)
	at org.apache.maven.surefire.booter.ForkedBooter.main(ForkedBooter.java:103)
]]>
            </full-stacktrace>
          </exception> <!-- java.lang.IllegalArgumentException -->
          <reporter-output>
          </reporter-output>
        </test-method> <!-- testInvalidInnerFacetsSetter -->
        <test-method status="PASS" signature="testInvalidOuterFacetsConstructor(int)[pri:0, instance:org.j3d.geom.SpringGeneratorTest@b08f1ce]" name="testInvalidOuterFacetsConstructor" duration-ms="0" started-at="2013-12-23T22:46:11Z" data-provider="invalid outer facets" finished-at="2013-12-23T22:46:11Z">
          <params>
            <param index="0">
              <value>
                <![CDATA[0]]>
              </value>
            </param>
          </params>
          <exception class="java.lang.IllegalArgumentException">
            <message>
              <![CDATA[Number of facets is < 4]]>
            </message>
            <full-stacktrace>
              <![CDATA[java.lang.IllegalArgumentException: Number of facets is < 4
	at org.j3d.geom.SpringGenerator.<init>(SpringGenerator.java:217)
	at org.j3d.geom.SpringGenerator.<init>(SpringGenerator.java:171)
	at org.j3d.geom.SpringGeneratorTest.testInvalidOuterFacetsConstructor(SpringGeneratorTest.java:230)
	at sun.reflect.NativeMethodAccessorImpl.invoke0(Native Method)
	at sun.reflect.NativeMethodAccessorImpl.invoke(NativeMethodAccessorImpl.java:57)
	at sun.reflect.DelegatingMethodAccessorImpl.invoke(DelegatingMethodAccessorImpl.java:43)
	at java.lang.reflect.Method.invoke(Method.java:601)
	at org.testng.internal.MethodInvocationHelper.invokeMethod(MethodInvocationHelper.java:84)
	at org.testng.internal.Invoker.invokeMethod(Invoker.java:714)
	at org.testng.internal.Invoker.invokeTestMethod(Invoker.java:901)
	at org.testng.internal.Invoker.invokeTestMethods(Invoker.java:1231)
	at org.testng.internal.TestMethodWorker.invokeTestMethods(TestMethodWorker.java:127)
	at org.testng.internal.TestMethodWorker.run(TestMethodWorker.java:111)
	at org.testng.TestRunner.privateRun(TestRunner.java:767)
	at org.testng.TestRunner.run(TestRunner.java:617)
	at org.testng.SuiteRunner.runTest(SuiteRunner.java:334)
	at org.testng.SuiteRunner.runSequentially(SuiteRunner.java:329)
	at org.testng.SuiteRunner.privateRun(SuiteRunner.java:291)
	at org.testng.SuiteRunner.run(SuiteRunner.java:240)
	at org.testng.SuiteRunnerWorker.runSuite(SuiteRunnerWorker.java:52)
	at org.testng.SuiteRunnerWorker.run(SuiteRunnerWorker.java:86)
	at org.testng.TestNG.runSuitesSequentially(TestNG.java:1224)
	at org.testng.TestNG.runSuitesLocally(TestNG.java:1149)
	at org.testng.TestNG.run(TestNG.java:1057)
	at org.apache.maven.surefire.testng.TestNGExecutor.run(TestNGExecutor.java:69)
	at org.apache.maven.surefire.testng.TestNGDirectoryTestSuite.executeMulti(TestNGDirectoryTestSuite.java:181)
	at org.apache.maven.surefire.testng.TestNGDirectoryTestSuite.execute(TestNGDirectoryTestSuite.java:99)
	at org.apache.maven.surefire.testng.TestNGProvider.invoke(TestNGProvider.java:113)
	at org.apache.maven.surefire.booter.ForkedBooter.invokeProviderInSameClassLoader(ForkedBooter.java:200)
	at org.apache.maven.surefire.booter.ForkedBooter.runSuitesInProcess(ForkedBooter.java:153)
	at org.apache.maven.surefire.booter.ForkedBooter.main(ForkedBooter.java:103)
]]>
            </full-stacktrace>
          </exception> <!-- java.lang.IllegalArgumentException -->
          <reporter-output>
          </reporter-output>
        </test-method> <!-- testInvalidOuterFacetsConstructor -->
        <test-method status="PASS" signature="testInvalidOuterFacetsConstructor(int)[pri:0, instance:org.j3d.geom.SpringGeneratorTest@b08f1ce]" name="testInvalidOuterFacetsConstructor" duration-ms="0" started-at="2013-12-23T22:46:11Z" data-provider="invalid outer facets" finished-at="2013-12-23T22:46:11Z">
          <params>
            <param index="0">
              <value>
                <![CDATA[2]]>
              </value>
            </param>
          </params>
          <exception class="java.lang.IllegalArgumentException">
            <message>
              <![CDATA[Number of facets is < 4]]>
            </message>
            <full-stacktrace>
              <![CDATA[java.lang.IllegalArgumentException: Number of facets is < 4
	at org.j3d.geom.SpringGenerator.<init>(SpringGenerator.java:217)
	at org.j3d.geom.SpringGenerator.<init>(SpringGenerator.java:171)
	at org.j3d.geom.SpringGeneratorTest.testInvalidOuterFacetsConstructor(SpringGeneratorTest.java:230)
	at sun.reflect.NativeMethodAccessorImpl.invoke0(Native Method)
	at sun.reflect.NativeMethodAccessorImpl.invoke(NativeMethodAccessorImpl.java:57)
	at sun.reflect.DelegatingMethodAccessorImpl.invoke(DelegatingMethodAccessorImpl.java:43)
	at java.lang.reflect.Method.invoke(Method.java:601)
	at org.testng.internal.MethodInvocationHelper.invokeMethod(MethodInvocationHelper.java:84)
	at org.testng.internal.Invoker.invokeMethod(Invoker.java:714)
	at org.testng.internal.Invoker.invokeTestMethod(Invoker.java:901)
	at org.testng.internal.Invoker.invokeTestMethods(Invoker.java:1231)
	at org.testng.internal.TestMethodWorker.invokeTestMethods(TestMethodWorker.java:127)
	at org.testng.internal.TestMethodWorker.run(TestMethodWorker.java:111)
	at org.testng.TestRunner.privateRun(TestRunner.java:767)
	at org.testng.TestRunner.run(TestRunner.java:617)
	at org.testng.SuiteRunner.runTest(SuiteRunner.java:334)
	at org.testng.SuiteRunner.runSequentially(SuiteRunner.java:329)
	at org.testng.SuiteRunner.privateRun(SuiteRunner.java:291)
	at org.testng.SuiteRunner.run(SuiteRunner.java:240)
	at org.testng.SuiteRunnerWorker.runSuite(SuiteRunnerWorker.java:52)
	at org.testng.SuiteRunnerWorker.run(SuiteRunnerWorker.java:86)
	at org.testng.TestNG.runSuitesSequentially(TestNG.java:1224)
	at org.testng.TestNG.runSuitesLocally(TestNG.java:1149)
	at org.testng.TestNG.run(TestNG.java:1057)
	at org.apache.maven.surefire.testng.TestNGExecutor.run(TestNGExecutor.java:69)
	at org.apache.maven.surefire.testng.TestNGDirectoryTestSuite.executeMulti(TestNGDirectoryTestSuite.java:181)
	at org.apache.maven.surefire.testng.TestNGDirectoryTestSuite.execute(TestNGDirectoryTestSuite.java:99)
	at org.apache.maven.surefire.testng.TestNGProvider.invoke(TestNGProvider.java:113)
	at org.apache.maven.surefire.booter.ForkedBooter.invokeProviderInSameClassLoader(ForkedBooter.java:200)
	at org.apache.maven.surefire.booter.ForkedBooter.runSuitesInProcess(ForkedBooter.java:153)
	at org.apache.maven.surefire.booter.ForkedBooter.main(ForkedBooter.java:103)
]]>
            </full-stacktrace>
          </exception> <!-- java.lang.IllegalArgumentException -->
          <reporter-output>
          </reporter-output>
        </test-method> <!-- testInvalidOuterFacetsConstructor -->
        <test-method status="PASS" signature="testInvalidOuterFacetsConstructor(int)[pri:0, instance:org.j3d.geom.SpringGeneratorTest@b08f1ce]" name="testInvalidOuterFacetsConstructor" duration-ms="0" started-at="2013-12-23T22:46:11Z" data-provider="invalid outer facets" finished-at="2013-12-23T22:46:11Z">
          <params>
            <param index="0">
              <value>
                <![CDATA[-5]]>
              </value>
            </param>
          </params>
          <exception class="java.lang.IllegalArgumentException">
            <message>
              <![CDATA[Number of facets is < 4]]>
            </message>
            <full-stacktrace>
              <![CDATA[java.lang.IllegalArgumentException: Number of facets is < 4
	at org.j3d.geom.SpringGenerator.<init>(SpringGenerator.java:217)
	at org.j3d.geom.SpringGenerator.<init>(SpringGenerator.java:171)
	at org.j3d.geom.SpringGeneratorTest.testInvalidOuterFacetsConstructor(SpringGeneratorTest.java:230)
	at sun.reflect.NativeMethodAccessorImpl.invoke0(Native Method)
	at sun.reflect.NativeMethodAccessorImpl.invoke(NativeMethodAccessorImpl.java:57)
	at sun.reflect.DelegatingMethodAccessorImpl.invoke(DelegatingMethodAccessorImpl.java:43)
	at java.lang.reflect.Method.invoke(Method.java:601)
	at org.testng.internal.MethodInvocationHelper.invokeMethod(MethodInvocationHelper.java:84)
	at org.testng.internal.Invoker.invokeMethod(Invoker.java:714)
	at org.testng.internal.Invoker.invokeTestMethod(Invoker.java:901)
	at org.testng.internal.Invoker.invokeTestMethods(Invoker.java:1231)
	at org.testng.internal.TestMethodWorker.invokeTestMethods(TestMethodWorker.java:127)
	at org.testng.internal.TestMethodWorker.run(TestMethodWorker.java:111)
	at org.testng.TestRunner.privateRun(TestRunner.java:767)
	at org.testng.TestRunner.run(TestRunner.java:617)
	at org.testng.SuiteRunner.runTest(SuiteRunner.java:334)
	at org.testng.SuiteRunner.runSequentially(SuiteRunner.java:329)
	at org.testng.SuiteRunner.privateRun(SuiteRunner.java:291)
	at org.testng.SuiteRunner.run(SuiteRunner.java:240)
	at org.testng.SuiteRunnerWorker.runSuite(SuiteRunnerWorker.java:52)
	at org.testng.SuiteRunnerWorker.run(SuiteRunnerWorker.java:86)
	at org.testng.TestNG.runSuitesSequentially(TestNG.java:1224)
	at org.testng.TestNG.runSuitesLocally(TestNG.java:1149)
	at org.testng.TestNG.run(TestNG.java:1057)
	at org.apache.maven.surefire.testng.TestNGExecutor.run(TestNGExecutor.java:69)
	at org.apache.maven.surefire.testng.TestNGDirectoryTestSuite.executeMulti(TestNGDirectoryTestSuite.java:181)
	at org.apache.maven.surefire.testng.TestNGDirectoryTestSuite.execute(TestNGDirectoryTestSuite.java:99)
	at org.apache.maven.surefire.testng.TestNGProvider.invoke(TestNGProvider.java:113)
	at org.apache.maven.surefire.booter.ForkedBooter.invokeProviderInSameClassLoader(ForkedBooter.java:200)
	at org.apache.maven.surefire.booter.ForkedBooter.runSuitesInProcess(ForkedBooter.java:153)
	at org.apache.maven.surefire.booter.ForkedBooter.main(ForkedBooter.java:103)
]]>
            </full-stacktrace>
          </exception> <!-- java.lang.IllegalArgumentException -->
          <reporter-output>
          </reporter-output>
        </test-method> <!-- testInvalidOuterFacetsConstructor -->
        <test-method status="PASS" signature="testInvalidOuterFacetsSetter(int)[pri:0, instance:org.j3d.geom.SpringGeneratorTest@b08f1ce]" name="testInvalidOuterFacetsSetter" duration-ms="0" started-at="2013-12-23T22:46:11Z" data-provider="invalid outer facets" finished-at="2013-12-23T22:46:11Z">
          <params>
            <param index="0">
              <value>
                <![CDATA[-5]]>
              </value>
            </param>
          </params>
          <exception class="java.lang.IllegalArgumentException">
            <message>
              <![CDATA[Number of facets is < 4]]>
            </message>
            <full-stacktrace>
              <![CDATA[java.lang.IllegalArgumentException: Number of facets is < 4
	at org.j3d.geom.SpringGenerator.setFacetCount(SpringGenerator.java:300)
	at org.j3d.geom.SpringGeneratorTest.testInvalidOuterFacetsSetter(SpringGeneratorTest.java:237)
	at sun.reflect.NativeMethodAccessorImpl.invoke0(Native Method)
	at sun.reflect.NativeMethodAccessorImpl.invoke(NativeMethodAccessorImpl.java:57)
	at sun.reflect.DelegatingMethodAccessorImpl.invoke(DelegatingMethodAccessorImpl.java:43)
	at java.lang.reflect.Method.invoke(Method.java:601)
	at org.testng.internal.MethodInvocationHelper.invokeMethod(MethodInvocationHelper.java:84)
	at org.testng.internal.Invoker.invokeMethod(Invoker.java:714)
	at org.testng.internal.Invoker.invokeTestMethod(Invoker.java:901)
	at org.testng.internal.Invoker.invokeTestMethods(Invoker.java:1231)
	at org.testng.internal.TestMethodWorker.invokeTestMethods(TestMethodWorker.java:127)
	at org.testng.internal.TestMethodWorker.run(TestMethodWorker.java:111)
	at org.testng.TestRunner.privateRun(TestRunner.java:767)
	at org.testng.TestRunner.run(TestRunner.java:617)
	at org.testng.SuiteRunner.runTest(SuiteRunner.java:334)
	at org.testng.SuiteRunner.runSequentially(SuiteRunner.java:329)
	at org.testng.SuiteRunner.privateRun(SuiteRunner.java:291)
	at org.testng.SuiteRunner.run(SuiteRunner.java:240)
	at org.testng.SuiteRunnerWorker.runSuite(SuiteRunnerWorker.java:52)
	at org.testng.SuiteRunnerWorker.run(SuiteRunnerWorker.java:86)
	at org.testng.TestNG.runSuitesSequentially(TestNG.java:1224)
	at org.testng.TestNG.runSuitesLocally(TestNG.java:1149)
	at org.testng.TestNG.run(TestNG.java:1057)
	at org.apache.maven.surefire.testng.TestNGExecutor.run(TestNGExecutor.java:69)
	at org.apache.maven.surefire.testng.TestNGDirectoryTestSuite.executeMulti(TestNGDirectoryTestSuite.java:181)
	at org.apache.maven.surefire.testng.TestNGDirectoryTestSuite.execute(TestNGDirectoryTestSuite.java:99)
	at org.apache.maven.surefire.testng.TestNGProvider.invoke(TestNGProvider.java:113)
	at org.apache.maven.surefire.booter.ForkedBooter.invokeProviderInSameClassLoader(ForkedBooter.java:200)
	at org.apache.maven.surefire.booter.ForkedBooter.runSuitesInProcess(ForkedBooter.java:153)
	at org.apache.maven.surefire.booter.ForkedBooter.main(ForkedBooter.java:103)
]]>
            </full-stacktrace>
          </exception> <!-- java.lang.IllegalArgumentException -->
          <reporter-output>
          </reporter-output>
        </test-method> <!-- testInvalidOuterFacetsSetter -->
        <test-method status="PASS" signature="testInvalidOuterFacetsSetter(int)[pri:0, instance:org.j3d.geom.SpringGeneratorTest@b08f1ce]" name="testInvalidOuterFacetsSetter" duration-ms="1" started-at="2013-12-23T22:46:11Z" data-provider="invalid outer facets" finished-at="2013-12-23T22:46:11Z">
          <params>
            <param index="0">
              <value>
                <![CDATA[0]]>
              </value>
            </param>
          </params>
          <exception class="java.lang.IllegalArgumentException">
            <message>
              <![CDATA[Number of facets is < 4]]>
            </message>
            <full-stacktrace>
              <![CDATA[java.lang.IllegalArgumentException: Number of facets is < 4
	at org.j3d.geom.SpringGenerator.setFacetCount(SpringGenerator.java:300)
	at org.j3d.geom.SpringGeneratorTest.testInvalidOuterFacetsSetter(SpringGeneratorTest.java:237)
	at sun.reflect.NativeMethodAccessorImpl.invoke0(Native Method)
	at sun.reflect.NativeMethodAccessorImpl.invoke(NativeMethodAccessorImpl.java:57)
	at sun.reflect.DelegatingMethodAccessorImpl.invoke(DelegatingMethodAccessorImpl.java:43)
	at java.lang.reflect.Method.invoke(Method.java:601)
	at org.testng.internal.MethodInvocationHelper.invokeMethod(MethodInvocationHelper.java:84)
	at org.testng.internal.Invoker.invokeMethod(Invoker.java:714)
	at org.testng.internal.Invoker.invokeTestMethod(Invoker.java:901)
	at org.testng.internal.Invoker.invokeTestMethods(Invoker.java:1231)
	at org.testng.internal.TestMethodWorker.invokeTestMethods(TestMethodWorker.java:127)
	at org.testng.internal.TestMethodWorker.run(TestMethodWorker.java:111)
	at org.testng.TestRunner.privateRun(TestRunner.java:767)
	at org.testng.TestRunner.run(TestRunner.java:617)
	at org.testng.SuiteRunner.runTest(SuiteRunner.java:334)
	at org.testng.SuiteRunner.runSequentially(SuiteRunner.java:329)
	at org.testng.SuiteRunner.privateRun(SuiteRunner.java:291)
	at org.testng.SuiteRunner.run(SuiteRunner.java:240)
	at org.testng.SuiteRunnerWorker.runSuite(SuiteRunnerWorker.java:52)
	at org.testng.SuiteRunnerWorker.run(SuiteRunnerWorker.java:86)
	at org.testng.TestNG.runSuitesSequentially(TestNG.java:1224)
	at org.testng.TestNG.runSuitesLocally(TestNG.java:1149)
	at org.testng.TestNG.run(TestNG.java:1057)
	at org.apache.maven.surefire.testng.TestNGExecutor.run(TestNGExecutor.java:69)
	at org.apache.maven.surefire.testng.TestNGDirectoryTestSuite.executeMulti(TestNGDirectoryTestSuite.java:181)
	at org.apache.maven.surefire.testng.TestNGDirectoryTestSuite.execute(TestNGDirectoryTestSuite.java:99)
	at org.apache.maven.surefire.testng.TestNGProvider.invoke(TestNGProvider.java:113)
	at org.apache.maven.surefire.booter.ForkedBooter.invokeProviderInSameClassLoader(ForkedBooter.java:200)
	at org.apache.maven.surefire.booter.ForkedBooter.runSuitesInProcess(ForkedBooter.java:153)
	at org.apache.maven.surefire.booter.ForkedBooter.main(ForkedBooter.java:103)
]]>
            </full-stacktrace>
          </exception> <!-- java.lang.IllegalArgumentException -->
          <reporter-output>
          </reporter-output>
        </test-method> <!-- testInvalidOuterFacetsSetter -->
        <test-method status="PASS" signature="testInvalidOuterFacetsSetter(int)[pri:0, instance:org.j3d.geom.SpringGeneratorTest@b08f1ce]" name="testInvalidOuterFacetsSetter" duration-ms="0" started-at="2013-12-23T22:46:11Z" data-provider="invalid outer facets" finished-at="2013-12-23T22:46:11Z">
          <params>
            <param index="0">
              <value>
                <![CDATA[2]]>
              </value>
            </param>
          </params>
          <exception class="java.lang.IllegalArgumentException">
            <message>
              <![CDATA[Number of facets is < 4]]>
            </message>
            <full-stacktrace>
              <![CDATA[java.lang.IllegalArgumentException: Number of facets is < 4
	at org.j3d.geom.SpringGenerator.setFacetCount(SpringGenerator.java:300)
	at org.j3d.geom.SpringGeneratorTest.testInvalidOuterFacetsSetter(SpringGeneratorTest.java:237)
	at sun.reflect.NativeMethodAccessorImpl.invoke0(Native Method)
	at sun.reflect.NativeMethodAccessorImpl.invoke(NativeMethodAccessorImpl.java:57)
	at sun.reflect.DelegatingMethodAccessorImpl.invoke(DelegatingMethodAccessorImpl.java:43)
	at java.lang.reflect.Method.invoke(Method.java:601)
	at org.testng.internal.MethodInvocationHelper.invokeMethod(MethodInvocationHelper.java:84)
	at org.testng.internal.Invoker.invokeMethod(Invoker.java:714)
	at org.testng.internal.Invoker.invokeTestMethod(Invoker.java:901)
	at org.testng.internal.Invoker.invokeTestMethods(Invoker.java:1231)
	at org.testng.internal.TestMethodWorker.invokeTestMethods(TestMethodWorker.java:127)
	at org.testng.internal.TestMethodWorker.run(TestMethodWorker.java:111)
	at org.testng.TestRunner.privateRun(TestRunner.java:767)
	at org.testng.TestRunner.run(TestRunner.java:617)
	at org.testng.SuiteRunner.runTest(SuiteRunner.java:334)
	at org.testng.SuiteRunner.runSequentially(SuiteRunner.java:329)
	at org.testng.SuiteRunner.privateRun(SuiteRunner.java:291)
	at org.testng.SuiteRunner.run(SuiteRunner.java:240)
	at org.testng.SuiteRunnerWorker.runSuite(SuiteRunnerWorker.java:52)
	at org.testng.SuiteRunnerWorker.run(SuiteRunnerWorker.java:86)
	at org.testng.TestNG.runSuitesSequentially(TestNG.java:1224)
	at org.testng.TestNG.runSuitesLocally(TestNG.java:1149)
	at org.testng.TestNG.run(TestNG.java:1057)
	at org.apache.maven.surefire.testng.TestNGExecutor.run(TestNGExecutor.java:69)
	at org.apache.maven.surefire.testng.TestNGDirectoryTestSuite.executeMulti(TestNGDirectoryTestSuite.java:181)
	at org.apache.maven.surefire.testng.TestNGDirectoryTestSuite.execute(TestNGDirectoryTestSuite.java:99)
	at org.apache.maven.surefire.testng.TestNGProvider.invoke(TestNGProvider.java:113)
	at org.apache.maven.surefire.booter.ForkedBooter.invokeProviderInSameClassLoader(ForkedBooter.java:200)
	at org.apache.maven.surefire.booter.ForkedBooter.runSuitesInProcess(ForkedBooter.java:153)
	at org.apache.maven.surefire.booter.ForkedBooter.main(ForkedBooter.java:103)
]]>
            </full-stacktrace>
          </exception> <!-- java.lang.IllegalArgumentException -->
          <reporter-output>
          </reporter-output>
        </test-method> <!-- testInvalidOuterFacetsSetter -->
        <test-method status="PASS" signature="testNormalArray()[pri:0, instance:org.j3d.geom.SpringGeneratorTest@b08f1ce]" name="testNormalArray" duration-ms="1" started-at="2013-12-23T22:46:11Z" finished-at="2013-12-23T22:46:11Z">
          <reporter-output>
          </reporter-output>
        </test-method> <!-- testNormalArray -->
        <test-method status="PASS" signature="testValidFacets()[pri:0, instance:org.j3d.geom.SpringGeneratorTest@b08f1ce]" name="testValidFacets" duration-ms="5" started-at="2013-12-23T22:46:11Z" finished-at="2013-12-23T22:46:11Z">
          <reporter-output>
          </reporter-output>
        </test-method> <!-- testValidFacets -->
      </class> <!-- org.j3d.geom.SpringGeneratorTest -->
      <class name="org.j3d.geom.SphereGeneratorTest">
        <test-method status="PASS" signature="testCoordinateArray()[pri:0, instance:org.j3d.geom.SphereGeneratorTest@184f7eba]" name="testCoordinateArray" duration-ms="3" started-at="2013-12-23T22:46:11Z" finished-at="2013-12-23T22:46:11Z">
          <reporter-output>
          </reporter-output>
        </test-method> <!-- testCoordinateArray -->
        <test-method status="PASS" signature="testCreate()[pri:0, instance:org.j3d.geom.SphereGeneratorTest@184f7eba]" name="testCreate" duration-ms="4" started-at="2013-12-23T22:46:11Z" finished-at="2013-12-23T22:46:11Z">
          <reporter-output>
          </reporter-output>
        </test-method> <!-- testCreate -->
        <test-method status="PASS" signature="testInvalidFacetsConstructor(int)[pri:0, instance:org.j3d.geom.SphereGeneratorTest@184f7eba]" name="testInvalidFacetsConstructor" duration-ms="0" started-at="2013-12-23T22:46:11Z" data-provider="invalid facets" finished-at="2013-12-23T22:46:11Z">
          <params>
            <param index="0">
              <value>
                <![CDATA[-5]]>
              </value>
            </param>
          </params>
          <exception class="java.lang.IllegalArgumentException">
            <message>
              <![CDATA[Number of facets is < 4]]>
            </message>
            <full-stacktrace>
              <![CDATA[java.lang.IllegalArgumentException: Number of facets is < 4
	at org.j3d.geom.SphereGenerator.<init>(SphereGenerator.java:154)
	at org.j3d.geom.SphereGenerator.<init>(SphereGenerator.java:137)
	at org.j3d.geom.SphereGeneratorTest.testInvalidFacetsConstructor(SphereGeneratorTest.java:221)
	at sun.reflect.NativeMethodAccessorImpl.invoke0(Native Method)
	at sun.reflect.NativeMethodAccessorImpl.invoke(NativeMethodAccessorImpl.java:57)
	at sun.reflect.DelegatingMethodAccessorImpl.invoke(DelegatingMethodAccessorImpl.java:43)
	at java.lang.reflect.Method.invoke(Method.java:601)
	at org.testng.internal.MethodInvocationHelper.invokeMethod(MethodInvocationHelper.java:84)
	at org.testng.internal.Invoker.invokeMethod(Invoker.java:714)
	at org.testng.internal.Invoker.invokeTestMethod(Invoker.java:901)
	at org.testng.internal.Invoker.invokeTestMethods(Invoker.java:1231)
	at org.testng.internal.TestMethodWorker.invokeTestMethods(TestMethodWorker.java:127)
	at org.testng.internal.TestMethodWorker.run(TestMethodWorker.java:111)
	at org.testng.TestRunner.privateRun(TestRunner.java:767)
	at org.testng.TestRunner.run(TestRunner.java:617)
	at org.testng.SuiteRunner.runTest(SuiteRunner.java:334)
	at org.testng.SuiteRunner.runSequentially(SuiteRunner.java:329)
	at org.testng.SuiteRunner.privateRun(SuiteRunner.java:291)
	at org.testng.SuiteRunner.run(SuiteRunner.java:240)
	at org.testng.SuiteRunnerWorker.runSuite(SuiteRunnerWorker.java:52)
	at org.testng.SuiteRunnerWorker.run(SuiteRunnerWorker.java:86)
	at org.testng.TestNG.runSuitesSequentially(TestNG.java:1224)
	at org.testng.TestNG.runSuitesLocally(TestNG.java:1149)
	at org.testng.TestNG.run(TestNG.java:1057)
	at org.apache.maven.surefire.testng.TestNGExecutor.run(TestNGExecutor.java:69)
	at org.apache.maven.surefire.testng.TestNGDirectoryTestSuite.executeMulti(TestNGDirectoryTestSuite.java:181)
	at org.apache.maven.surefire.testng.TestNGDirectoryTestSuite.execute(TestNGDirectoryTestSuite.java:99)
	at org.apache.maven.surefire.testng.TestNGProvider.invoke(TestNGProvider.java:113)
	at org.apache.maven.surefire.booter.ForkedBooter.invokeProviderInSameClassLoader(ForkedBooter.java:200)
	at org.apache.maven.surefire.booter.ForkedBooter.runSuitesInProcess(ForkedBooter.java:153)
	at org.apache.maven.surefire.booter.ForkedBooter.main(ForkedBooter.java:103)
]]>
            </full-stacktrace>
          </exception> <!-- java.lang.IllegalArgumentException -->
          <reporter-output>
          </reporter-output>
        </test-method> <!-- testInvalidFacetsConstructor -->
        <test-method status="PASS" signature="testInvalidFacetsConstructor(int)[pri:0, instance:org.j3d.geom.SphereGeneratorTest@184f7eba]" name="testInvalidFacetsConstructor" duration-ms="0" started-at="2013-12-23T22:46:11Z" data-provider="invalid facets" finished-at="2013-12-23T22:46:11Z">
          <params>
            <param index="0">
              <value>
                <![CDATA[0]]>
              </value>
            </param>
          </params>
          <exception class="java.lang.IllegalArgumentException">
            <message>
              <![CDATA[Number of facets is < 4]]>
            </message>
            <full-stacktrace>
              <![CDATA[java.lang.IllegalArgumentException: Number of facets is < 4
	at org.j3d.geom.SphereGenerator.<init>(SphereGenerator.java:154)
	at org.j3d.geom.SphereGenerator.<init>(SphereGenerator.java:137)
	at org.j3d.geom.SphereGeneratorTest.testInvalidFacetsConstructor(SphereGeneratorTest.java:221)
	at sun.reflect.NativeMethodAccessorImpl.invoke0(Native Method)
	at sun.reflect.NativeMethodAccessorImpl.invoke(NativeMethodAccessorImpl.java:57)
	at sun.reflect.DelegatingMethodAccessorImpl.invoke(DelegatingMethodAccessorImpl.java:43)
	at java.lang.reflect.Method.invoke(Method.java:601)
	at org.testng.internal.MethodInvocationHelper.invokeMethod(MethodInvocationHelper.java:84)
	at org.testng.internal.Invoker.invokeMethod(Invoker.java:714)
	at org.testng.internal.Invoker.invokeTestMethod(Invoker.java:901)
	at org.testng.internal.Invoker.invokeTestMethods(Invoker.java:1231)
	at org.testng.internal.TestMethodWorker.invokeTestMethods(TestMethodWorker.java:127)
	at org.testng.internal.TestMethodWorker.run(TestMethodWorker.java:111)
	at org.testng.TestRunner.privateRun(TestRunner.java:767)
	at org.testng.TestRunner.run(TestRunner.java:617)
	at org.testng.SuiteRunner.runTest(SuiteRunner.java:334)
	at org.testng.SuiteRunner.runSequentially(SuiteRunner.java:329)
	at org.testng.SuiteRunner.privateRun(SuiteRunner.java:291)
	at org.testng.SuiteRunner.run(SuiteRunner.java:240)
	at org.testng.SuiteRunnerWorker.runSuite(SuiteRunnerWorker.java:52)
	at org.testng.SuiteRunnerWorker.run(SuiteRunnerWorker.java:86)
	at org.testng.TestNG.runSuitesSequentially(TestNG.java:1224)
	at org.testng.TestNG.runSuitesLocally(TestNG.java:1149)
	at org.testng.TestNG.run(TestNG.java:1057)
	at org.apache.maven.surefire.testng.TestNGExecutor.run(TestNGExecutor.java:69)
	at org.apache.maven.surefire.testng.TestNGDirectoryTestSuite.executeMulti(TestNGDirectoryTestSuite.java:181)
	at org.apache.maven.surefire.testng.TestNGDirectoryTestSuite.execute(TestNGDirectoryTestSuite.java:99)
	at org.apache.maven.surefire.testng.TestNGProvider.invoke(TestNGProvider.java:113)
	at org.apache.maven.surefire.booter.ForkedBooter.invokeProviderInSameClassLoader(ForkedBooter.java:200)
	at org.apache.maven.surefire.booter.ForkedBooter.runSuitesInProcess(ForkedBooter.java:153)
	at org.apache.maven.surefire.booter.ForkedBooter.main(ForkedBooter.java:103)
]]>
            </full-stacktrace>
          </exception> <!-- java.lang.IllegalArgumentException -->
          <reporter-output>
          </reporter-output>
        </test-method> <!-- testInvalidFacetsConstructor -->
        <test-method status="PASS" signature="testInvalidFacetsConstructor(int)[pri:0, instance:org.j3d.geom.SphereGeneratorTest@184f7eba]" name="testInvalidFacetsConstructor" duration-ms="0" started-at="2013-12-23T22:46:11Z" data-provider="invalid facets" finished-at="2013-12-23T22:46:11Z">
          <params>
            <param index="0">
              <value>
                <![CDATA[2]]>
              </value>
            </param>
          </params>
          <exception class="java.lang.IllegalArgumentException">
            <message>
              <![CDATA[Number of facets is < 4]]>
            </message>
            <full-stacktrace>
              <![CDATA[java.lang.IllegalArgumentException: Number of facets is < 4
	at org.j3d.geom.SphereGenerator.<init>(SphereGenerator.java:154)
	at org.j3d.geom.SphereGenerator.<init>(SphereGenerator.java:137)
	at org.j3d.geom.SphereGeneratorTest.testInvalidFacetsConstructor(SphereGeneratorTest.java:221)
	at sun.reflect.NativeMethodAccessorImpl.invoke0(Native Method)
	at sun.reflect.NativeMethodAccessorImpl.invoke(NativeMethodAccessorImpl.java:57)
	at sun.reflect.DelegatingMethodAccessorImpl.invoke(DelegatingMethodAccessorImpl.java:43)
	at java.lang.reflect.Method.invoke(Method.java:601)
	at org.testng.internal.MethodInvocationHelper.invokeMethod(MethodInvocationHelper.java:84)
	at org.testng.internal.Invoker.invokeMethod(Invoker.java:714)
	at org.testng.internal.Invoker.invokeTestMethod(Invoker.java:901)
	at org.testng.internal.Invoker.invokeTestMethods(Invoker.java:1231)
	at org.testng.internal.TestMethodWorker.invokeTestMethods(TestMethodWorker.java:127)
	at org.testng.internal.TestMethodWorker.run(TestMethodWorker.java:111)
	at org.testng.TestRunner.privateRun(TestRunner.java:767)
	at org.testng.TestRunner.run(TestRunner.java:617)
	at org.testng.SuiteRunner.runTest(SuiteRunner.java:334)
	at org.testng.SuiteRunner.runSequentially(SuiteRunner.java:329)
	at org.testng.SuiteRunner.privateRun(SuiteRunner.java:291)
	at org.testng.SuiteRunner.run(SuiteRunner.java:240)
	at org.testng.SuiteRunnerWorker.runSuite(SuiteRunnerWorker.java:52)
	at org.testng.SuiteRunnerWorker.run(SuiteRunnerWorker.java:86)
	at org.testng.TestNG.runSuitesSequentially(TestNG.java:1224)
	at org.testng.TestNG.runSuitesLocally(TestNG.java:1149)
	at org.testng.TestNG.run(TestNG.java:1057)
	at org.apache.maven.surefire.testng.TestNGExecutor.run(TestNGExecutor.java:69)
	at org.apache.maven.surefire.testng.TestNGDirectoryTestSuite.executeMulti(TestNGDirectoryTestSuite.java:181)
	at org.apache.maven.surefire.testng.TestNGDirectoryTestSuite.execute(TestNGDirectoryTestSuite.java:99)
	at org.apache.maven.surefire.testng.TestNGProvider.invoke(TestNGProvider.java:113)
	at org.apache.maven.surefire.booter.ForkedBooter.invokeProviderInSameClassLoader(ForkedBooter.java:200)
	at org.apache.maven.surefire.booter.ForkedBooter.runSuitesInProcess(ForkedBooter.java:153)
	at org.apache.maven.surefire.booter.ForkedBooter.main(ForkedBooter.java:103)
]]>
            </full-stacktrace>
          </exception> <!-- java.lang.IllegalArgumentException -->
          <reporter-output>
          </reporter-output>
        </test-method> <!-- testInvalidFacetsConstructor -->
        <test-method status="PASS" signature="testInvalidFacetsConstructor(int)[pri:0, instance:org.j3d.geom.SphereGeneratorTest@184f7eba]" name="testInvalidFacetsConstructor" duration-ms="0" started-at="2013-12-23T22:46:11Z" data-provider="invalid facets" finished-at="2013-12-23T22:46:11Z">
          <params>
            <param index="0">
              <value>
                <![CDATA[7]]>
              </value>
            </param>
          </params>
          <exception class="java.lang.IllegalArgumentException">
            <message>
              <![CDATA[Number of facets not / 2]]>
            </message>
            <full-stacktrace>
              <![CDATA[java.lang.IllegalArgumentException: Number of facets not / 2
	at org.j3d.geom.SphereGenerator.<init>(SphereGenerator.java:157)
	at org.j3d.geom.SphereGenerator.<init>(SphereGenerator.java:137)
	at org.j3d.geom.SphereGeneratorTest.testInvalidFacetsConstructor(SphereGeneratorTest.java:221)
	at sun.reflect.NativeMethodAccessorImpl.invoke0(Native Method)
	at sun.reflect.NativeMethodAccessorImpl.invoke(NativeMethodAccessorImpl.java:57)
	at sun.reflect.DelegatingMethodAccessorImpl.invoke(DelegatingMethodAccessorImpl.java:43)
	at java.lang.reflect.Method.invoke(Method.java:601)
	at org.testng.internal.MethodInvocationHelper.invokeMethod(MethodInvocationHelper.java:84)
	at org.testng.internal.Invoker.invokeMethod(Invoker.java:714)
	at org.testng.internal.Invoker.invokeTestMethod(Invoker.java:901)
	at org.testng.internal.Invoker.invokeTestMethods(Invoker.java:1231)
	at org.testng.internal.TestMethodWorker.invokeTestMethods(TestMethodWorker.java:127)
	at org.testng.internal.TestMethodWorker.run(TestMethodWorker.java:111)
	at org.testng.TestRunner.privateRun(TestRunner.java:767)
	at org.testng.TestRunner.run(TestRunner.java:617)
	at org.testng.SuiteRunner.runTest(SuiteRunner.java:334)
	at org.testng.SuiteRunner.runSequentially(SuiteRunner.java:329)
	at org.testng.SuiteRunner.privateRun(SuiteRunner.java:291)
	at org.testng.SuiteRunner.run(SuiteRunner.java:240)
	at org.testng.SuiteRunnerWorker.runSuite(SuiteRunnerWorker.java:52)
	at org.testng.SuiteRunnerWorker.run(SuiteRunnerWorker.java:86)
	at org.testng.TestNG.runSuitesSequentially(TestNG.java:1224)
	at org.testng.TestNG.runSuitesLocally(TestNG.java:1149)
	at org.testng.TestNG.run(TestNG.java:1057)
	at org.apache.maven.surefire.testng.TestNGExecutor.run(TestNGExecutor.java:69)
	at org.apache.maven.surefire.testng.TestNGDirectoryTestSuite.executeMulti(TestNGDirectoryTestSuite.java:181)
	at org.apache.maven.surefire.testng.TestNGDirectoryTestSuite.execute(TestNGDirectoryTestSuite.java:99)
	at org.apache.maven.surefire.testng.TestNGProvider.invoke(TestNGProvider.java:113)
	at org.apache.maven.surefire.booter.ForkedBooter.invokeProviderInSameClassLoader(ForkedBooter.java:200)
	at org.apache.maven.surefire.booter.ForkedBooter.runSuitesInProcess(ForkedBooter.java:153)
	at org.apache.maven.surefire.booter.ForkedBooter.main(ForkedBooter.java:103)
]]>
            </full-stacktrace>
          </exception> <!-- java.lang.IllegalArgumentException -->
          <reporter-output>
          </reporter-output>
        </test-method> <!-- testInvalidFacetsConstructor -->
        <test-method status="PASS" signature="testInvalidFacetsSetter(int)[pri:0, instance:org.j3d.geom.SphereGeneratorTest@184f7eba]" name="testInvalidFacetsSetter" duration-ms="0" started-at="2013-12-23T22:46:11Z" data-provider="invalid facets" finished-at="2013-12-23T22:46:11Z">
          <params>
            <param index="0">
              <value>
                <![CDATA[0]]>
              </value>
            </param>
          </params>
          <exception class="java.lang.IllegalArgumentException">
            <message>
              <![CDATA[Number of facets is < 4]]>
            </message>
            <full-stacktrace>
              <![CDATA[java.lang.IllegalArgumentException: Number of facets is < 4
	at org.j3d.geom.SphereGenerator.setFacetCount(SphereGenerator.java:222)
	at org.j3d.geom.SphereGeneratorTest.testInvalidFacetsSetter(SphereGeneratorTest.java:228)
	at sun.reflect.NativeMethodAccessorImpl.invoke0(Native Method)
	at sun.reflect.NativeMethodAccessorImpl.invoke(NativeMethodAccessorImpl.java:57)
	at sun.reflect.DelegatingMethodAccessorImpl.invoke(DelegatingMethodAccessorImpl.java:43)
	at java.lang.reflect.Method.invoke(Method.java:601)
	at org.testng.internal.MethodInvocationHelper.invokeMethod(MethodInvocationHelper.java:84)
	at org.testng.internal.Invoker.invokeMethod(Invoker.java:714)
	at org.testng.internal.Invoker.invokeTestMethod(Invoker.java:901)
	at org.testng.internal.Invoker.invokeTestMethods(Invoker.java:1231)
	at org.testng.internal.TestMethodWorker.invokeTestMethods(TestMethodWorker.java:127)
	at org.testng.internal.TestMethodWorker.run(TestMethodWorker.java:111)
	at org.testng.TestRunner.privateRun(TestRunner.java:767)
	at org.testng.TestRunner.run(TestRunner.java:617)
	at org.testng.SuiteRunner.runTest(SuiteRunner.java:334)
	at org.testng.SuiteRunner.runSequentially(SuiteRunner.java:329)
	at org.testng.SuiteRunner.privateRun(SuiteRunner.java:291)
	at org.testng.SuiteRunner.run(SuiteRunner.java:240)
	at org.testng.SuiteRunnerWorker.runSuite(SuiteRunnerWorker.java:52)
	at org.testng.SuiteRunnerWorker.run(SuiteRunnerWorker.java:86)
	at org.testng.TestNG.runSuitesSequentially(TestNG.java:1224)
	at org.testng.TestNG.runSuitesLocally(TestNG.java:1149)
	at org.testng.TestNG.run(TestNG.java:1057)
	at org.apache.maven.surefire.testng.TestNGExecutor.run(TestNGExecutor.java:69)
	at org.apache.maven.surefire.testng.TestNGDirectoryTestSuite.executeMulti(TestNGDirectoryTestSuite.java:181)
	at org.apache.maven.surefire.testng.TestNGDirectoryTestSuite.execute(TestNGDirectoryTestSuite.java:99)
	at org.apache.maven.surefire.testng.TestNGProvider.invoke(TestNGProvider.java:113)
	at org.apache.maven.surefire.booter.ForkedBooter.invokeProviderInSameClassLoader(ForkedBooter.java:200)
	at org.apache.maven.surefire.booter.ForkedBooter.runSuitesInProcess(ForkedBooter.java:153)
	at org.apache.maven.surefire.booter.ForkedBooter.main(ForkedBooter.java:103)
]]>
            </full-stacktrace>
          </exception> <!-- java.lang.IllegalArgumentException -->
          <reporter-output>
          </reporter-output>
        </test-method> <!-- testInvalidFacetsSetter -->
        <test-method status="PASS" signature="testInvalidFacetsSetter(int)[pri:0, instance:org.j3d.geom.SphereGeneratorTest@184f7eba]" name="testInvalidFacetsSetter" duration-ms="0" started-at="2013-12-23T22:46:11Z" data-provider="invalid facets" finished-at="2013-12-23T22:46:11Z">
          <params>
            <param index="0">
              <value>
                <![CDATA[-5]]>
              </value>
            </param>
          </params>
          <exception class="java.lang.IllegalArgumentException">
            <message>
              <![CDATA[Number of facets is < 4]]>
            </message>
            <full-stacktrace>
              <![CDATA[java.lang.IllegalArgumentException: Number of facets is < 4
	at org.j3d.geom.SphereGenerator.setFacetCount(SphereGenerator.java:222)
	at org.j3d.geom.SphereGeneratorTest.testInvalidFacetsSetter(SphereGeneratorTest.java:228)
	at sun.reflect.NativeMethodAccessorImpl.invoke0(Native Method)
	at sun.reflect.NativeMethodAccessorImpl.invoke(NativeMethodAccessorImpl.java:57)
	at sun.reflect.DelegatingMethodAccessorImpl.invoke(DelegatingMethodAccessorImpl.java:43)
	at java.lang.reflect.Method.invoke(Method.java:601)
	at org.testng.internal.MethodInvocationHelper.invokeMethod(MethodInvocationHelper.java:84)
	at org.testng.internal.Invoker.invokeMethod(Invoker.java:714)
	at org.testng.internal.Invoker.invokeTestMethod(Invoker.java:901)
	at org.testng.internal.Invoker.invokeTestMethods(Invoker.java:1231)
	at org.testng.internal.TestMethodWorker.invokeTestMethods(TestMethodWorker.java:127)
	at org.testng.internal.TestMethodWorker.run(TestMethodWorker.java:111)
	at org.testng.TestRunner.privateRun(TestRunner.java:767)
	at org.testng.TestRunner.run(TestRunner.java:617)
	at org.testng.SuiteRunner.runTest(SuiteRunner.java:334)
	at org.testng.SuiteRunner.runSequentially(SuiteRunner.java:329)
	at org.testng.SuiteRunner.privateRun(SuiteRunner.java:291)
	at org.testng.SuiteRunner.run(SuiteRunner.java:240)
	at org.testng.SuiteRunnerWorker.runSuite(SuiteRunnerWorker.java:52)
	at org.testng.SuiteRunnerWorker.run(SuiteRunnerWorker.java:86)
	at org.testng.TestNG.runSuitesSequentially(TestNG.java:1224)
	at org.testng.TestNG.runSuitesLocally(TestNG.java:1149)
	at org.testng.TestNG.run(TestNG.java:1057)
	at org.apache.maven.surefire.testng.TestNGExecutor.run(TestNGExecutor.java:69)
	at org.apache.maven.surefire.testng.TestNGDirectoryTestSuite.executeMulti(TestNGDirectoryTestSuite.java:181)
	at org.apache.maven.surefire.testng.TestNGDirectoryTestSuite.execute(TestNGDirectoryTestSuite.java:99)
	at org.apache.maven.surefire.testng.TestNGProvider.invoke(TestNGProvider.java:113)
	at org.apache.maven.surefire.booter.ForkedBooter.invokeProviderInSameClassLoader(ForkedBooter.java:200)
	at org.apache.maven.surefire.booter.ForkedBooter.runSuitesInProcess(ForkedBooter.java:153)
	at org.apache.maven.surefire.booter.ForkedBooter.main(ForkedBooter.java:103)
]]>
            </full-stacktrace>
          </exception> <!-- java.lang.IllegalArgumentException -->
          <reporter-output>
          </reporter-output>
        </test-method> <!-- testInvalidFacetsSetter -->
        <test-method status="PASS" signature="testInvalidFacetsSetter(int)[pri:0, instance:org.j3d.geom.SphereGeneratorTest@184f7eba]" name="testInvalidFacetsSetter" duration-ms="0" started-at="2013-12-23T22:46:11Z" data-provider="invalid facets" finished-at="2013-12-23T22:46:11Z">
          <params>
            <param index="0">
              <value>
                <![CDATA[2]]>
              </value>
            </param>
          </params>
          <exception class="java.lang.IllegalArgumentException">
            <message>
              <![CDATA[Number of facets is < 4]]>
            </message>
            <full-stacktrace>
              <![CDATA[java.lang.IllegalArgumentException: Number of facets is < 4
	at org.j3d.geom.SphereGenerator.setFacetCount(SphereGenerator.java:222)
	at org.j3d.geom.SphereGeneratorTest.testInvalidFacetsSetter(SphereGeneratorTest.java:228)
	at sun.reflect.NativeMethodAccessorImpl.invoke0(Native Method)
	at sun.reflect.NativeMethodAccessorImpl.invoke(NativeMethodAccessorImpl.java:57)
	at sun.reflect.DelegatingMethodAccessorImpl.invoke(DelegatingMethodAccessorImpl.java:43)
	at java.lang.reflect.Method.invoke(Method.java:601)
	at org.testng.internal.MethodInvocationHelper.invokeMethod(MethodInvocationHelper.java:84)
	at org.testng.internal.Invoker.invokeMethod(Invoker.java:714)
	at org.testng.internal.Invoker.invokeTestMethod(Invoker.java:901)
	at org.testng.internal.Invoker.invokeTestMethods(Invoker.java:1231)
	at org.testng.internal.TestMethodWorker.invokeTestMethods(TestMethodWorker.java:127)
	at org.testng.internal.TestMethodWorker.run(TestMethodWorker.java:111)
	at org.testng.TestRunner.privateRun(TestRunner.java:767)
	at org.testng.TestRunner.run(TestRunner.java:617)
	at org.testng.SuiteRunner.runTest(SuiteRunner.java:334)
	at org.testng.SuiteRunner.runSequentially(SuiteRunner.java:329)
	at org.testng.SuiteRunner.privateRun(SuiteRunner.java:291)
	at org.testng.SuiteRunner.run(SuiteRunner.java:240)
	at org.testng.SuiteRunnerWorker.runSuite(SuiteRunnerWorker.java:52)
	at org.testng.SuiteRunnerWorker.run(SuiteRunnerWorker.java:86)
	at org.testng.TestNG.runSuitesSequentially(TestNG.java:1224)
	at org.testng.TestNG.runSuitesLocally(TestNG.java:1149)
	at org.testng.TestNG.run(TestNG.java:1057)
	at org.apache.maven.surefire.testng.TestNGExecutor.run(TestNGExecutor.java:69)
	at org.apache.maven.surefire.testng.TestNGDirectoryTestSuite.executeMulti(TestNGDirectoryTestSuite.java:181)
	at org.apache.maven.surefire.testng.TestNGDirectoryTestSuite.execute(TestNGDirectoryTestSuite.java:99)
	at org.apache.maven.surefire.testng.TestNGProvider.invoke(TestNGProvider.java:113)
	at org.apache.maven.surefire.booter.ForkedBooter.invokeProviderInSameClassLoader(ForkedBooter.java:200)
	at org.apache.maven.surefire.booter.ForkedBooter.runSuitesInProcess(ForkedBooter.java:153)
	at org.apache.maven.surefire.booter.ForkedBooter.main(ForkedBooter.java:103)
]]>
            </full-stacktrace>
          </exception> <!-- java.lang.IllegalArgumentException -->
          <reporter-output>
          </reporter-output>
        </test-method> <!-- testInvalidFacetsSetter -->
        <test-method status="PASS" signature="testInvalidFacetsSetter(int)[pri:0, instance:org.j3d.geom.SphereGeneratorTest@184f7eba]" name="testInvalidFacetsSetter" duration-ms="0" started-at="2013-12-23T22:46:11Z" data-provider="invalid facets" finished-at="2013-12-23T22:46:11Z">
          <params>
            <param index="0">
              <value>
                <![CDATA[7]]>
              </value>
            </param>
          </params>
          <exception class="java.lang.IllegalArgumentException">
            <message>
              <![CDATA[Number of facets not / 2]]>
            </message>
            <full-stacktrace>
              <![CDATA[java.lang.IllegalArgumentException: Number of facets not / 2
	at org.j3d.geom.SphereGenerator.setFacetCount(SphereGenerator.java:225)
	at org.j3d.geom.SphereGeneratorTest.testInvalidFacetsSetter(SphereGeneratorTest.java:228)
	at sun.reflect.NativeMethodAccessorImpl.invoke0(Native Method)
	at sun.reflect.NativeMethodAccessorImpl.invoke(NativeMethodAccessorImpl.java:57)
	at sun.reflect.DelegatingMethodAccessorImpl.invoke(DelegatingMethodAccessorImpl.java:43)
	at java.lang.reflect.Method.invoke(Method.java:601)
	at org.testng.internal.MethodInvocationHelper.invokeMethod(MethodInvocationHelper.java:84)
	at org.testng.internal.Invoker.invokeMethod(Invoker.java:714)
	at org.testng.internal.Invoker.invokeTestMethod(Invoker.java:901)
	at org.testng.internal.Invoker.invokeTestMethods(Invoker.java:1231)
	at org.testng.internal.TestMethodWorker.invokeTestMethods(TestMethodWorker.java:127)
	at org.testng.internal.TestMethodWorker.run(TestMethodWorker.java:111)
	at org.testng.TestRunner.privateRun(TestRunner.java:767)
	at org.testng.TestRunner.run(TestRunner.java:617)
	at org.testng.SuiteRunner.runTest(SuiteRunner.java:334)
	at org.testng.SuiteRunner.runSequentially(SuiteRunner.java:329)
	at org.testng.SuiteRunner.privateRun(SuiteRunner.java:291)
	at org.testng.SuiteRunner.run(SuiteRunner.java:240)
	at org.testng.SuiteRunnerWorker.runSuite(SuiteRunnerWorker.java:52)
	at org.testng.SuiteRunnerWorker.run(SuiteRunnerWorker.java:86)
	at org.testng.TestNG.runSuitesSequentially(TestNG.java:1224)
	at org.testng.TestNG.runSuitesLocally(TestNG.java:1149)
	at org.testng.TestNG.run(TestNG.java:1057)
	at org.apache.maven.surefire.testng.TestNGExecutor.run(TestNGExecutor.java:69)
	at org.apache.maven.surefire.testng.TestNGDirectoryTestSuite.executeMulti(TestNGDirectoryTestSuite.java:181)
	at org.apache.maven.surefire.testng.TestNGDirectoryTestSuite.execute(TestNGDirectoryTestSuite.java:99)
	at org.apache.maven.surefire.testng.TestNGProvider.invoke(TestNGProvider.java:113)
	at org.apache.maven.surefire.booter.ForkedBooter.invokeProviderInSameClassLoader(ForkedBooter.java:200)
	at org.apache.maven.surefire.booter.ForkedBooter.runSuitesInProcess(ForkedBooter.java:153)
	at org.apache.maven.surefire.booter.ForkedBooter.main(ForkedBooter.java:103)
]]>
            </full-stacktrace>
[...]
	at sun.reflect.DelegatingMethodAccessorImpl.invoke(DelegatingMethodAccessorImpl.java:43)
	at java.lang.reflect.Method.invoke(Method.java:601)
	at org.testng.internal.MethodInvocationHelper.invokeMethod(MethodInvocationHelper.java:84)
	at org.testng.internal.Invoker.invokeMethod(Invoker.java:714)
	at org.testng.internal.Invoker.invokeTestMethod(Invoker.java:901)
	at org.testng.internal.Invoker.invokeTestMethods(Invoker.java:1231)
	at org.testng.internal.TestMethodWorker.invokeTestMethods(TestMethodWorker.java:127)
	at org.testng.internal.TestMethodWorker.run(TestMethodWorker.java:111)
	at org.testng.TestRunner.privateRun(TestRunner.java:767)
	at org.testng.TestRunner.run(TestRunner.java:617)
	at org.testng.SuiteRunner.runTest(SuiteRunner.java:334)
	at org.testng.SuiteRunner.runSequentially(SuiteRunner.java:329)
	at org.testng.SuiteRunner.privateRun(SuiteRunner.java:291)
	at org.testng.SuiteRunner.run(SuiteRunner.java:240)
	at org.testng.SuiteRunnerWorker.runSuite(SuiteRunnerWorker.java:52)
	at org.testng.SuiteRunnerWorker.run(SuiteRunnerWorker.java:86)
	at org.testng.TestNG.runSuitesSequentially(TestNG.java:1224)
	at org.testng.TestNG.runSuitesLocally(TestNG.java:1149)
	at org.testng.TestNG.run(TestNG.java:1057)
	at org.apache.maven.surefire.testng.TestNGExecutor.run(TestNGExecutor.java:69)
	at org.apache.maven.surefire.testng.TestNGDirectoryTestSuite.executeMulti(TestNGDirectoryTestSuite.java:181)
	at org.apache.maven.surefire.testng.TestNGDirectoryTestSuite.execute(TestNGDirectoryTestSuite.java:99)
	at org.apache.maven.surefire.testng.TestNGProvider.invoke(TestNGProvider.java:113)
	at org.apache.maven.surefire.booter.ForkedBooter.invokeProviderInSameClassLoader(ForkedBooter.java:200)
	at org.apache.maven.surefire.booter.ForkedBooter.runSuitesInProcess(ForkedBooter.java:153)
	at org.apache.maven.surefire.booter.ForkedBooter.main(ForkedBooter.java:103)
]]>
            </full-stacktrace>
          </exception> <!-- java.lang.IllegalArgumentException -->
          <reporter-output>
          </reporter-output>
        </test-method> <!-- testInvalidOuterFacetsConstructor -->
        <test-method status="PASS" signature="testInvalidOuterFacetsConstructor(int)[pri:0, instance:org.j3d.geom.TorusGeneratorTest@56f6fc62]" name="testInvalidOuterFacetsConstructor" duration-ms="0" started-at="2013-12-23T22:46:11Z" data-provider="invalid outer facets" finished-at="2013-12-23T22:46:11Z">
          <params>
            <param index="0">
              <value>
                <![CDATA[-5]]>
              </value>
            </param>
          </params>
          <exception class="java.lang.IllegalArgumentException">
            <message>
              <![CDATA[Number of facets is < 4]]>
            </message>
            <full-stacktrace>
              <![CDATA[java.lang.IllegalArgumentException: Number of facets is < 4
	at org.j3d.geom.TorusGenerator.<init>(TorusGenerator.java:134)
	at org.j3d.geom.TorusGenerator.<init>(TorusGenerator.java:118)
	at org.j3d.geom.TorusGeneratorTest.testInvalidOuterFacetsConstructor(TorusGeneratorTest.java:198)
	at sun.reflect.NativeMethodAccessorImpl.invoke0(Native Method)
	at sun.reflect.NativeMethodAccessorImpl.invoke(NativeMethodAccessorImpl.java:57)
	at sun.reflect.DelegatingMethodAccessorImpl.invoke(DelegatingMethodAccessorImpl.java:43)
	at java.lang.reflect.Method.invoke(Method.java:601)
	at org.testng.internal.MethodInvocationHelper.invokeMethod(MethodInvocationHelper.java:84)
	at org.testng.internal.Invoker.invokeMethod(Invoker.java:714)
	at org.testng.internal.Invoker.invokeTestMethod(Invoker.java:901)
	at org.testng.internal.Invoker.invokeTestMethods(Invoker.java:1231)
	at org.testng.internal.TestMethodWorker.invokeTestMethods(TestMethodWorker.java:127)
	at org.testng.internal.TestMethodWorker.run(TestMethodWorker.java:111)
	at org.testng.TestRunner.privateRun(TestRunner.java:767)
	at org.testng.TestRunner.run(TestRunner.java:617)
	at org.testng.SuiteRunner.runTest(SuiteRunner.java:334)
	at org.testng.SuiteRunner.runSequentially(SuiteRunner.java:329)
	at org.testng.SuiteRunner.privateRun(SuiteRunner.java:291)
	at org.testng.SuiteRunner.run(SuiteRunner.java:240)
	at org.testng.SuiteRunnerWorker.runSuite(SuiteRunnerWorker.java:52)
	at org.testng.SuiteRunnerWorker.run(SuiteRunnerWorker.java:86)
	at org.testng.TestNG.runSuitesSequentially(TestNG.java:1224)
	at org.testng.TestNG.runSuitesLocally(TestNG.java:1149)
	at org.testng.TestNG.run(TestNG.java:1057)
	at org.apache.maven.surefire.testng.TestNGExecutor.run(TestNGExecutor.java:69)
	at org.apache.maven.surefire.testng.TestNGDirectoryTestSuite.executeMulti(TestNGDirectoryTestSuite.java:181)
	at org.apache.maven.surefire.testng.TestNGDirectoryTestSuite.execute(TestNGDirectoryTestSuite.java:99)
	at org.apache.maven.surefire.testng.TestNGProvider.invoke(TestNGProvider.java:113)
	at org.apache.maven.surefire.booter.ForkedBooter.invokeProviderInSameClassLoader(ForkedBooter.java:200)
	at org.apache.maven.surefire.booter.ForkedBooter.runSuitesInProcess(ForkedBooter.java:153)
	at org.apache.maven.surefire.booter.ForkedBooter.main(ForkedBooter.java:103)
]]>
            </full-stacktrace>
          </exception> <!-- java.lang.IllegalArgumentException -->
          <reporter-output>
          </reporter-output>
        </test-method> <!-- testInvalidOuterFacetsConstructor -->
        <test-method status="PASS" signature="testInvalidOuterFacetsConstructor(int)[pri:0, instance:org.j3d.geom.TorusGeneratorTest@56f6fc62]" name="testInvalidOuterFacetsConstructor" duration-ms="0" started-at="2013-12-23T22:46:11Z" data-provider="invalid outer facets" finished-at="2013-12-23T22:46:11Z">
          <params>
            <param index="0">
              <value>
                <![CDATA[2]]>
              </value>
            </param>
          </params>
          <exception class="java.lang.IllegalArgumentException">
            <message>
              <![CDATA[Number of facets is < 4]]>
            </message>
            <full-stacktrace>
              <![CDATA[java.lang.IllegalArgumentException: Number of facets is < 4
	at org.j3d.geom.TorusGenerator.<init>(TorusGenerator.java:134)
	at org.j3d.geom.TorusGenerator.<init>(TorusGenerator.java:118)
	at org.j3d.geom.TorusGeneratorTest.testInvalidOuterFacetsConstructor(TorusGeneratorTest.java:198)
	at sun.reflect.NativeMethodAccessorImpl.invoke0(Native Method)
	at sun.reflect.NativeMethodAccessorImpl.invoke(NativeMethodAccessorImpl.java:57)
	at sun.reflect.DelegatingMethodAccessorImpl.invoke(DelegatingMethodAccessorImpl.java:43)
	at java.lang.reflect.Method.invoke(Method.java:601)
	at org.testng.internal.MethodInvocationHelper.invokeMethod(MethodInvocationHelper.java:84)
	at org.testng.internal.Invoker.invokeMethod(Invoker.java:714)
	at org.testng.internal.Invoker.invokeTestMethod(Invoker.java:901)
	at org.testng.internal.Invoker.invokeTestMethods(Invoker.java:1231)
	at org.testng.internal.TestMethodWorker.invokeTestMethods(TestMethodWorker.java:127)
	at org.testng.internal.TestMethodWorker.run(TestMethodWorker.java:111)
	at org.testng.TestRunner.privateRun(TestRunner.java:767)
	at org.testng.TestRunner.run(TestRunner.java:617)
	at org.testng.SuiteRunner.runTest(SuiteRunner.java:334)
	at org.testng.SuiteRunner.runSequentially(SuiteRunner.java:329)
	at org.testng.SuiteRunner.privateRun(SuiteRunner.java:291)
	at org.testng.SuiteRunner.run(SuiteRunner.java:240)
	at org.testng.SuiteRunnerWorker.runSuite(SuiteRunnerWorker.java:52)
	at org.testng.SuiteRunnerWorker.run(SuiteRunnerWorker.java:86)
	at org.testng.TestNG.runSuitesSequentially(TestNG.java:1224)
	at org.testng.TestNG.runSuitesLocally(TestNG.java:1149)
	at org.testng.TestNG.run(TestNG.java:1057)
	at org.apache.maven.surefire.testng.TestNGExecutor.run(TestNGExecutor.java:69)
	at org.apache.maven.surefire.testng.TestNGDirectoryTestSuite.executeMulti(TestNGDirectoryTestSuite.java:181)
	at org.apache.maven.surefire.testng.TestNGDirectoryTestSuite.execute(TestNGDirectoryTestSuite.java:99)
	at org.apache.maven.surefire.testng.TestNGProvider.invoke(TestNGProvider.java:113)
	at org.apache.maven.surefire.booter.ForkedBooter.invokeProviderInSameClassLoader(ForkedBooter.java:200)
	at org.apache.maven.surefire.booter.ForkedBooter.runSuitesInProcess(ForkedBooter.java:153)
	at org.apache.maven.surefire.booter.ForkedBooter.main(ForkedBooter.java:103)
]]>
            </full-stacktrace>
          </exception> <!-- java.lang.IllegalArgumentException -->
          <reporter-output>
          </reporter-output>
        </test-method> <!-- testInvalidOuterFacetsConstructor -->
        <test-method status="PASS" signature="testInvalidOuterFacetsSetter(int)[pri:0, instance:org.j3d.geom.TorusGeneratorTest@56f6fc62]" name="testInvalidOuterFacetsSetter" duration-ms="0" started-at="2013-12-23T22:46:11Z" data-provider="invalid outer facets" finished-at="2013-12-23T22:46:11Z">
          <params>
            <param index="0">
              <value>
                <![CDATA[-5]]>
              </value>
            </param>
          </params>
          <exception class="java.lang.IllegalArgumentException">
            <message>
              <![CDATA[Number of facets is < 4]]>
            </message>
            <full-stacktrace>
              <![CDATA[java.lang.IllegalArgumentException: Number of facets is < 4
	at org.j3d.geom.TorusGenerator.setFacetCount(TorusGenerator.java:191)
	at org.j3d.geom.TorusGeneratorTest.testInvalidOuterFacetsSetter(TorusGeneratorTest.java:205)
	at sun.reflect.NativeMethodAccessorImpl.invoke0(Native Method)
	at sun.reflect.NativeMethodAccessorImpl.invoke(NativeMethodAccessorImpl.java:57)
	at sun.reflect.DelegatingMethodAccessorImpl.invoke(DelegatingMethodAccessorImpl.java:43)
	at java.lang.reflect.Method.invoke(Method.java:601)
	at org.testng.internal.MethodInvocationHelper.invokeMethod(MethodInvocationHelper.java:84)
	at org.testng.internal.Invoker.invokeMethod(Invoker.java:714)
	at org.testng.internal.Invoker.invokeTestMethod(Invoker.java:901)
	at org.testng.internal.Invoker.invokeTestMethods(Invoker.java:1231)
	at org.testng.internal.TestMethodWorker.invokeTestMethods(TestMethodWorker.java:127)
	at org.testng.internal.TestMethodWorker.run(TestMethodWorker.java:111)
	at org.testng.TestRunner.privateRun(TestRunner.java:767)
	at org.testng.TestRunner.run(TestRunner.java:617)
	at org.testng.SuiteRunner.runTest(SuiteRunner.java:334)
	at org.testng.SuiteRunner.runSequentially(SuiteRunner.java:329)
	at org.testng.SuiteRunner.privateRun(SuiteRunner.java:291)
	at org.testng.SuiteRunner.run(SuiteRunner.java:240)
	at org.testng.SuiteRunnerWorker.runSuite(SuiteRunnerWorker.java:52)
	at org.testng.SuiteRunnerWorker.run(SuiteRunnerWorker.java:86)
	at org.testng.TestNG.runSuitesSequentially(TestNG.java:1224)
	at org.testng.TestNG.runSuitesLocally(TestNG.java:1149)
	at org.testng.TestNG.run(TestNG.java:1057)
	at org.apache.maven.surefire.testng.TestNGExecutor.run(TestNGExecutor.java:69)
	at org.apache.maven.surefire.testng.TestNGDirectoryTestSuite.executeMulti(TestNGDirectoryTestSuite.java:181)
	at org.apache.maven.surefire.testng.TestNGDirectoryTestSuite.execute(TestNGDirectoryTestSuite.java:99)
	at org.apache.maven.surefire.testng.TestNGProvider.invoke(TestNGProvider.java:113)
	at org.apache.maven.surefire.booter.ForkedBooter.invokeProviderInSameClassLoader(ForkedBooter.java:200)
	at org.apache.maven.surefire.booter.ForkedBooter.runSuitesInProcess(ForkedBooter.java:153)
	at org.apache.maven.surefire.booter.ForkedBooter.main(ForkedBooter.java:103)
]]>
            </full-stacktrace>
          </exception> <!-- java.lang.IllegalArgumentException -->
          <reporter-output>
          </reporter-output>
        </test-method> <!-- testInvalidOuterFacetsSetter -->
        <test-method status="PASS" signature="testInvalidOuterFacetsSetter(int)[pri:0, instance:org.j3d.geom.TorusGeneratorTest@56f6fc62]" name="testInvalidOuterFacetsSetter" duration-ms="0" started-at="2013-12-23T22:46:11Z" data-provider="invalid outer facets" finished-at="2013-12-23T22:46:11Z">
          <params>
            <param index="0">
              <value>
                <![CDATA[2]]>
              </value>
            </param>
          </params>
          <exception class="java.lang.IllegalArgumentException">
            <message>
              <![CDATA[Number of facets is < 4]]>
            </message>
            <full-stacktrace>
              <![CDATA[java.lang.IllegalArgumentException: Number of facets is < 4
	at org.j3d.geom.TorusGenerator.setFacetCount(TorusGenerator.java:191)
	at org.j3d.geom.TorusGeneratorTest.testInvalidOuterFacetsSetter(TorusGeneratorTest.java:205)
	at sun.reflect.NativeMethodAccessorImpl.invoke0(Native Method)
	at sun.reflect.NativeMethodAccessorImpl.invoke(NativeMethodAccessorImpl.java:57)
	at sun.reflect.DelegatingMethodAccessorImpl.invoke(DelegatingMethodAccessorImpl.java:43)
	at java.lang.reflect.Method.invoke(Method.java:601)
	at org.testng.internal.MethodInvocationHelper.invokeMethod(MethodInvocationHelper.java:84)
	at org.testng.internal.Invoker.invokeMethod(Invoker.java:714)
	at org.testng.internal.Invoker.invokeTestMethod(Invoker.java:901)
	at org.testng.internal.Invoker.invokeTestMethods(Invoker.java:1231)
	at org.testng.internal.TestMethodWorker.invokeTestMethods(TestMethodWorker.java:127)
	at org.testng.internal.TestMethodWorker.run(TestMethodWorker.java:111)
	at org.testng.TestRunner.privateRun(TestRunner.java:767)
	at org.testng.TestRunner.run(TestRunner.java:617)
	at org.testng.SuiteRunner.runTest(SuiteRunner.java:334)
	at org.testng.SuiteRunner.runSequentially(SuiteRunner.java:329)
	at org.testng.SuiteRunner.privateRun(SuiteRunner.java:291)
	at org.testng.SuiteRunner.run(SuiteRunner.java:240)
	at org.testng.SuiteRunnerWorker.runSuite(SuiteRunnerWorker.java:52)
	at org.testng.SuiteRunnerWorker.run(SuiteRunnerWorker.java:86)
	at org.testng.TestNG.runSuitesSequentially(TestNG.java:1224)
	at org.testng.TestNG.runSuitesLocally(TestNG.java:1149)
	at org.testng.TestNG.run(TestNG.java:1057)
	at org.apache.maven.surefire.testng.TestNGExecutor.run(TestNGExecutor.java:69)
	at org.apache.maven.surefire.testng.TestNGDirectoryTestSuite.executeMulti(TestNGDirectoryTestSuite.java:181)
	at org.apache.maven.surefire.testng.TestNGDirectoryTestSuite.execute(TestNGDirectoryTestSuite.java:99)
	at org.apache.maven.surefire.testng.TestNGProvider.invoke(TestNGProvider.java:113)
	at org.apache.maven.surefire.booter.ForkedBooter.invokeProviderInSameClassLoader(ForkedBooter.java:200)
	at org.apache.maven.surefire.booter.ForkedBooter.runSuitesInProcess(ForkedBooter.java:153)
	at org.apache.maven.surefire.booter.ForkedBooter.main(ForkedBooter.java:103)
]]>
            </full-stacktrace>
          </exception> <!-- java.lang.IllegalArgumentException -->
          <reporter-output>
          </reporter-output>
        </test-method> <!-- testInvalidOuterFacetsSetter -->
        <test-method status="PASS" signature="testInvalidOuterFacetsSetter(int)[pri:0, instance:org.j3d.geom.TorusGeneratorTest@56f6fc62]" name="testInvalidOuterFacetsSetter" duration-ms="0" started-at="2013-12-23T22:46:11Z" data-provider="invalid outer facets" finished-at="2013-12-23T22:46:11Z">
          <params>
            <param index="0">
              <value>
                <![CDATA[0]]>
              </value>
            </param>
          </params>
          <exception class="java.lang.IllegalArgumentException">
            <message>
              <![CDATA[Number of facets is < 4]]>
            </message>
            <full-stacktrace>
              <![CDATA[java.lang.IllegalArgumentException: Number of facets is < 4
	at org.j3d.geom.TorusGenerator.setFacetCount(TorusGenerator.java:191)
	at org.j3d.geom.TorusGeneratorTest.testInvalidOuterFacetsSetter(TorusGeneratorTest.java:205)
	at sun.reflect.NativeMethodAccessorImpl.invoke0(Native Method)
	at sun.reflect.NativeMethodAccessorImpl.invoke(NativeMethodAccessorImpl.java:57)
	at sun.reflect.DelegatingMethodAccessorImpl.invoke(DelegatingMethodAccessorImpl.java:43)
	at java.lang.reflect.Method.invoke(Method.java:601)
	at org.testng.internal.MethodInvocationHelper.invokeMethod(MethodInvocationHelper.java:84)
	at org.testng.internal.Invoker.invokeMethod(Invoker.java:714)
	at org.testng.internal.Invoker.invokeTestMethod(Invoker.java:901)
	at org.testng.internal.Invoker.invokeTestMethods(Invoker.java:1231)
	at org.testng.internal.TestMethodWorker.invokeTestMethods(TestMethodWorker.java:127)
	at org.testng.internal.TestMethodWorker.run(TestMethodWorker.java:111)
	at org.testng.TestRunner.privateRun(TestRunner.java:767)
	at org.testng.TestRunner.run(TestRunner.java:617)
	at org.testng.SuiteRunner.runTest(SuiteRunner.java:334)
	at org.testng.SuiteRunner.runSequentially(SuiteRunner.java:329)
	at org.testng.SuiteRunner.privateRun(SuiteRunner.java:291)
	at org.testng.SuiteRunner.run(SuiteRunner.java:240)
	at org.testng.SuiteRunnerWorker.runSuite(SuiteRunnerWorker.java:52)
	at org.testng.SuiteRunnerWorker.run(SuiteRunnerWorker.java:86)
	at org.testng.TestNG.runSuitesSequentially(TestNG.java:1224)
	at org.testng.TestNG.runSuitesLocally(TestNG.java:1149)
	at org.testng.TestNG.run(TestNG.java:1057)
	at org.apache.maven.surefire.testng.TestNGExecutor.run(TestNGExecutor.java:69)
	at org.apache.maven.surefire.testng.TestNGDirectoryTestSuite.executeMulti(TestNGDirectoryTestSuite.java:181)
	at org.apache.maven.surefire.testng.TestNGDirectoryTestSuite.execute(TestNGDirectoryTestSuite.java:99)
	at org.apache.maven.surefire.testng.TestNGProvider.invoke(TestNGProvider.java:113)
	at org.apache.maven.surefire.booter.ForkedBooter.invokeProviderInSameClassLoader(ForkedBooter.java:200)
	at org.apache.maven.surefire.booter.ForkedBooter.runSuitesInProcess(ForkedBooter.java:153)
	at org.apache.maven.surefire.booter.ForkedBooter.main(ForkedBooter.java:103)
]]>
            </full-stacktrace>
          </exception> <!-- java.lang.IllegalArgumentException -->
          <reporter-output>
          </reporter-output>
        </test-method> <!-- testInvalidOuterFacetsSetter -->
        <test-method status="PASS" signature="testNormalArray()[pri:0, instance:org.j3d.geom.TorusGeneratorTest@56f6fc62]" name="testNormalArray" duration-ms="1" started-at="2013-12-23T22:46:11Z" finished-at="2013-12-23T22:46:11Z">
          <reporter-output>
          </reporter-output>
        </test-method> <!-- testNormalArray -->
        <test-method status="PASS" signature="testValidFacets()[pri:0, instance:org.j3d.geom.TorusGeneratorTest@56f6fc62]" name="testValidFacets" duration-ms="2" started-at="2013-12-23T22:46:11Z" finished-at="2013-12-23T22:46:11Z">
          <reporter-output>
          </reporter-output>
        </test-method> <!-- testValidFacets -->
      </class> <!-- org.j3d.geom.TorusGeneratorTest -->
      <class name="org.j3d.geom.BoxGeneratorTest">
        <test-method status="PASS" signature="testCoordinateArray()[pri:0, instance:org.j3d.geom.BoxGeneratorTest@55d69fa3]" name="testCoordinateArray" duration-ms="14" started-at="2013-12-23T22:46:11Z" finished-at="2013-12-23T22:46:11Z">
          <reporter-output>
          </reporter-output>
        </test-method> <!-- testCoordinateArray -->
        <test-method status="PASS" signature="testCreate()[pri:0, instance:org.j3d.geom.BoxGeneratorTest@55d69fa3]" name="testCreate" duration-ms="0" started-at="2013-12-23T22:46:11Z" finished-at="2013-12-23T22:46:11Z">
          <reporter-output>
          </reporter-output>
        </test-method> <!-- testCreate -->
        <test-method status="PASS" signature="testNormalArray()[pri:0, instance:org.j3d.geom.BoxGeneratorTest@55d69fa3]" name="testNormalArray" duration-ms="0" started-at="2013-12-23T22:46:11Z" finished-at="2013-12-23T22:46:11Z">
          <reporter-output>
          </reporter-output>
        </test-method> <!-- testNormalArray -->
      </class> <!-- org.j3d.geom.BoxGeneratorTest -->
    </test> <!-- Command line test -->
  </suite> <!-- Command line suite -->
</testng-results>
