<?xml version="1.0" encoding="UTF-8"?>
<!-- Generated by org.testng.reporters.JUnitXMLReporter -->
<testsuite hostname="tassier.local" name="Command line test" tests="71" failures="0" timestamp="23 Dec 2013 11:46:11 GMT" time="0.095" errors="0">
  <testcase name="testCoordinateArray" time="0.014" classname="org.j3d.geom.BoxGeneratorTest"/>
  <testcase name="testCreate" time="0.0" classname="org.j3d.geom.BoxGeneratorTest"/>
  <testcase name="testNormalArray" time="0.0" classname="org.j3d.geom.BoxGeneratorTest"/>
  <testcase name="testCoordinateArray" time="0.003" classname="org.j3d.geom.ConeGeneratorTest"/>
  <testcase name="testCreate" time="0.0" classname="org.j3d.geom.ConeGeneratorTest"/>
  <testcase name="testInvalidFacetsConstructor" time="0.001" classname="org.j3d.geom.ConeGeneratorTest"/>
  <testcase name="testInvalidFacetsConstructor" time="0.0" classname="org.j3d.geom.ConeGeneratorTest"/>
  <testcase name="testInvalidFacetsConstructor" time="0.0" classname="org.j3d.geom.ConeGeneratorTest"/>
  <testcase name="testInvalidFacetsSetter" time="0.0" classname="org.j3d.geom.ConeGeneratorTest"/>
  <testcase name="testInvalidFacetsSetter" time="0.001" classname="org.j3d.geom.ConeGeneratorTest"/>
  <testcase name="testInvalidFacetsSetter" time="0.0" classname="org.j3d.geom.ConeGeneratorTest"/>
  <testcase name="testNormalArray" time="0.001" classname="org.j3d.geom.ConeGeneratorTest"/>
  <testcase name="testValidFacets" time="0.0" classname="org.j3d.geom.ConeGeneratorTest"/>
  <testcase name="testCoordinateArray" time="0.002" classname="org.j3d.geom.CylinderGeneratorTest"/>
  <testcase name="testCreate" time="0.0" classname="org.j3d.geom.CylinderGeneratorTest"/>
  <testcase name="testInvalidFacetsConstructor" time="0.0" classname="org.j3d.geom.CylinderGeneratorTest"/>
  <testcase name="testInvalidFacetsConstructor" time="0.0" classname="org.j3d.geom.CylinderGeneratorTest"/>
  <testcase name="testInvalidFacetsConstructor" time="0.0" classname="org.j3d.geom.CylinderGeneratorTest"/>
  <testcase name="testInvalidFacetsSetter" time="0.0" classname="org.j3d.geom.CylinderGeneratorTest"/>
  <testcase name="testInvalidFacetsSetter" time="0.001" classname="org.j3d.geom.CylinderGeneratorTest"/>
  <testcase name="testInvalidFacetsSetter" time="0.0" classname="org.j3d.geom.CylinderGeneratorTest"/>
  <testcase name="testNormalArray" time="0.0" classname="org.j3d.geom.CylinderGeneratorTest"/>
  <testcase name="testValidFacets" time="0.0" classname="org.j3d.geom.CylinderGeneratorTest"/>
  <testcase name="testCoordinateArray" time="0.003" classname="org.j3d.geom.SphereGeneratorTest"/>
  <testcase name="testCreate" time="0.004" classname="org.j3d.geom.SphereGeneratorTest"/>
  <testcase name="testInvalidFacetsConstructor" time="0.0" classname="org.j3d.geom.SphereGeneratorTest"/>
  <testcase name="testInvalidFacetsConstructor" time="0.0" classname="org.j3d.geom.SphereGeneratorTest"/>
  <testcase name="testInvalidFacetsConstructor" time="0.0" classname="org.j3d.geom.SphereGeneratorTest"/>
  <testcase name="testInvalidFacetsConstructor" time="0.0" classname="org.j3d.geom.SphereGeneratorTest"/>
  <testcase name="testInvalidFacetsSetter" time="0.0" classname="org.j3d.geom.SphereGeneratorTest"/>
  <testcase name="testInvalidFacetsSetter" time="0.0" classname="org.j3d.geom.SphereGeneratorTest"/>
  <testcase name="testInvalidFacetsSetter" time="0.0" classname="org.j3d.geom.SphereGeneratorTest"/>
  <testcase name="testInvalidFacetsSetter" time="0.0" classname="org.j3d.geom.SphereGeneratorTest"/>
  <testcase name="testNormalArray" time="0.002" classname="org.j3d.geom.SphereGeneratorTest"/>
  <testcase name="testValidFacets" time="0.004" classname="org.j3d.geom.SphereGeneratorTest"/>
  <testcase name="testCoordinateArray" time="0.003" classname="org.j3d.geom.SpringGeneratorTest"/>
  <testcase name="testCreate" time="0.002" classname="org.j3d.geom.SpringGeneratorTest"/>
  <testcase name="testInvalidInnerFacetsConstructor" time="0.0" classname="org.j3d.geom.SpringGeneratorTest"/>
  <testcase name="testInvalidInnerFacetsConstructor" time="0.001" classname="org.j3d.geom.SpringGeneratorTest"/>
  <testcase name="testInvalidInnerFacetsConstructor" time="0.0" classname="org.j3d.geom.SpringGeneratorTest"/>
  <testcase name="testInvalidInnerFacetsConstructor" time="0.0" classname="org.j3d.geom.SpringGeneratorTest"/>
  <testcase name="testInvalidInnerFacetsSetter" time="0.0" classname="org.j3d.geom.SpringGeneratorTest"/>
  <testcase name="testInvalidInnerFacetsSetter" time="0.0" classname="org.j3d.geom.SpringGeneratorTest"/>
  <testcase name="testInvalidInnerFacetsSetter" time="0.001" classname="org.j3d.geom.SpringGeneratorTest"/>
  <testcase name="testInvalidInnerFacetsSetter" time="0.0" classname="org.j3d.geom.SpringGeneratorTest"/>
  <testcase name="testInvalidOuterFacetsConstructor" time="0.0" classname="org.j3d.geom.SpringGeneratorTest"/>
  <testcase name="testInvalidOuterFacetsConstructor" time="0.0" classname="org.j3d.geom.SpringGeneratorTest"/>
  <testcase name="testInvalidOuterFacetsConstructor" time="0.0" classname="org.j3d.geom.SpringGeneratorTest"/>
  <testcase name="testInvalidOuterFacetsSetter" time="0.0" classname="org.j3d.geom.SpringGeneratorTest"/>
  <testcase name="testInvalidOuterFacetsSetter" time="0.001" classname="org.j3d.geom.SpringGeneratorTest"/>
  <testcase name="testInvalidOuterFacetsSetter" time="0.0" classname="org.j3d.geom.SpringGeneratorTest"/>
  <testcase name="testNormalArray" time="0.001" classname="org.j3d.geom.SpringGeneratorTest"/>
  <testcase name="testValidFacets" time="0.005" classname="org.j3d.geom.SpringGeneratorTest"/>
  <testcase name="testCoordinateArray" time="0.003" classname="org.j3d.geom.TorusGeneratorTest"/>
  <testcase name="testCreate" time="0.0" classname="org.j3d.geom.TorusGeneratorTest"/>
  <testcase name="testInvalidInnerFacetsConstructor" time="0.001" classname="org.j3d.geom.TorusGeneratorTest"/>
  <testcase name="testInvalidInnerFacetsConstructor" time="0.0" classname="org.j3d.geom.TorusGeneratorTest"/>
  <testcase name="testInvalidInnerFacetsConstructor" time="0.0" classname="org.j3d.geom.TorusGeneratorTest"/>
  <testcase name="testInvalidInnerFacetsConstructor" time="0.0" classname="org.j3d.geom.TorusGeneratorTest"/>
  <testcase name="testInvalidInnerFacetsSetter" time="0.0" classname="org.j3d.geom.TorusGeneratorTest"/>
  <testcase name="testInvalidInnerFacetsSetter" time="0.0" classname="org.j3d.geom.TorusGeneratorTest"/>
  <testcase name="testInvalidInnerFacetsSetter" time="0.0" classname="org.j3d.geom.TorusGeneratorTest"/>
  <testcase name="testInvalidInnerFacetsSetter" time="0.0" classname="org.j3d.geom.TorusGeneratorTest"/>
  <testcase name="testInvalidOuterFacetsConstructor" time="0.0" classname="org.j3d.geom.TorusGeneratorTest"/>
  <testcase name="testInvalidOuterFacetsConstructor" time="0.0" classname="org.j3d.geom.TorusGeneratorTest"/>
  <testcase name="testInvalidOuterFacetsConstructor" time="0.0" classname="org.j3d.geom.TorusGeneratorTest"/>
  <testcase name="testInvalidOuterFacetsSetter" time="0.0" classname="org.j3d.geom.TorusGeneratorTest"/>
  <testcase name="testInvalidOuterFacetsSetter" time="0.0" classname="org.j3d.geom.TorusGeneratorTest"/>
  <testcase name="testInvalidOuterFacetsSetter" time="0.0" classname="org.j3d.geom.TorusGeneratorTest"/>
  <testcase name="testNormalArray" time="0.001" classname="org.j3d.geom.TorusGeneratorTest"/>
  <testcase name="testValidFacets" time="0.002" classname="org.j3d.geom.TorusGeneratorTest"/>
</testsuite> <!-- Command line test -->
