<?xml version="1.0" encoding="UTF-8"?>
<!-- Generated by org.testng.reporters.JUnitXMLReporter -->
<testsuite hostname="tassier.local" name="Command line test" tests="255" failures="0" timestamp="23 Dec 2013 11:46:10 GMT" time="0.17" errors="0">
  <testcase name="testBasicConstruction" time="0.001" classname="org.j3d.color.Color4bTest"/>
  <testcase name="testEquals" time="0.001" classname="org.j3d.color.Color4bTest"/>
  <testcase name="testEquals" time="0.0" classname="org.j3d.color.Color4bTest"/>
  <testcase name="testEquals" time="0.0" classname="org.j3d.color.Color4bTest"/>
  <testcase name="testEquals" time="0.0" classname="org.j3d.color.Color4bTest"/>
  <testcase name="testEquals" time="0.0" classname="org.j3d.color.Color4bTest"/>
  <testcase name="testHashCode" time="0.0" classname="org.j3d.color.Color4bTest"/>
  <testcase name="testNotEqualsToOther" time="0.0" classname="org.j3d.color.Color4bTest"/>
  <testcase name="testSet" time="0.0" classname="org.j3d.color.Color4bTest"/>
  <testcase name="testBasicConstruction" time="0.0" classname="org.j3d.color.Color4fTest"/>
  <testcase name="testEquals" time="0.0" classname="org.j3d.color.Color4fTest"/>
  <testcase name="testEquals" time="0.0" classname="org.j3d.color.Color4fTest"/>
  <testcase name="testEquals" time="0.0" classname="org.j3d.color.Color4fTest"/>
  <testcase name="testEquals" time="0.0" classname="org.j3d.color.Color4fTest"/>
  <testcase name="testEquals" time="0.0" classname="org.j3d.color.Color4fTest"/>
  <testcase name="testHashCode" time="0.0" classname="org.j3d.color.Color4fTest"/>
  <testcase name="testNotEqualsToOther" time="0.0" classname="org.j3d.color.Color4fTest"/>
  <testcase name="testSet" time="0.0" classname="org.j3d.color.Color4fTest"/>
  <testcase name="testClamping" time="0.001" classname="org.j3d.util.interpolator.Coordinate2DInterpolatorTest"/>
  <testcase name="testCreateFloat" time="0.0" classname="org.j3d.util.interpolator.Coordinate2DInterpolatorTest"/>
  <testcase name="testInvalidInsertLessThan2Values" time="0.0" classname="org.j3d.util.interpolator.Coordinate2DInterpolatorTest"/>
  <testcase name="testInvalidInsertNotMult2" time="0.0" classname="org.j3d.util.interpolator.Coordinate2DInterpolatorTest"/>
  <testcase name="testInvalidInsertNullValues" time="0.001" classname="org.j3d.util.interpolator.Coordinate2DInterpolatorTest"/>
  <testcase name="testInvalidInsertZeroLengthValues" time="0.0" classname="org.j3d.util.interpolator.Coordinate2DInterpolatorTest"/>
  <testcase name="testKeyGenFloat" time="0.0" classname="org.j3d.util.interpolator.Coordinate2DInterpolatorTest"/>
  <testcase name="testValueInsertFloat" time="0.0" classname="org.j3d.util.interpolator.Coordinate2DInterpolatorTest"/>
  <testcase name="testClamping" time="0.001" classname="org.j3d.util.interpolator.CoordinateInterpolatorTest"/>
  <testcase name="testCreateFloat" time="0.0" classname="org.j3d.util.interpolator.CoordinateInterpolatorTest"/>
  <testcase name="testInvalidInsertLessThan3Values" time="0.0" classname="org.j3d.util.interpolator.CoordinateInterpolatorTest"/>
  <testcase name="testInvalidInsertNotMutl3" time="0.0" classname="org.j3d.util.interpolator.CoordinateInterpolatorTest"/>
  <testcase name="testInvalidInsertNullValues" time="0.001" classname="org.j3d.util.interpolator.CoordinateInterpolatorTest"/>
  <testcase name="testInvalidInsertZeroLengthValues" time="0.0" classname="org.j3d.util.interpolator.CoordinateInterpolatorTest"/>
  <testcase name="testKeyGenFloat" time="0.001" classname="org.j3d.util.interpolator.CoordinateInterpolatorTest"/>
  <testcase name="testValueInsertFloat" time="0.0" classname="org.j3d.util.interpolator.CoordinateInterpolatorTest"/>
  <testcase name="testAddResourceNoAppSet" time="0.017" classname="org.j3d.util.I18nManagerTest"/>
  <testcase name="testBasicSetup" time="0.0" classname="org.j3d.util.I18nManagerTest"/>
  <testcase name="testInvalidCountryLength" time="0.0" classname="org.j3d.util.I18nManagerTest"/>
  <testcase name="testInvalidLanguage" time="0.0" classname="org.j3d.util.I18nManagerTest"/>
  <testcase name="testMultiFileResourceHandling" time="0.005" classname="org.j3d.util.I18nManagerTest"/>
  <testcase name="testSetLanguage" time="0.0" classname="org.j3d.util.I18nManagerTest"/>
  <testcase name="testBasicConstruction" time="0.001" classname="org.j3d.maths.vector.Matrix4dTest"/>
  <testcase name="testClear" time="0.0" classname="org.j3d.maths.vector.Matrix4dTest"/>
  <testcase name="testEmptyMatrixDeterminant" time="0.0" classname="org.j3d.maths.vector.Matrix4dTest"/>
  <testcase name="testEquals" time="0.0" classname="org.j3d.maths.vector.Matrix4dTest"/>
  <testcase name="testEquals" time="0.0" classname="org.j3d.maths.vector.Matrix4dTest"/>
  <testcase name="testEquals" time="0.0" classname="org.j3d.maths.vector.Matrix4dTest"/>
  <testcase name="testEquals" time="0.0" classname="org.j3d.maths.vector.Matrix4dTest"/>
  <testcase name="testEquals" time="0.0" classname="org.j3d.maths.vector.Matrix4dTest"/>
  <testcase name="testHashCode" time="0.0" classname="org.j3d.maths.vector.Matrix4dTest"/>
  <testcase name="testIdentityMatrixDeterminant" time="0.0" classname="org.j3d.maths.vector.Matrix4dTest"/>
  <testcase name="testMatrixDeterminant" time="0.0" classname="org.j3d.maths.vector.Matrix4dTest"/>
  <testcase name="testMulMatrix1Null" time="0.0" classname="org.j3d.maths.vector.Matrix4dTest"/>
  <testcase name="testMulMatrix2Null" time="0.0" classname="org.j3d.maths.vector.Matrix4dTest"/>
  <testcase name="testNotEqualsToOther" time="0.0" classname="org.j3d.maths.vector.Matrix4dTest"/>
  <testcase name="testSet" time="0.0" classname="org.j3d.maths.vector.Matrix4dTest"/>
  <testcase name="testSetAxisAngleWithNull" time="0.001" classname="org.j3d.maths.vector.Matrix4dTest"/>
  <testcase name="testSetAxisAngleZeroLength" time="0.001" classname="org.j3d.maths.vector.Matrix4dTest"/>
  <testcase name="testSetIdentity" time="0.0" classname="org.j3d.maths.vector.Matrix4dTest"/>
  <testcase name="testSetMatrixWithNull" time="0.001" classname="org.j3d.maths.vector.Matrix4dTest"/>
  <testcase name="testSetVector3" time="0.0" classname="org.j3d.maths.vector.Matrix4dTest"/>
  <testcase name="testSetVector3WithNull" time="0.0" classname="org.j3d.maths.vector.Matrix4dTest"/>
  <testcase name="testSetVector4" time="0.001" classname="org.j3d.maths.vector.Matrix4dTest"/>
  <testcase name="testSetVector4WithNull" time="0.0" classname="org.j3d.maths.vector.Matrix4dTest"/>
  <testcase name="testTransformPoint3V1Null" time="0.004" classname="org.j3d.maths.vector.Matrix4dTest"/>
  <testcase name="testTransformPoint4V2Null" time="0.001" classname="org.j3d.maths.vector.Matrix4dTest"/>
  <testcase name="testTransformVectorV1Null" time="0.0" classname="org.j3d.maths.vector.Matrix4dTest"/>
  <testcase name="testTransformVectorV2Null" time="0.0" classname="org.j3d.maths.vector.Matrix4dTest"/>
  <testcase name="testTranspose" time="0.0" classname="org.j3d.maths.vector.Matrix4dTest"/>
  <testcase name="testTransposeNull" time="0.0" classname="org.j3d.maths.vector.Matrix4dTest"/>
  <testcase name="testTransposeSelf" time="0.0" classname="org.j3d.maths.vector.Matrix4dTest"/>
  <testcase name="testTransformPoint4V1Null" time="0.0" classname="org.j3d.maths.vector.Matrix4dTest"/>
  <testcase name="testTransformPoint3V2Null" time="0.001" classname="org.j3d.maths.vector.Matrix4dTest"/>
  <testcase name="testBasicConstruction" time="0.0" classname="org.j3d.maths.vector.Point2dTest"/>
  <testcase name="testDistance" time="0.001" classname="org.j3d.maths.vector.Point2dTest"/>
  <testcase name="testEquals" time="0.0" classname="org.j3d.maths.vector.Point2dTest"/>
  <testcase name="testEquals" time="0.0" classname="org.j3d.maths.vector.Point2dTest"/>
  <testcase name="testEquals" time="0.0" classname="org.j3d.maths.vector.Point2dTest"/>
  <testcase name="testEquals" time="0.0" classname="org.j3d.maths.vector.Point2dTest"/>
  <testcase name="testEquals" time="0.0" classname="org.j3d.maths.vector.Point2dTest"/>
  <testcase name="testHashCode" time="0.0" classname="org.j3d.maths.vector.Point2dTest"/>
  <testcase name="testNotEqualsToOther" time="0.0" classname="org.j3d.maths.vector.Point2dTest"/>
  <testcase name="testSet" time="0.0" classname="org.j3d.maths.vector.Point2dTest"/>
  <testcase name="testBasicConstruction" time="0.0" classname="org.j3d.maths.vector.Point3dTest"/>
  <testcase name="testDistance" time="0.0" classname="org.j3d.maths.vector.Point3dTest"/>
  <testcase name="testEquals" time="0.0" classname="org.j3d.maths.vector.Point3dTest"/>
  <testcase name="testEquals" time="0.0" classname="org.j3d.maths.vector.Point3dTest"/>
  <testcase name="testEquals" time="0.0" classname="org.j3d.maths.vector.Point3dTest"/>
  <testcase name="testEquals" time="0.0" classname="org.j3d.maths.vector.Point3dTest"/>
  <testcase name="testEquals" time="0.0" classname="org.j3d.maths.vector.Point3dTest"/>
  <testcase name="testHashCode" time="0.0" classname="org.j3d.maths.vector.Point3dTest"/>
  <testcase name="testNotEqualsToOther" time="0.0" classname="org.j3d.maths.vector.Point3dTest"/>
  <testcase name="testSet" time="0.0" classname="org.j3d.maths.vector.Point3dTest"/>
  <testcase name="testClamping" time="0.001" classname="org.j3d.util.interpolator.PositionInterpolatorTest"/>
  <testcase name="testCreateFloat" time="0.0" classname="org.j3d.util.interpolator.PositionInterpolatorTest"/>
  <testcase name="testCreatePoint" time="0.001" classname="org.j3d.util.interpolator.PositionInterpolatorTest"/>
  <testcase name="testKeyGenFloat" time="0.0" classname="org.j3d.util.interpolator.PositionInterpolatorTest"/>
  <testcase name="testKeyGenPoint" time="0.0" classname="org.j3d.util.interpolator.PositionInterpolatorTest"/>
  <testcase name="testValueInsertFloat" time="0.0" classname="org.j3d.util.interpolator.PositionInterpolatorTest"/>
  <testcase name="testValueInsertPoint" time="0.0" classname="org.j3d.util.interpolator.PositionInterpolatorTest"/>
  <testcase name="testBasicConstruction" time="0.0" classname="org.j3d.maths.vector.Quat4dTest"/>
  <testcase name="testEquals" time="0.0" classname="org.j3d.maths.vector.Quat4dTest"/>
  <testcase name="testEquals" time="0.0" classname="org.j3d.maths.vector.Quat4dTest"/>
  <testcase name="testEquals" time="0.0" classname="org.j3d.maths.vector.Quat4dTest"/>
  <testcase name="testEquals" time="0.0" classname="org.j3d.maths.vector.Quat4dTest"/>
  <testcase name="testEquals" time="0.0" classname="org.j3d.maths.vector.Quat4dTest"/>
  <testcase name="testHashCode" time="0.0" classname="org.j3d.maths.vector.Quat4dTest"/>
  <testcase name="testInterpolate" time="0.0" classname="org.j3d.maths.vector.Quat4dTest"/>
  <testcase name="testInterpolateQ1Null" time="0.0" classname="org.j3d.maths.vector.Quat4dTest"/>
  <testcase name="testInterpolateQ2Null" time="0.0" classname="org.j3d.maths.vector.Quat4dTest"/>
  <testcase name="testNegate" time="0.0" classname="org.j3d.maths.vector.Quat4dTest"/>
  <testcase name="testNormalise" time="0.0" classname="org.j3d.maths.vector.Quat4dTest"/>
  <testcase name="testNormaliseZeroLength" time="0.0" classname="org.j3d.maths.vector.Quat4dTest"/>
  <testcase name="testNotEqualsToOther" time="0.0" classname="org.j3d.maths.vector.Quat4dTest"/>
  <testcase name="testSet" time="0.0" classname="org.j3d.maths.vector.Quat4dTest"/>
  <testcase name="testClamping" time="0.0" classname="org.j3d.util.interpolator.ScalarInterpolatorTest"/>
  <testcase name="testCreate" time="0.001" classname="org.j3d.util.interpolator.ScalarInterpolatorTest"/>
  <testcase name="testKeyGenLinear" time="0.0" classname="org.j3d.util.interpolator.ScalarInterpolatorTest"/>
  <testcase name="testKeyGenStep" time="0.0" classname="org.j3d.util.interpolator.ScalarInterpolatorTest"/>
  <testcase name="testValueInsert" time="0.0" classname="org.j3d.util.interpolator.ScalarInterpolatorTest"/>
  <testcase name="testBasicConstruction" time="0.001" classname="org.j3d.maths.vector.SingularValueDecompositionTest"/>
  <testcase name="testIdentityDecomposition" time="0.0" classname="org.j3d.maths.vector.SingularValueDecompositionTest"/>
  <testcase name="testRotationOnlyDecomposition" time="0.0" classname="org.j3d.maths.vector.SingularValueDecompositionTest"/>
  <testcase name="testScaleOnlyDecomposition" time="0.0" classname="org.j3d.maths.vector.SingularValueDecompositionTest"/>
  <testcase name="testScaleRotateDecomposition" time="0.001" classname="org.j3d.maths.vector.SingularValueDecompositionTest"/>
  <testcase name="testAddVectorV1Null" time="0.0" classname="org.j3d.maths.vector.Vector3dTest"/>
  <testcase name="testAddVectorWithSelf" time="0.0" classname="org.j3d.maths.vector.Vector3dTest"/>
  <testcase name="testAddVectorWithSelf" time="0.0" classname="org.j3d.maths.vector.Vector3dTest"/>
  <testcase name="testAddVectorWithSelf" time="0.0" classname="org.j3d.maths.vector.Vector3dTest"/>
  <testcase name="testAddVectorWithSelf" time="0.001" classname="org.j3d.maths.vector.Vector3dTest"/>
  <testcase name="testAddVectorWithSelf" time="0.0" classname="org.j3d.maths.vector.Vector3dTest"/>
  <testcase name="testAddVectorWithSelf" time="0.0" classname="org.j3d.maths.vector.Vector3dTest"/>
  <testcase name="testAddVectorWithSelf" time="0.0" classname="org.j3d.maths.vector.Vector3dTest"/>
  <testcase name="testAddVectorWithSelf" time="0.0" classname="org.j3d.maths.vector.Vector3dTest"/>
  <testcase name="testAddVectorWithSelf" time="0.0" classname="org.j3d.maths.vector.Vector3dTest"/>
  <testcase name="testDotNull" time="0.0" classname="org.j3d.maths.vector.Vector3dTest"/>
  <testcase name="testSubPointV1Null" time="0.0" classname="org.j3d.maths.vector.Vector3dTest"/>
  <testcase name="testSubVector" time="0.0" classname="org.j3d.maths.vector.Vector3dTest"/>
  <testcase name="testSubVector" time="0.0" classname="org.j3d.maths.vector.Vector3dTest"/>
  <testcase name="testSubVector" time="0.001" classname="org.j3d.maths.vector.Vector3dTest"/>
  <testcase name="testSubVector" time="0.0" classname="org.j3d.maths.vector.Vector3dTest"/>
  <testcase name="testSubVector" time="0.0" classname="org.j3d.maths.vector.Vector3dTest"/>
  <testcase name="testSubVector" time="0.0" classname="org.j3d.maths.vector.Vector3dTest"/>
  <testcase name="testSubVector" time="0.0" classname="org.j3d.maths.vector.Vector3dTest"/>
  <testcase name="testSubVector" time="0.0" classname="org.j3d.maths.vector.Vector3dTest"/>
  <testcase name="testSubVector" time="0.001" classname="org.j3d.maths.vector.Vector3dTest"/>
  <testcase name="testAddVector" time="0.0" classname="org.j3d.maths.vector.Vector3dTest"/>
  <testcase name="testAddVector" time="0.0" classname="org.j3d.maths.vector.Vector3dTest"/>
  <testcase name="testAddVector" time="0.0" classname="org.j3d.maths.vector.Vector3dTest"/>
  <testcase name="testAddVector" time="0.0" classname="org.j3d.maths.vector.Vector3dTest"/>
  <testcase name="testAddVector" time="0.001" classname="org.j3d.maths.vector.Vector3dTest"/>
  <testcase name="testAddVector" time="0.0" classname="org.j3d.maths.vector.Vector3dTest"/>
  <testcase name="testAddVector" time="0.0" classname="org.j3d.maths.vector.Vector3dTest"/>
  <testcase name="testAddVector" time="0.0" classname="org.j3d.maths.vector.Vector3dTest"/>
  <testcase name="testAddVector" time="0.0" classname="org.j3d.maths.vector.Vector3dTest"/>
  <testcase name="testSubPoint" time="0.001" classname="org.j3d.maths.vector.Vector3dTest"/>
  <testcase name="testSubPoint" time="0.0" classname="org.j3d.maths.vector.Vector3dTest"/>
  <testcase name="testSubPoint" time="0.0" classname="org.j3d.maths.vector.Vector3dTest"/>
  <testcase name="testSubPoint" time="0.0" classname="org.j3d.maths.vector.Vector3dTest"/>
  <testcase name="testSubPoint" time="0.0" classname="org.j3d.maths.vector.Vector3dTest"/>
  <testcase name="testSubPoint" time="0.0" classname="org.j3d.maths.vector.Vector3dTest"/>
  <testcase name="testSubPoint" time="0.0" classname="org.j3d.maths.vector.Vector3dTest"/>
  <testcase name="testSubPoint" time="0.0" classname="org.j3d.maths.vector.Vector3dTest"/>
  <testcase name="testSubPoint" time="0.0" classname="org.j3d.maths.vector.Vector3dTest"/>
  <testcase name="testSet" time="0.0" classname="org.j3d.maths.vector.Vector3dTest"/>
  <testcase name="testNormaliseZeroLength" time="0.0" classname="org.j3d.maths.vector.Vector3dTest"/>
  <testcase name="testAddPointV2Null" time="0.0" classname="org.j3d.maths.vector.Vector3dTest"/>
  <testcase name="testCrossV1Null" time="0.0" classname="org.j3d.maths.vector.Vector3dTest"/>
  <testcase name="testBasicConstruction" time="0.0" classname="org.j3d.maths.vector.Vector3dTest"/>
  <testcase name="testAddPoint" time="0.0" classname="org.j3d.maths.vector.Vector3dTest"/>
  <testcase name="testAddPoint" time="0.0" classname="org.j3d.maths.vector.Vector3dTest"/>
  <testcase name="testAddPoint" time="0.0" classname="org.j3d.maths.vector.Vector3dTest"/>
  <testcase name="testAddPoint" time="0.0" classname="org.j3d.maths.vector.Vector3dTest"/>
  <testcase name="testAddPoint" time="0.0" classname="org.j3d.maths.vector.Vector3dTest"/>
  <testcase name="testAddPoint" time="0.0" classname="org.j3d.maths.vector.Vector3dTest"/>
  <testcase name="testAddPoint" time="0.0" classname="org.j3d.maths.vector.Vector3dTest"/>
  <testcase name="testAddPoint" time="0.0" classname="org.j3d.maths.vector.Vector3dTest"/>
  <testcase name="testAddPoint" time="0.0" classname="org.j3d.maths.vector.Vector3dTest"/>
  <testcase name="testNormalise" time="0.0" classname="org.j3d.maths.vector.Vector3dTest"/>
  <testcase name="testDot" time="0.0" classname="org.j3d.maths.vector.Vector3dTest"/>
  <testcase name="testDot" time="0.0" classname="org.j3d.maths.vector.Vector3dTest"/>
  <testcase name="testDot" time="0.0" classname="org.j3d.maths.vector.Vector3dTest"/>
  <testcase name="testNotEqualsToOther" time="0.0" classname="org.j3d.maths.vector.Vector3dTest"/>
  <testcase name="testScale" time="0.0" classname="org.j3d.maths.vector.Vector3dTest"/>
  <testcase name="testSubVectorV2Null" time="0.001" classname="org.j3d.maths.vector.Vector3dTest"/>
  <testcase name="testLength" time="0.0" classname="org.j3d.maths.vector.Vector3dTest"/>
  <testcase name="testHashCode" time="0.0" classname="org.j3d.maths.vector.Vector3dTest"/>
  <testcase name="testEquals" time="0.0" classname="org.j3d.maths.vector.Vector3dTest"/>
  <testcase name="testEquals" time="0.001" classname="org.j3d.maths.vector.Vector3dTest"/>
  <testcase name="testEquals" time="0.0" classname="org.j3d.maths.vector.Vector3dTest"/>
  <testcase name="testEquals" time="0.0" classname="org.j3d.maths.vector.Vector3dTest"/>
  <testcase name="testEquals" time="0.0" classname="org.j3d.maths.vector.Vector3dTest"/>
  <testcase name="testAddVectorV2Null" time="0.0" classname="org.j3d.maths.vector.Vector3dTest"/>
  <testcase name="testCrossV2Null" time="0.0" classname="org.j3d.maths.vector.Vector3dTest"/>
  <testcase name="testSubPointV2Null" time="0.0" classname="org.j3d.maths.vector.Vector3dTest"/>
  <testcase name="testSubVectorV1Null" time="0.001" classname="org.j3d.maths.vector.Vector3dTest"/>
  <testcase name="testAddPointV1Null" time="0.0" classname="org.j3d.maths.vector.Vector3dTest"/>
  <testcase name="testCrossProduct" time="0.0" classname="org.j3d.maths.vector.Vector3dTest"/>
  <testcase name="testCrossProduct" time="0.0" classname="org.j3d.maths.vector.Vector3dTest"/>
  <testcase name="testCrossProduct" time="0.0" classname="org.j3d.maths.vector.Vector3dTest"/>
  <testcase name="testCrossProduct" time="0.001" classname="org.j3d.maths.vector.Vector3dTest"/>
  <testcase name="testCrossProduct" time="0.0" classname="org.j3d.maths.vector.Vector3dTest"/>
  <testcase name="testCrossProduct" time="0.0" classname="org.j3d.maths.vector.Vector3dTest"/>
  <testcase name="testDot" time="0.0" classname="org.j3d.maths.vector.Vector4dTest"/>
  <testcase name="testDot" time="0.0" classname="org.j3d.maths.vector.Vector4dTest"/>
  <testcase name="testDot" time="0.0" classname="org.j3d.maths.vector.Vector4dTest"/>
  <testcase name="testDotNull" time="0.0" classname="org.j3d.maths.vector.Vector4dTest"/>
  <testcase name="testNormalise" time="0.0" classname="org.j3d.maths.vector.Vector4dTest"/>
  <testcase name="testHashCode" time="0.0" classname="org.j3d.maths.vector.Vector4dTest"/>
  <testcase name="testSet" time="0.0" classname="org.j3d.maths.vector.Vector4dTest"/>
  <testcase name="testBasicConstruction" time="0.0" classname="org.j3d.maths.vector.Vector4dTest"/>
  <testcase name="testNormaliseZeroLength" time="0.0" classname="org.j3d.maths.vector.Vector4dTest"/>
  <testcase name="testNotEqualsToOther" time="0.0" classname="org.j3d.maths.vector.Vector4dTest"/>
  <testcase name="testEquals" time="0.0" classname="org.j3d.maths.vector.Vector4dTest"/>
  <testcase name="testEquals" time="0.0" classname="org.j3d.maths.vector.Vector4dTest"/>
  <testcase name="testEquals" time="0.0" classname="org.j3d.maths.vector.Vector4dTest"/>
  <testcase name="testEquals" time="0.0" classname="org.j3d.maths.vector.Vector4dTest"/>
  <testcase name="testEquals" time="0.0" classname="org.j3d.maths.vector.Vector4dTest"/>
  <testcase name="testSVDDecomposition" time="0.001" classname="org.j3d.util.MatrixUtilsTest"/>
  <testcase name="testInverse" time="0.0" classname="org.j3d.util.MatrixUtilsTest"/>
  <testcase name="testGetUniformScale" time="0.0" classname="org.j3d.util.MatrixUtilsTest"/>
  <testcase name="testUniformScaleIdentityMatrix" time="0.0" classname="org.j3d.util.MatrixUtilsTest"/>
  <testcase name="testSet" time="0.0" classname="org.j3d.maths.vector.Point4dTest"/>
  <testcase name="testEquals" time="0.0" classname="org.j3d.maths.vector.Point4dTest"/>
  <testcase name="testEquals" time="0.0" classname="org.j3d.maths.vector.Point4dTest"/>
  <testcase name="testEquals" time="0.0" classname="org.j3d.maths.vector.Point4dTest"/>
  <testcase name="testEquals" time="0.0" classname="org.j3d.maths.vector.Point4dTest"/>
  <testcase name="testEquals" time="0.0" classname="org.j3d.maths.vector.Point4dTest"/>
  <testcase name="testNotEqualsToOther" time="0.0" classname="org.j3d.maths.vector.Point4dTest"/>
  <testcase name="testHashCode" time="0.0" classname="org.j3d.maths.vector.Point4dTest"/>
  <testcase name="testBasicConstruction" time="0.0" classname="org.j3d.maths.vector.Point4dTest"/>
  <testcase name="testNotEqualsToOther" time="0.0" classname="org.j3d.maths.vector.AxisAngle4dTest"/>
  <testcase name="testNormalise" time="0.0" classname="org.j3d.maths.vector.AxisAngle4dTest"/>
  <testcase name="testNormaliseZeroLength" time="0.001" classname="org.j3d.maths.vector.AxisAngle4dTest"/>
  <testcase name="testEquals" time="0.0" classname="org.j3d.maths.vector.AxisAngle4dTest"/>
  <testcase name="testEquals" time="0.0" classname="org.j3d.maths.vector.AxisAngle4dTest"/>
  <testcase name="testEquals" time="0.0" classname="org.j3d.maths.vector.AxisAngle4dTest"/>
  <testcase name="testEquals" time="0.0" classname="org.j3d.maths.vector.AxisAngle4dTest"/>
  <testcase name="testEquals" time="0.0" classname="org.j3d.maths.vector.AxisAngle4dTest"/>
  <testcase name="testHashCode" time="0.0" classname="org.j3d.maths.vector.AxisAngle4dTest"/>
  <testcase name="testBasicConstruction" time="0.001" classname="org.j3d.maths.vector.AxisAngle4dTest"/>
  <testcase name="testSet" time="0.0" classname="org.j3d.maths.vector.AxisAngle4dTest"/>
  <testcase name="testClearSettings" time="0.002" classname="org.j3d.util.I18nManagerTest"/>
  <testcase name="testSetCountry" time="0.0" classname="org.j3d.util.I18nManagerTest"/>
  <testcase name="testMul" time="0.0" classname="org.j3d.maths.vector.Matrix4dTest"/>
  <testcase name="testMulIdentity" time="0.0" classname="org.j3d.maths.vector.Matrix4dTest"/>
  <testcase name="testMulWithSelf" time="0.001" classname="org.j3d.maths.vector.Matrix4dTest"/>
  <testcase name="testSetScale" time="0.0" classname="org.j3d.maths.vector.Matrix4dTest"/>
  <testcase name="testTransformPoint3IdentityMatrix" time="0.0" classname="org.j3d.maths.vector.Matrix4dTest"/>
  <testcase name="testTransformPoint4IdentityMatrix" time="0.0" classname="org.j3d.maths.vector.Matrix4dTest"/>
  <testcase name="testTransformVector3IdentityMatrix" time="0.0" classname="org.j3d.maths.vector.Matrix4dTest"/>
  <testcase name="testTransformVectorDirection" time="0.0" classname="org.j3d.maths.vector.Matrix4dTest"/>
  <testcase name="testTransformVectorIdentityMatrix" time="0.0" classname="org.j3d.maths.vector.Matrix4dTest"/>
  <testcase name="testTransformVectorNormal" time="0.0" classname="org.j3d.maths.vector.Matrix4dTest"/>
  <testcase name="testGenerateFlags" time="0.001" classname="org.j3d.maths.vector.SingularValueDecompositionTest"/>
  <testcase name="testChangeLocale" time="0.001" classname="org.j3d.util.I18nManagerTest"/>
</testsuite> <!-- Command line test -->
